
Cleaning!
mkdir -p ./bin
rm -rf  ./bin/atm_ima_ufe.o ./bin/atm_ima_ufe

mipsisa32r2-timesys-linux-uclibc-gcc
Compiling the test!
mipsisa32r2-timesys-linux-uclibc-gcc -c -O2 -Werror -pedantic  -std=c99  -G 0 -mips2 -msoft-float -mno-memcpy -fomit-frame-pointer -pipe -Wall -Wstrict-prototypes -D__NO_STRING_INLINES -Dlinux -DDBG_TRACE -DDBG_TRACE_MSG=app_printf -DUSE_LINUX_SEMAPHORE=0 -DWT_LOG_PRINTF -DWT_DEBUG_LEVEL=1 -DWEB -DWDDI_TEST=atm_ima_ufe.c -DWP_HW_WINPATH3 -DWP_BOARD_WDS3 -DWP_HW_WINPATH3   -D__WT_UFE4__ -DWUFE_UFE4 -D__WT_UFE412__ -DWUFE_UFE4 -DWT_UFE_FRAMER -I. -I../../../wddi/sources/api -I../../../wddi/sources/veneer -I../../../wddi/board/wds_winpath3 -I../../../wddi/sources/winutil/include/ -I../../../wddi/board/wds_winpath3/.. -I../../../wddi/phy -I../../../wddi/sources -I../../../wddi/sources/include -I../../../platform/mips_linux_winpath3/include -I../../../include -I../../../platform/include -I../../../wddi/tests/common -I../../../wddi/sources/api -I../../../wddi/phy  -I../../../wddi/phy/wpx_ufe/api -I../../../wddi/phy/wpx_ufe/fpga/ufe4 -I../../../wddi/phy/wpx_ufe/wpx_frmr/flexmux -I../../../wddi/phy/wpx_ufe/wpx_frmr -I../../../wddi/phy/wpx_ufe/wpx_frmr/device_driver -I../../../wddi/phy/wpx_ufe/wpx_frmr/device_driver/common/inc -I../../../wddi/phy/wpx_ufe/wpx_frmr/device_driver/library/00_api_layer/inc -I../../../wddi/phy/wpx_ufe/wpx_frmr/device_driver/library/04_low_level_comms_layer/inc -o ./bin/atm_ima_ufe.o ./atm_ima_ufe.c
./atm_ima_ufe.c:87:29: error: wti_ufe_utility.h: No such file or directory
./atm_ima_ufe.c:94:30: error: wti_flexmux_util.c: No such file or directory
./atm_ima_ufe.c:97:29: error: wti_ufe_utility.c: No such file or directory
./atm_ima_ufe.c: In function 'App_ufeSystem':
./atm_ima_ufe.c:576: error: 'WTI_Flexmux_global_setup' undeclared (first use in this function)
./atm_ima_ufe.c:576: error: (Each undeclared identifier is reported only once
./atm_ima_ufe.c:576: error: for each function it appears in.)
./atm_ima_ufe.c:576: error: expected ';' before 'flex_global_params'
./atm_ima_ufe.c:581: error: 'WTI_flexmux_connection_type' undeclared (first use in this function)
./atm_ima_ufe.c:581: error: expected ';' before 'conn_type'
./atm_ima_ufe.c:607: error: 'WT_Eint3Interrupt' undeclared (first use in this function)
cc1: warnings being treated as errors
./atm_ima_ufe.c:663: error: implicit declaration of function 'WTI_FlexmuxInit'
./atm_ima_ufe.c:663: error: 'WT_FLEXMUX_UFE_412_1_PORT_OC12' undeclared (first use in this function)
./atm_ima_ufe.c:663: error: 'WPX_UFE_FRAMER_DEVICE_MODE_SDH' undeclared (first use in this function)
./atm_ima_ufe.c:663: error: 'WPX_UFE_FRAMER_WUFE_SDH_TYPE_VC4' undeclared (first use in this function)
./atm_ima_ufe.c:664: error: 'flex_global_params' undeclared (first use in this function)
./atm_ima_ufe.c:696: error: implicit declaration of function 'WTI_FlexmuxLinePortIndexGet'
./atm_ima_ufe.c:709: error: 'conn_type' undeclared (first use in this function)
./atm_ima_ufe.c:709: error: 'WT_FLEXMUX_CONNECTION_TYPE_T1_FRAMED' undeclared (first use in this function)
./atm_ima_ufe.c:711: error: 'WT_FLEXMUX_CONNECTION_TYPE_E1_FRAMED' undeclared (first use in this function)
./atm_ima_ufe.c:714: error: implicit declaration of function 'WTI_FlexmuxConnectionCreate'
make: *** [bin/atm_ima_ufe.o] Error 1
