
Cleaning!
mkdir -p ./bin
rm -rf  ./bin/gige_loopback.o ./bin/gige_loopback.exe

mips-sde-elf-gcc
Compiling the test!
mips-sde-elf-gcc -c -mips32 -G 0 -nostdinc -std=c99 -fno-builtin -fno-inline-functions -fsigned-char -fno-pic -msoft-float -Wall -Wpointer-arith -Wstrict-prototypes -Wformat -Wno-main  -Werror -pedantic -Wdeclaration-after-statement -O2 -Wno-declaration-after-statement -Wno-shadow -Wno-type-limits -Wno-sign-compare -Wno-cast-qual -Wno-empty-body -Wno-missing-field-initializers -Wno-unused-parameter -Wno-extra -DWT_LOG_PRINTF -DWT_DEBUG_LEVEL=1 -DWEB -DWDDI_TEST=gige_loopback.c -DWP_HW_WINPATH3 -DWP_BOARD_WDS3 -DWP_HW_WINPATH3  -D__WT_UFE4__ -DWUFE_UFE4 -D__WT_UFE412__ -DWUFE_UFE4 -DWT_UFE_FRAMER -I. -I../../../wddi/sources/api -I../../../wddi/sources/veneer -I../../../wddi/board/wds_winpath3 -I../../../wddi/board/wds_common -I../../../wddi/sources/winutil/include/ -I../../../wddi/board/wds_winpath3/.. -I../../../wddi/phy -I../../../wddi/sources -I../../../wddi/sources/include -I../../../platform/mips_winmon_winpath3/include -I../../../include -I../../../platform/include -I../../../wddi/tests/common -I../../../wddi/sources/api -I../../../wddi/phy -I../../../ufe/wpx_frmr/flexmux/ -I../../../ufe/wpx_frmr/common/inc/ -I../../../wddi/sources/winutil/api/include/winpath3/ -I../../../wddi/sources/winutil/api/include/ -I../../../ufe/api -I../../../ufe/fpga/ufe4 -I../../../ufe/wpx_frmr/device_driver -I../../../ufe/wpx_frmr/device_driver/library/00_api_layer/inc -I../../../ufe/wpx_frmr/device_driver/library/04_low_level_comms_layer/inc -I../../../ufe/wpx_frmr/device_driver/common/inc -o ./bin/gige_loopback.o ./gige_loopback.c
In file included from ./gige_loopback.c:99:
./wt_debug_menu.c:39: note: #pragma message: Compiling for Winpath3
In file included from ./gige_loopback.c:99:
./wt_debug_menu.c: In function 'CLI_DebugAreDumpFull':
./wt_debug_menu.c:2461: error: 'WPL_DebugAreaCallback' undeclared (first use in this function)
./wt_debug_menu.c:2461: error: (Each undeclared identifier is reported only once
./wt_debug_menu.c:2461: error: for each function it appears in.)
cc1: warnings being treated as errors
./wt_debug_menu.c: At top level:
./wt_debug_menu.c:2533: error: ISO C forbids initialization between function pointer and 'void *'
./wt_debug_menu.c:2534: error: ISO C forbids initialization between function pointer and 'void *'
./wt_debug_menu.c:2535: error: ISO C forbids initialization between function pointer and 'void *'
./wt_debug_menu.c:2541: error: ISO C forbids initialization between function pointer and 'void *'
./wt_debug_menu.c:2544: error: ISO C forbids initialization between function pointer and 'void *'
./wt_debug_menu.c:2547: error: ISO C forbids initialization between function pointer and 'void *'
./wt_debug_menu.c:2548: error: ISO C forbids initialization between function pointer and 'void *'
./wt_debug_menu.c:2549: error: ISO C forbids initialization between function pointer and 'void *'
./wt_debug_menu.c:2550: error: ISO C forbids initialization between function pointer and 'void *'
./wt_debug_menu.c:2560: error: ISO C forbids initialization between function pointer and 'void *'
./wt_debug_menu.c:2562: error: ISO C forbids initialization between function pointer and 'void *'
./wt_debug_menu.c:2563: error: ISO C forbids initialization between function pointer and 'void *'
./wt_debug_menu.c:2564: error: ISO C forbids initialization between function pointer and 'void *'
./wt_debug_menu.c:2567: error: ISO C forbids initialization between function pointer and 'void *'
./wt_debug_menu.c:2574: error: ISO C forbids initialization between function pointer and 'void *'
./wt_debug_menu.c:2576: error: ISO C forbids initialization between function pointer and 'void *'
./wt_debug_menu.c:2578: error: ISO C forbids initialization between function pointer and 'void *'
./wt_debug_menu.c:2580: error: ISO C forbids initialization between function pointer and 'void *'
./wt_debug_menu.c:2586: error: ISO C forbids initialization between function pointer and 'void *'
./wt_debug_menu.c:2588: error: ISO C forbids initialization between function pointer and 'void *'
./wt_debug_menu.c:2590: error: ISO C forbids initialization between function pointer and 'void *'
./wt_debug_menu.c:2592: error: ISO C forbids initialization between function pointer and 'void *'
./wt_debug_menu.c:2594: error: ISO C forbids initialization between function pointer and 'void *'
./wt_debug_menu.c:2596: error: ISO C forbids initialization between function pointer and 'void *'
./wt_debug_menu.c:2597: error: ISO C forbids initialization between function pointer and 'void *'
./wt_debug_menu.c:2602: error: ISO C forbids initialization between function pointer and 'void *'
./wt_debug_menu.c:2603: error: ISO C forbids initialization between function pointer and 'void *'
./wt_debug_menu.c:2604: error: ISO C forbids initialization between function pointer and 'void *'
./wt_debug_menu.c:2611: error: ISO C forbids initialization between function pointer and 'void *'
./wt_debug_menu.c:2613: error: ISO C forbids initialization between function pointer and 'void *'
./wt_debug_menu.c:2617: error: ISO C forbids initialization between function pointer and 'void *'
./wt_debug_menu.c:2618: error: ISO C forbids initialization between function pointer and 'void *'
./wt_debug_menu.c:2620: error: ISO C forbids initialization between function pointer and 'void *'
./wt_debug_menu.c:2622: error: ISO C forbids initialization between function pointer and 'void *'
./wt_debug_menu.c:2623: error: ISO C forbids initialization between function pointer and 'void *'
./wt_debug_menu.c:2628: error: ISO C forbids initialization between function pointer and 'void *'
./wt_debug_menu.c:2629: error: ISO C forbids initialization between function pointer and 'void *'
./wt_debug_menu.c:2630: error: ISO C forbids initialization between function pointer and 'void *'
./wt_debug_menu.c:2631: error: ISO C forbids initialization between function pointer and 'void *'
./wt_debug_menu.c:2632: error: ISO C forbids initialization between function pointer and 'void *'
./wt_debug_menu.c:2633: error: ISO C forbids initialization between function pointer and 'void *'
./wt_debug_menu.c:2634: error: ISO C forbids initialization between function pointer and 'void *'
./wt_debug_menu.c:2635: error: ISO C forbids initialization between function pointer and 'void *'
./wt_debug_menu.c:2637: error: ISO C forbids initialization between function pointer and 'void *'
./wt_debug_menu.c:2638: error: ISO C forbids initialization between function pointer and 'void *'
./wt_debug_menu.c:2644: error: ISO C forbids initialization between function pointer and 'void *'
./wt_debug_menu.c:2646: error: ISO C forbids initialization between function pointer and 'void *'
./wt_debug_menu.c:2648: error: ISO C forbids initialization between function pointer and 'void *'
./wt_debug_menu.c:2650: error: ISO C forbids initialization between function pointer and 'void *'
./wt_debug_menu.c:2651: error: ISO C forbids initialization between function pointer and 'void *'
./wt_debug_menu.c:2657: error: ISO C forbids initialization between function pointer and 'void *'
./wt_debug_menu.c:2660: error: ISO C forbids initialization between function pointer and 'void *'
./wt_debug_menu.c:2662: error: ISO C forbids initialization between function pointer and 'void *'
./wt_debug_menu.c:2664: error: ISO C forbids initialization between function pointer and 'void *'
./wt_debug_menu.c:2666: error: ISO C forbids initialization between function pointer and 'void *'
./wt_debug_menu.c:2671: error: ISO C forbids initialization between function pointer and 'void *'
./wt_debug_menu.c:2676: error: ISO C forbids initialization between function pointer and 'void *'
./wt_debug_menu.c:2678: error: ISO C forbids initialization between function pointer and 'void *'
./wt_debug_menu.c:2680: error: ISO C forbids initialization between function pointer and 'void *'
./wt_debug_menu.c:2683: error: ISO C forbids initialization between function pointer and 'void *'
./wt_debug_menu.c:2686: error: ISO C forbids initialization between function pointer and 'void *'
./wt_debug_menu.c:2688: error: ISO C forbids initialization between function pointer and 'void *'
./wt_debug_menu.c:2690: error: ISO C forbids initialization between function pointer and 'void *'
./wt_debug_menu.c:2692: error: ISO C forbids initialization between function pointer and 'void *'
./wt_debug_menu.c:2694: error: ISO C forbids initialization between function pointer and 'void *'
./wt_debug_menu.c:2696: error: ISO C forbids initialization between function pointer and 'void *'
./wt_debug_menu.c:2698: error: ISO C forbids initialization between function pointer and 'void *'
./wt_debug_menu.c:2700: error: ISO C forbids initialization between function pointer and 'void *'
./wt_debug_menu.c:2702: error: ISO C forbids initialization between function pointer and 'void *'
./wt_debug_menu.c:2704: error: ISO C forbids initialization between function pointer and 'void *'
./wt_debug_menu.c:2706: error: ISO C forbids initialization between function pointer and 'void *'
./wt_debug_menu.c:2708: error: ISO C forbids initialization between function pointer and 'void *'
./wt_debug_menu.c:2710: error: ISO C forbids initialization between function pointer and 'void *'
./wt_debug_menu.c:2712: error: ISO C forbids initialization between function pointer and 'void *'
./wt_debug_menu.c:2714: error: ISO C forbids initialization between function pointer and 'void *'
./wt_debug_menu.c:2716: error: ISO C forbids initialization between function pointer and 'void *'
./wt_debug_menu.c:2719: error: ISO C forbids initialization between function pointer and 'void *'
./wt_debug_menu.c:2722: error: ISO C forbids initialization between function pointer and 'void *'
./wt_debug_menu.c:2724: error: ISO C forbids initialization between function pointer and 'void *'
./wt_debug_menu.c:2729: error: ISO C forbids initialization between function pointer and 'void *'
./wt_debug_menu.c:2736: error: ISO C forbids initialization between function pointer and 'void *'
./wt_debug_menu.c:2738: error: ISO C forbids initialization between function pointer and 'void *'
./wt_debug_menu.c:2740: error: ISO C forbids initialization between function pointer and 'void *'
./wt_debug_menu.c:2743: error: ISO C forbids initialization between function pointer and 'void *'
./wt_debug_menu.c:2745: error: ISO C forbids initialization between function pointer and 'void *'
./wt_debug_menu.c:2746: error: ISO C forbids initialization between function pointer and 'void *'
./wt_debug_menu.c:2747: error: ISO C forbids initialization between function pointer and 'void *'
./wt_debug_menu.c:2753: error: ISO C forbids initialization between function pointer and 'void *'
./wt_debug_menu.c:2754: error: ISO C forbids initialization between function pointer and 'void *'
In file included from ./gige_loopback.c:101:
./wt_statistics_functions.c: In function 'WPE_PrintStatHsEnet':
./wt_statistics_functions.c:52: error: ISO C forbids casts to union type
./wt_statistics_functions.c:53: error: ISO C forbids casts to union type
./wt_statistics_functions.c:57: error: ISO C forbids casts to union type
./wt_statistics_functions.c:58: error: ISO C forbids casts to union type
./wt_statistics_functions.c:62: error: ISO C forbids casts to union type
./wt_statistics_functions.c:63: error: ISO C forbids casts to union type
./wt_statistics_functions.c:67: error: ISO C forbids casts to union type
./wt_statistics_functions.c:68: error: ISO C forbids casts to union type
./wt_statistics_functions.c:72: error: ISO C forbids casts to union type
./wt_statistics_functions.c:73: error: ISO C forbids casts to union type
./wt_statistics_functions.c:77: error: ISO C forbids casts to union type
./wt_statistics_functions.c:78: error: ISO C forbids casts to union type
./wt_statistics_functions.c:82: error: ISO C forbids casts to union type
./wt_statistics_functions.c:83: error: ISO C forbids casts to union type
./wt_statistics_functions.c:87: error: ISO C forbids casts to union type
./wt_statistics_functions.c:88: error: ISO C forbids casts to union type
./wt_statistics_functions.c:92: error: ISO C forbids casts to union type
./wt_statistics_functions.c:93: error: ISO C forbids casts to union type
./wt_statistics_functions.c:97: error: ISO C forbids casts to union type
./wt_statistics_functions.c:98: error: ISO C forbids casts to union type
./wt_statistics_functions.c:102: error: ISO C forbids casts to union type
./wt_statistics_functions.c:103: error: ISO C forbids casts to union type
./wt_statistics_functions.c:107: error: ISO C forbids casts to union type
./wt_statistics_functions.c:108: error: ISO C forbids casts to union type
./wt_statistics_functions.c:112: error: ISO C forbids casts to union type
./wt_statistics_functions.c:113: error: ISO C forbids casts to union type
./wt_statistics_functions.c:117: error: ISO C forbids casts to union type
./wt_statistics_functions.c:118: error: ISO C forbids casts to union type
./wt_statistics_functions.c:122: error: ISO C forbids casts to union type
./wt_statistics_functions.c:123: error: ISO C forbids casts to union type
./wt_statistics_functions.c:127: error: ISO C forbids casts to union type
./wt_statistics_functions.c:128: error: ISO C forbids casts to union type
./wt_statistics_functions.c:132: error: ISO C forbids casts to union type
./wt_statistics_functions.c:133: error: ISO C forbids casts to union type
./wt_statistics_functions.c:137: error: ISO C forbids casts to union type
./wt_statistics_functions.c:138: error: ISO C forbids casts to union type
./wt_statistics_functions.c:142: error: ISO C forbids casts to union type
./wt_statistics_functions.c:143: error: ISO C forbids casts to union type
./wt_statistics_functions.c:147: error: ISO C forbids casts to union type
./wt_statistics_functions.c:148: error: ISO C forbids casts to union type
./wt_statistics_functions.c:152: error: ISO C forbids casts to union type
./wt_statistics_functions.c:153: error: ISO C forbids casts to union type
./wt_statistics_functions.c:157: error: ISO C forbids casts to union type
./wt_statistics_functions.c:158: error: ISO C forbids casts to union type
./wt_statistics_functions.c:161: error: ISO C forbids casts to union type
./wt_statistics_functions.c:162: error: ISO C forbids casts to union type
./wt_statistics_functions.c:165: error: ISO C forbids casts to union type
./wt_statistics_functions.c:166: error: ISO C forbids casts to union type
./wt_statistics_functions.c:170: error: ISO C forbids casts to union type
./wt_statistics_functions.c:171: error: ISO C forbids casts to union type
./wt_statistics_functions.c:175: error: ISO C forbids casts to union type
./wt_statistics_functions.c:176: error: ISO C forbids casts to union type
./wt_statistics_functions.c:180: error: ISO C forbids casts to union type
./wt_statistics_functions.c:181: error: ISO C forbids casts to union type
./wt_statistics_functions.c:185: error: ISO C forbids casts to union type
./wt_statistics_functions.c:186: error: ISO C forbids casts to union type
./wt_statistics_functions.c:190: error: ISO C forbids casts to union type
./wt_statistics_functions.c:191: error: ISO C forbids casts to union type
./wt_statistics_functions.c:195: error: ISO C forbids casts to union type
./wt_statistics_functions.c:196: error: ISO C forbids casts to union type
./wt_statistics_functions.c:200: error: ISO C forbids casts to union type
./wt_statistics_functions.c:201: error: ISO C forbids casts to union type
./wt_statistics_functions.c:205: error: ISO C forbids casts to union type
./wt_statistics_functions.c:206: error: ISO C forbids casts to union type
./wt_statistics_functions.c:210: error: ISO C forbids casts to union type
./wt_statistics_functions.c:211: error: ISO C forbids casts to union type
./wt_statistics_functions.c:215: error: ISO C forbids casts to union type
./wt_statistics_functions.c:216: error: ISO C forbids casts to union type
./wt_statistics_functions.c:220: error: ISO C forbids casts to union type
./wt_statistics_functions.c:221: error: ISO C forbids casts to union type
./wt_statistics_functions.c:225: error: ISO C forbids casts to union type
./wt_statistics_functions.c:226: error: ISO C forbids casts to union type
./wt_statistics_functions.c:230: error: ISO C forbids casts to union type
./wt_statistics_functions.c:231: error: ISO C forbids casts to union type
./wt_statistics_functions.c:235: error: ISO C forbids casts to union type
./wt_statistics_functions.c:236: error: ISO C forbids casts to union type
./wt_statistics_functions.c:240: error: ISO C forbids casts to union type
./wt_statistics_functions.c:241: error: ISO C forbids casts to union type
./wt_statistics_functions.c:245: error: ISO C forbids casts to union type
./wt_statistics_functions.c:246: error: ISO C forbids casts to union type
./wt_statistics_functions.c:250: error: ISO C forbids casts to union type
./wt_statistics_functions.c:251: error: ISO C forbids casts to union type
./wt_statistics_functions.c:255: error: ISO C forbids casts to union type
./wt_statistics_functions.c:256: error: ISO C forbids casts to union type
./wt_statistics_functions.c:260: error: ISO C forbids casts to union type
./wt_statistics_functions.c:261: error: ISO C forbids casts to union type
./wt_statistics_functions.c:265: error: ISO C forbids casts to union type
./wt_statistics_functions.c:266: error: ISO C forbids casts to union type
./wt_statistics_functions.c:273: error: ISO C forbids casts to union type
./wt_statistics_functions.c:274: error: ISO C forbids casts to union type
./wt_statistics_functions.c:277: error: ISO C forbids casts to union type
./wt_statistics_functions.c:278: error: ISO C forbids casts to union type
./wt_statistics_functions.c:281: error: ISO C forbids casts to union type
./wt_statistics_functions.c:282: error: ISO C forbids casts to union type
./wt_statistics_functions.c:285: error: ISO C forbids casts to union type
./wt_statistics_functions.c:286: error: ISO C forbids casts to union type
./wt_statistics_functions.c:289: error: ISO C forbids casts to union type
./wt_statistics_functions.c:290: error: ISO C forbids casts to union type
./wt_statistics_functions.c:293: error: ISO C forbids casts to union type
./wt_statistics_functions.c:294: error: ISO C forbids casts to union type
./wt_statistics_functions.c:297: error: ISO C forbids casts to union type
./wt_statistics_functions.c:298: error: ISO C forbids casts to union type
./wt_statistics_functions.c:301: error: ISO C forbids casts to union type
./wt_statistics_functions.c:302: error: ISO C forbids casts to union type
./wt_statistics_functions.c:305: error: ISO C forbids casts to union type
./wt_statistics_functions.c:306: error: ISO C forbids casts to union type
./wt_statistics_functions.c:313: error: ISO C forbids casts to union type
./wt_statistics_functions.c:314: error: ISO C forbids casts to union type
./wt_statistics_functions.c:317: error: ISO C forbids casts to union type
./wt_statistics_functions.c:318: error: ISO C forbids casts to union type
./wt_statistics_functions.c:321: error: ISO C forbids casts to union type
./wt_statistics_functions.c:322: error: ISO C forbids casts to union type
./wt_statistics_functions.c:325: error: ISO C forbids casts to union type
./wt_statistics_functions.c:326: error: ISO C forbids casts to union type
./wt_statistics_functions.c:329: error: ISO C forbids casts to union type
./wt_statistics_functions.c:330: error: ISO C forbids casts to union type
./wt_statistics_functions.c:333: error: ISO C forbids casts to union type
./wt_statistics_functions.c:334: error: ISO C forbids casts to union type
./wt_statistics_functions.c: In function 'WPE_PrintFlowStats':
./wt_statistics_functions.c:369: error: ISO C forbids casts to union type
./wt_statistics_functions.c:370: error: ISO C forbids casts to union type
./wt_statistics_functions.c:371: error: ISO C forbids casts to union type
./wt_statistics_functions.c:375: error: ISO C forbids casts to union type
./wt_statistics_functions.c:376: error: ISO C forbids casts to union type
./wt_statistics_functions.c:379: error: ISO C forbids casts to union type
./wt_statistics_functions.c:380: error: ISO C forbids casts to union type
./wt_statistics_functions.c:383: error: ISO C forbids casts to union type
./wt_statistics_functions.c:384: error: ISO C forbids casts to union type
./wt_statistics_functions.c:387: error: ISO C forbids casts to union type
./wt_statistics_functions.c:388: error: ISO C forbids casts to union type
./wt_statistics_functions.c:391: error: ISO C forbids casts to union type
./wt_statistics_functions.c:392: error: ISO C forbids casts to union type
./wt_statistics_functions.c:395: error: ISO C forbids casts to union type
./wt_statistics_functions.c:396: error: ISO C forbids casts to union type
./wt_statistics_functions.c:399: error: ISO C forbids casts to union type
./wt_statistics_functions.c:400: error: ISO C forbids casts to union type
./wt_statistics_functions.c:403: error: ISO C forbids casts to union type
./wt_statistics_functions.c:404: error: ISO C forbids casts to union type
./wt_statistics_functions.c:407: error: ISO C forbids casts to union type
./wt_statistics_functions.c:408: error: ISO C forbids casts to union type
./wt_statistics_functions.c:411: error: ISO C forbids casts to union type
./wt_statistics_functions.c:412: error: ISO C forbids casts to union type
./wt_statistics_functions.c:415: error: ISO C forbids casts to union type
./wt_statistics_functions.c:416: error: ISO C forbids casts to union type
./wt_statistics_functions.c: In function 'WPE_PrintIWPortStats':
./wt_statistics_functions.c:441: error: ISO C forbids casts to union type
./wt_statistics_functions.c:442: error: ISO C forbids casts to union type
./wt_statistics_functions.c:444: error: ISO C forbids casts to union type
./wt_statistics_functions.c:445: error: ISO C forbids casts to union type
./wt_statistics_functions.c:447: error: ISO C forbids casts to union type
./wt_statistics_functions.c:448: error: ISO C forbids casts to union type
./wt_statistics_functions.c:450: error: ISO C forbids casts to union type
./wt_statistics_functions.c:451: error: ISO C forbids casts to union type
./wt_statistics_functions.c:453: error: ISO C forbids casts to union type
./wt_statistics_functions.c:454: error: ISO C forbids casts to union type
./wt_statistics_functions.c:456: error: ISO C forbids casts to union type
./wt_statistics_functions.c:457: error: ISO C forbids casts to union type
./wt_statistics_functions.c:459: error: ISO C forbids casts to union type
./wt_statistics_functions.c:460: error: ISO C forbids casts to union type
./wt_statistics_functions.c:462: error: ISO C forbids casts to union type
./wt_statistics_functions.c:463: error: ISO C forbids casts to union type
./wt_statistics_functions.c:465: error: ISO C forbids casts to union type
./wt_statistics_functions.c:466: error: ISO C forbids casts to union type
./wt_statistics_functions.c:468: error: ISO C forbids casts to union type
./wt_statistics_functions.c:469: error: ISO C forbids casts to union type
./wt_statistics_functions.c:471: error: ISO C forbids casts to union type
./wt_statistics_functions.c:472: error: ISO C forbids casts to union type
./wt_statistics_functions.c:474: error: ISO C forbids casts to union type
./wt_statistics_functions.c:475: error: ISO C forbids casts to union type
./wt_statistics_functions.c:477: error: ISO C forbids casts to union type
./wt_statistics_functions.c:478: error: ISO C forbids casts to union type
./wt_statistics_functions.c:480: error: ISO C forbids casts to union type
./wt_statistics_functions.c:481: error: ISO C forbids casts to union type
./wt_statistics_functions.c:483: error: ISO C forbids casts to union type
./wt_statistics_functions.c:484: error: ISO C forbids casts to union type
./wt_statistics_functions.c:486: error: ISO C forbids casts to union type
./wt_statistics_functions.c:487: error: ISO C forbids casts to union type
./gige_loopback.c: At top level:
./gige_loopback.c:1309: error: ISO C forbids initialization between function pointer and 'void *'
./gige_loopback.c:1312: error: ISO C forbids initialization between function pointer and 'void *'
./gige_loopback.c:1320: error: ISO C forbids initialization between function pointer and 'void *'
./gige_loopback.c:1323: error: ISO C forbids initialization between function pointer and 'void *'
./gige_loopback.c:1326: error: ISO C forbids initialization between function pointer and 'void *'
./gige_loopback.c:1329: error: ISO C forbids initialization between function pointer and 'void *'
./gige_loopback.c:1333: error: ISO C forbids initialization between function pointer and 'void *'
./gige_loopback.c:1344: error: ISO C forbids initialization between function pointer and 'void *'
make: *** [bin/gige_loopback.o] Error 1
