
Cleaning!
mkdir -p ./bin
rm -rf  ./bin/mc_hdlc_zte_tag.o ./bin/mc_hdlc_zte_tag.exe

mips-sde-elf-gcc
Compiling the test!
mips-sde-elf-gcc -c -mips32 -G 0 -nostdinc -std=c99 -fno-builtin -fno-inline-functions -fsigned-char -fno-pic -msoft-float -Wall -Wpointer-arith -Wstrict-prototypes -Wformat -Wno-main  -Werror -pedantic -Wdeclaration-after-statement -O2 -DWT_LOG_PRINTF -DWT_DEBUG_LEVEL=1 -DWEB -DWDDI_TEST=mc_hdlc_zte_tag.c -DWP_HW_WINPATH3 -DWP_BOARD_WDS3 -DWP_HW_WINPATH3   -D__WT_UFE4__ -DWUFE_UFE4 -D__WT_UFE412__ -DWUFE_UFE4 -DWT_UFE_FRAMER -I. -I../../../wddi/sources/api -I../../../wddi/sources/veneer -I../../../wddi/board/wds_winpath3 -I../../../wddi/sources/winutil/include/ -I../../../wddi/board/wds_winpath3/.. -I../../../wddi/phy -I../../../wddi/sources -I../../../wddi/sources/include -I../../../platform/mips_winmon_winpath3/include -I../../../include -I../../../platform/include -I../../../wddi/tests/common -I../../../wddi/sources/api -I../../../wddi/phy  -I../../../wddi/phy/wpx_ufe/api -I../../../wddi/phy/wpx_ufe/fpga/ufe4 -I../../../wddi/phy/wpx_ufe/wpx_frmr/flexmux -I../../../wddi/phy/wpx_ufe/wpx_frmr -I../../../wddi/phy/wpx_ufe/wpx_frmr/device_driver -I../../../wddi/phy/wpx_ufe/wpx_frmr/device_driver/common/inc -I../../../wddi/phy/wpx_ufe/wpx_frmr/device_driver/library/00_api_layer/inc -I../../../wddi/phy/wpx_ufe/wpx_frmr/device_driver/library/04_low_level_comms_layer/inc -o ./bin/mc_hdlc_zte_tag.o ./mc_hdlc_zte_tag.c
./mc_hdlc_zte_tag.c: In function 'App_InitHW':
./mc_hdlc_zte_tag.c:1206: note: #pragma message: SERDES3 with loop back
./mc_hdlc_zte_tag.c: In function 'WPE_SystemSetup':
./mc_hdlc_zte_tag.c:1385: note: #pragma message: WP_FLOWMODE_FAST
./mc_hdlc_zte_tag.c: In function 'WPE_ChannelsSetup':
./mc_hdlc_zte_tag.c:1662: note: #pragma message: tx channel IW disable
./mc_hdlc_zte_tag.c:1677: note: #pragma message: USE normal channels the_system->Enet_dev
./mc_hdlc_zte_tag.c:1700: note: #pragma message: DO NOT CREATE TX2
./mc_hdlc_zte_tag.c: In function 'WPE_SystemEnable':
./mc_hdlc_zte_tag.c:3172: note: #pragma message: init COMET card


Linking the test!
cp ../../../objects/linux/mips_winmon_winpath3/lib/start.o start.o
mips-sde-elf-gcc -mips32 -nostdlib -nostartfiles -fno-pic -msoft-float  -msoft-float -o ./bin/mc_hdlc_zte_tag.exe -T ../../../platform/mips_winmon_winpath3/link.xn  ./bin/mc_hdlc_zte_tag.o ../../../objects/linux/mips_winmon_winpath3/lib/wpi_dps_image_backhaul.o  \
	../../../objects/linux/mips_winmon_winpath3/lib/wpi_wddi.a ../../../objects/linux/mips_winmon_winpath3/lib/wpi_hw_device.a  ../../../objects/linux/mips_winmon_winpath3/lib/winutil.a ../../../objects/linux/mips_winmon_winpath3/lib/platform.a  ../../../objects/linux/mips_winmon_winpath3/wds/lib/wpx_phy.a  ../../../objects/linux/mips_winmon_winpath3/wds/lib/wpx_board.a ../../../platform/mips_winmon_winpath3/lib/mtlib.a ../../../platform/mips_winmon_winpath3/lib/libcsde.a
rm -rf start.o

Made ./bin/mc_hdlc_zte_tag.exe for target mips_winmon_winpath3
