
Cleaning!
mkdir -p ./bin
rm -rf  ./bin/provider_bridge.o ./bin/os_timer.o ./bin/provider_bridge

mipsisa32r2-timesys-linux-uclibc-gcc
Compiling the test!
mipsisa32r2-timesys-linux-uclibc-gcc -c  -Werror -pedantic -Wdeclaration-after-statement -std=c99  -G 0 -mips2 -msoft-float -mno-memcpy -O2 -fomit-frame-pointer -g -pipe -Wall -Wstrict-prototypes -D__NO_STRING_INLINES -Dlinux -DDBG_TRACE -DDBG_TRACE_MSG=app_printf -DUSE_LINUX_SEMAPHORE=0 -DWT_LOG_PRINTF -DWT_DEBUG_LEVEL=1 -DWEB -DWDDI_TEST=provider_bridge.c -DWP_HW_WINPATH3 -DWP_BOARD_WDS3 -DWP_HW_WINPATH3   -D__WT_UFE4__ -DWUFE_UFE4 -D__WT_UFE412__ -DWUFE_UFE4 -DWT_UFE_FRAMER -I. -I../../../wddi/sources/api -I../../../wddi/sources/veneer -I../../../wddi/board/wds_winpath3 -I../../../wddi/board/wds_common -I../../../wddi/sources/winutil/include/ -I../../../wddi/board/wds_winpath3/.. -I../../../wddi/phy -I../../../wddi/sources -I../../../wddi/sources/include -I../../../platform/mips_linux_winpath3/include -I../../../include -I../../../platform/include -I../../../wddi/sources/api -I../../../wddi/phy -I../../../ufe/wpx_frmr/flexmux/ -I../../../wddi/../gpe/util/sources/api/ -I../../../wddi/sources/winutil/api/include/winpath3/ -I../../../wddi/sources/winutil/include/winpath3/ -I../../../wddi/../shared/sources/include/ -I../../../ufe/api -I../../../ufe/fpga/ufe4 -I../../../ufe/wpx_frmr/device_driver -I../../../ufe/wpx_frmr/device_driver/library/00_api_layer/inc -I../../../ufe/wpx_frmr/device_driver/library/04_low_level_comms_layer/inc -I../../../ufe/wpx_frmr/device_driver/common/inc -o ./bin/provider_bridge.o ./provider_bridge.c
In file included from ./wt_partition_ecc_util.c:20,
                 from ./provider_bridge.c:1181:
../../../wddi/sources/hardware/winpath3/wpi_hw_fmu.h:793: error: expected specifier-qualifier-list before 'wpi_fmu_fbp_l1'
../../../wddi/sources/hardware/winpath3/wpi_hw_fmu.h:1114: error: conflicting types for 'WPI_HwUpiTqIndexFind'
../../../wddi/sources/include/core/hardware/wpi_hw.h:708: note: previous declaration of 'WPI_HwUpiTqIndexFind' was here
In file included from ../../../wddi/sources/hardware/winpath3/wpi_hw_aa.h:30,
                 from ../../../wddi/sources/hardware/winpath3/wpi_hw_cfu_int.h:21,
                 from ./wt_partition_ecc_util.c:21,
                 from ./provider_bridge.c:1181:
../../../wddi/sources/hardware/winpath3/wpi_hw_cfu.h:30:29: error: hal/api/hal_api.h: No such file or directory
In file included from ./wt_partition_ecc_util.c:21,
                 from ./provider_bridge.c:1181:
../../../wddi/sources/hardware/winpath3/wpi_hw_cfu_int.h:24:25: error: wpi_hal_tmu.h: No such file or directory
In file included from ./provider_bridge.c:1181:
./wt_partition_ecc_util.c:26:1: error: "WPI_CFU_RX_BASE" redefined
In file included from ../../../wddi/sources/include/core/hardware/wpi_reg_biu.h:28,
                 from ../../../wddi/sources/include/core/hardware/wpi_reg.h:64,
                 from ../../../wddi/sources/include/core/registry/wpi_registry.h:29,
                 from ./wt_partition_ecc_util.c:18,
                 from ./provider_bridge.c:1181:
../../../wddi/sources/include/core/hardware/wpi_bases.h:106:1: error: this is the location of the previous definition
cc1: warnings being treated as errors
In file included from ./provider_bridge.c:1181:
./wt_partition_ecc_util.c: In function 'WT_ReInitPceHash':
./wt_partition_ecc_util.c:310: error: implicit declaration of function 'WPI_PCE_REG'
./wt_partition_ecc_util.c:310: error: initialization makes pointer from integer without a cast
./wt_partition_ecc_util.c:320: error: 'WPI_PCE_HASH_BASIC_SIZE' undeclared (first use in this function)
./wt_partition_ecc_util.c:320: error: (Each undeclared identifier is reported only once
./wt_partition_ecc_util.c:320: error: for each function it appears in.)
./wt_partition_ecc_util.c: In function 'WT_SetIntRamPartition':
./wt_partition_ecc_util.c:370: error: 'WPI_INTL_BIU_BASE' undeclared (first use in this function)
./wt_partition_ecc_util.c:482: error: 'WPI_CFU_BASE' undeclared (first use in this function)
./wt_partition_ecc_util.c: In function 'WT_ReadFmuGcr':
./wt_partition_ecc_util.c:566: error: 'WPI_FMU_BASE' undeclared (first use in this function)
make: *** [bin/provider_bridge.o] Error 1
