This file contains any messages produced by compilers while
running configure, to aid debugging if configure makes a mistake.

It was created by Concurrent Versions System (CVS) configure 1.11.5, which was
generated by GNU Autoconf 2.53.  Invocation command line was

  $ ./configure 

## --------- ##
## Platform. ##
## --------- ##

hostname = rd.photonocbridges.com
uname -m = i686
uname -r = 2.4.7-10
uname -s = Linux
uname -v = #1 Thu Sep 6 17:27:27 EDT 2001

/usr/bin/uname -p = unknown
/bin/uname -X     = unknown

/bin/arch              = i686
/usr/bin/arch -k       = unknown
/usr/convex/getsysinfo = unknown
hostinfo               = unknown
/bin/machine           = unknown
/usr/bin/oslevel       = unknown
/bin/universe          = unknown

PATH: /usr/java/j2sdk1.4.1_01/bin
PATH: /usr/local/bin
PATH: /bin
PATH: /usr/bin
PATH: /usr/X11R6/bin
PATH: /home/wydeng/bin
PATH: .
PATH: ./bin


## ----------- ##
## Core tests. ##
## ----------- ##

configure:1300: checking for a BSD-compatible install
configure:1354: result: /usr/bin/install -c
configure:1365: checking whether build environment is sane
configure:1408: result: yes
configure:1441: checking for gawk
configure:1457: found /bin/gawk
configure:1467: result: gawk
configure:1477: checking whether make sets ${MAKE}
configure:1497: result: yes
configure:1639: checking for cvs
configure:1657: found /usr/bin/cvs
configure:1669: result: /usr/bin/cvs
configure:1757: checking for gcc
configure:1773: found /usr/bin/gcc
configure:1783: result: gcc
configure:2027: checking for C compiler version
configure:2030: gcc --version </dev/null >&5
2.96
configure:2033: $? = 0
configure:2035: gcc -v </dev/null >&5
Reading specs from /usr/lib/gcc-lib/i386-redhat-linux/2.96/specs
gcc version 2.96 20000731 (Red Hat Linux 7.1 2.96-98)
configure:2038: $? = 0
configure:2040: gcc -V </dev/null >&5
gcc: argument to `-V' is missing
configure:2043: $? = 1
configure:2069: checking for C compiler default output
configure:2072: gcc    conftest.c  >&5
configure:2075: $? = 0
configure:2108: result: a.out
configure:2113: checking whether the C compiler works
configure:2119: ./a.out
configure:2122: $? = 0
configure:2137: result: yes
configure:2144: checking whether we are cross compiling
configure:2146: result: no
configure:2149: checking for suffix of executables
configure:2151: gcc -o conftest    conftest.c  >&5
configure:2154: $? = 0
configure:2176: result: 
configure:2182: checking for suffix of object files
configure:2206: gcc -c   conftest.c >&5
configure:2209: $? = 0
configure:2228: result: o
configure:2232: checking whether we are using the GNU C compiler
configure:2259: gcc -c   conftest.c >&5
configure:2262: $? = 0
configure:2265: test -s conftest.o
configure:2268: $? = 0
configure:2280: result: yes
configure:2286: checking whether gcc accepts -g
configure:2310: gcc -c -g  conftest.c >&5
configure:2313: $? = 0
configure:2316: test -s conftest.o
configure:2319: $? = 0
configure:2329: result: yes
configure:2356: gcc -c -g -O2  conftest.c >&5
conftest.c:2: parse error before `me'
configure:2359: $? = 1
configure: failed program was:
#ifndef __cplusplus
  choke me
#endif
configure:2488: checking for style of include used by make
configure:2516: result: GNU
configure:2544: checking dependency style of gcc
configure:2606: result: gcc3
configure:2612: checking whether gcc and cc understand -c and -o together
configure:2645: gcc -c conftest.c -o conftest.o >&5
configure:2648: $? = 0
configure:2650: gcc -c conftest.c -o conftest.o >&5
configure:2653: $? = 0
configure:2660: cc -c conftest.c >&5
configure:2663: $? = 0
configure:2666: cc -c conftest.c -o conftest.o >&5
configure:2669: $? = 0
configure:2671: cc -c conftest.c -o conftest.o >&5
configure:2674: $? = 0
configure:2692: result: yes
configure:2724: checking how to run the C preprocessor
configure:2750: gcc -E  conftest.c
configure:2756: $? = 0
configure:2783: gcc -E  conftest.c
configure:2779:28: ac_nonexistent.h: No such file or directory
configure:2789: $? = 1
configure: failed program was:
#line 2778 "configure"
#include "confdefs.h"
#include <ac_nonexistent.h>
configure:2826: result: gcc -E
configure:2841: gcc -E  conftest.c
configure:2847: $? = 0
configure:2874: gcc -E  conftest.c
configure:2870:28: ac_nonexistent.h: No such file or directory
configure:2880: $? = 1
configure: failed program was:
#line 2869 "configure"
#include "confdefs.h"
#include <ac_nonexistent.h>
configure:2921: checking for AIX
configure:2940: result: no
configure:2946: checking for ANSI C header files
configure:2960: gcc -E  conftest.c
configure:2966: $? = 0
configure:3051: gcc -o conftest -g -O2   conftest.c  >&5
configure:3054: $? = 0
configure:3056: ./conftest
configure:3059: $? = 0
configure:3073: result: yes
configure:3097: checking for sys/types.h
configure:3110: gcc -c -g -O2  conftest.c >&5
configure:3113: $? = 0
configure:3116: test -s conftest.o
configure:3119: $? = 0
configure:3129: result: yes
configure:3097: checking for sys/stat.h
configure:3110: gcc -c -g -O2  conftest.c >&5
configure:3113: $? = 0
configure:3116: test -s conftest.o
configure:3119: $? = 0
configure:3129: result: yes
configure:3097: checking for stdlib.h
configure:3110: gcc -c -g -O2  conftest.c >&5
configure:3113: $? = 0
configure:3116: test -s conftest.o
configure:3119: $? = 0
configure:3129: result: yes
configure:3097: checking for string.h
configure:3110: gcc -c -g -O2  conftest.c >&5
configure:3113: $? = 0
configure:3116: test -s conftest.o
configure:3119: $? = 0
configure:3129: result: yes
configure:3097: checking for memory.h
configure:3110: gcc -c -g -O2  conftest.c >&5
configure:3113: $? = 0
configure:3116: test -s conftest.o
configure:3119: $? = 0
configure:3129: result: yes
configure:3097: checking for strings.h
configure:3110: gcc -c -g -O2  conftest.c >&5
configure:3113: $? = 0
configure:3116: test -s conftest.o
configure:3119: $? = 0
configure:3129: result: yes
configure:3097: checking for inttypes.h
configure:3110: gcc -c -g -O2  conftest.c >&5
configure:3113: $? = 0
configure:3116: test -s conftest.o
configure:3119: $? = 0
configure:3129: result: yes
configure:3097: checking for stdint.h
configure:3110: gcc -c -g -O2  conftest.c >&5
configure:3113: $? = 0
configure:3116: test -s conftest.o
configure:3119: $? = 0
configure:3129: result: yes
configure:3097: checking for unistd.h
configure:3110: gcc -c -g -O2  conftest.c >&5
configure:3113: $? = 0
configure:3116: test -s conftest.o
configure:3119: $? = 0
configure:3129: result: yes
configure:3151: checking minix/config.h usability
configure:3160: gcc -c -g -O2  conftest.c >&5
configure:3188:26: minix/config.h: No such file or directory
configure:3163: $? = 1
configure: failed program was:
#line 3153 "configure"
#include "confdefs.h"
#include <stdio.h>
#if HAVE_SYS_TYPES_H
# include <sys/types.h>
#endif
#if HAVE_SYS_STAT_H
# include <sys/stat.h>
#endif
#if STDC_HEADERS
# include <stdlib.h>
# include <stddef.h>
#else
# if HAVE_STDLIB_H
#  include <stdlib.h>
# endif
#endif
#if HAVE_STRING_H
# if !STDC_HEADERS && HAVE_MEMORY_H
#  include <memory.h>
# endif
# include <string.h>
#endif
#if HAVE_STRINGS_H
# include <strings.h>
#endif
#if HAVE_INTTYPES_H
# include <inttypes.h>
#else
# if HAVE_STDINT_H
#  include <stdint.h>
# endif
#endif
#if HAVE_UNISTD_H
# include <unistd.h>
#endif
#include <minix/config.h>
configure:3178: result: no
configure:3182: checking minix/config.h presence
configure:3189: gcc -E  conftest.c
configure:3185:26: minix/config.h: No such file or directory
configure:3195: $? = 1
configure: failed program was:
#line 3184 "configure"
#include "confdefs.h"
#include <minix/config.h>
configure:3213: result: no
configure:3231: checking for minix/config.h
configure:3238: result: no
configure:3269: checking for library containing strerror
configure:3302: gcc -o conftest -g -O2   conftest.c  >&5
configure:3305: $? = 0
configure:3308: test -s conftest
configure:3311: $? = 0
configure:3370: result: none required
configure:3420: checking for ranlib
configure:3436: found /usr/bin/ranlib
configure:3447: result: ranlib
configure:3463: checking for bison
configure:3479: found /usr/bin/bison
configure:3489: result: bison -y
configure:3500: checking whether ln -s works
configure:3504: result: yes
configure:3515: checking for perl
configure:3533: found /usr/bin/perl
configure:3546: result: /usr/bin/perl
configure:3555: checking for csh
configure:3573: found /bin/csh
configure:3586: result: /bin/csh
configure:3595: checking for pr
configure:3613: found /usr/bin/pr
configure:3626: result: /usr/bin/pr
configure:3648: checking for groff
configure:3666: found /usr/bin/groff
configure:3678: result: /usr/bin/groff
configure:3691: checking for ps2pdf
configure:3709: found /usr/bin/ps2pdf
configure:3722: result: /usr/bin/ps2pdf
configure:3731: checking for texi2dvi
configure:3749: found /usr/bin/texi2dvi
configure:3762: result: /usr/bin/texi2dvi
configure:3770: checking whether #! works in shell scripts
configure:3787: result: yes
configure:3799: checking for BSD VPATH bug in make
configure:3806: mkdir ac_test_dir
configure:3809: $? = 0
configure:3825: make -f conftestmake 2>&1 >/dev/null |grep ^BSD\ VPATH\ bug\ present$ >/dev/null
configure:3828: $? = 1
configure:3835: rm -rf ac_test_dir ac_test_target conftestmake
configure:3838: $? = 0
configure:3841: result: no
configure:3865: checking for dirent.h that defines DIR
configure:3892: gcc -c -g -O2  conftest.c >&5
configure:3895: $? = 0
configure:3898: test -s conftest.o
configure:3901: $? = 0
configure:3911: result: yes
configure:3924: checking for library containing opendir
configure:3957: gcc -o conftest -g -O2   conftest.c  >&5
configure:3960: $? = 0
configure:3963: test -s conftest
configure:3966: $? = 0
configure:4025: result: none required
configure:4143: checking for ANSI C header files
configure:4270: result: yes
configure:4280: checking for sys/wait.h that is POSIX.1 compatible
configure:4314: gcc -c -g -O2  conftest.c >&5
configure:4317: $? = 0
configure:4320: test -s conftest.o
configure:4323: $? = 0
configure:4333: result: yes
configure:4395: checking errno.h usability
configure:4404: gcc -c -g -O2  conftest.c >&5
configure:4407: $? = 0
configure:4410: test -s conftest.o
configure:4413: $? = 0
configure:4422: result: yes
configure:4426: checking errno.h presence
configure:4433: gcc -E  conftest.c
configure:4439: $? = 0
configure:4457: result: yes
configure:4475: checking for errno.h
configure:4482: result: yes
configure:4395: checking direct.h usability
configure:4404: gcc -c -g -O2  conftest.c >&5
configure:4432:20: direct.h: No such file or directory
configure:4407: $? = 1
configure: failed program was:
#line 4397 "configure"
#include "confdefs.h"
#include <stdio.h>
#if HAVE_SYS_TYPES_H
# include <sys/types.h>
#endif
#if HAVE_SYS_STAT_H
# include <sys/stat.h>
#endif
#if STDC_HEADERS
# include <stdlib.h>
# include <stddef.h>
#else
# if HAVE_STDLIB_H
#  include <stdlib.h>
# endif
#endif
#if HAVE_STRING_H
# if !STDC_HEADERS && HAVE_MEMORY_H
#  include <memory.h>
# endif
# include <string.h>
#endif
#if HAVE_STRINGS_H
# include <strings.h>
#endif
#if HAVE_INTTYPES_H
# include <inttypes.h>
#else
# if HAVE_STDINT_H
#  include <stdint.h>
# endif
#endif
#if HAVE_UNISTD_H
# include <unistd.h>
#endif
#include <direct.h>
configure:4422: result: no
configure:4426: checking direct.h presence
configure:4433: gcc -E  conftest.c
configure:4429:20: direct.h: No such file or directory
configure:4439: $? = 1
configure: failed program was:
#line 4428 "configure"
#include "confdefs.h"
#include <direct.h>
configure:4457: result: no
configure:4475: checking for direct.h
configure:4482: result: no
configure:4395: checking fcntl.h usability
configure:4404: gcc -c -g -O2  conftest.c >&5
configure:4407: $? = 0
configure:4410: test -s conftest.o
configure:4413: $? = 0
configure:4422: result: yes
configure:4426: checking fcntl.h presence
configure:4433: gcc -E  conftest.c
configure:4439: $? = 0
configure:4457: result: yes
configure:4475: checking for fcntl.h
configure:4482: result: yes
configure:4395: checking fnmatch.h usability
configure:4404: gcc -c -g -O2  conftest.c >&5
configure:4407: $? = 0
configure:4410: test -s conftest.o
configure:4413: $? = 0
configure:4422: result: yes
configure:4426: checking fnmatch.h presence
configure:4433: gcc -E  conftest.c
configure:4439: $? = 0
configure:4457: result: yes
configure:4475: checking for fnmatch.h
configure:4482: result: yes
configure:4395: checking io.h usability
configure:4404: gcc -c -g -O2  conftest.c >&5
configure:4432:16: io.h: No such file or directory
configure:4407: $? = 1
configure: failed program was:
#line 4397 "configure"
#include "confdefs.h"
#include <stdio.h>
#if HAVE_SYS_TYPES_H
# include <sys/types.h>
#endif
#if HAVE_SYS_STAT_H
# include <sys/stat.h>
#endif
#if STDC_HEADERS
# include <stdlib.h>
# include <stddef.h>
#else
# if HAVE_STDLIB_H
#  include <stdlib.h>
# endif
#endif
#if HAVE_STRING_H
# if !STDC_HEADERS && HAVE_MEMORY_H
#  include <memory.h>
# endif
# include <string.h>
#endif
#if HAVE_STRINGS_H
# include <strings.h>
#endif
#if HAVE_INTTYPES_H
# include <inttypes.h>
#else
# if HAVE_STDINT_H
#  include <stdint.h>
# endif
#endif
#if HAVE_UNISTD_H
# include <unistd.h>
#endif
#include <io.h>
configure:4422: result: no
configure:4426: checking io.h presence
configure:4433: gcc -E  conftest.c
configure:4429:16: io.h: No such file or directory
configure:4439: $? = 1
configure: failed program was:
#line 4428 "configure"
#include "confdefs.h"
#include <io.h>
configure:4457: result: no
configure:4475: checking for io.h
configure:4482: result: no
configure:4395: checking limits.h usability
configure:4404: gcc -c -g -O2  conftest.c >&5
configure:4407: $? = 0
configure:4410: test -s conftest.o
configure:4413: $? = 0
configure:4422: result: yes
configure:4426: checking limits.h presence
configure:4433: gcc -E  conftest.c
configure:4439: $? = 0
configure:4457: result: yes
configure:4475: checking for limits.h
configure:4482: result: yes
configure:4386: checking for memory.h
configure:4391: result: yes
configure:4395: checking ndbm.h usability
configure:4404: gcc -c -g -O2  conftest.c >&5
configure:4432:18: ndbm.h: No such file or directory
configure:4407: $? = 1
configure: failed program was:
#line 4397 "configure"
#include "confdefs.h"
#include <stdio.h>
#if HAVE_SYS_TYPES_H
# include <sys/types.h>
#endif
#if HAVE_SYS_STAT_H
# include <sys/stat.h>
#endif
#if STDC_HEADERS
# include <stdlib.h>
# include <stddef.h>
#else
# if HAVE_STDLIB_H
#  include <stdlib.h>
# endif
#endif
#if HAVE_STRING_H
# if !STDC_HEADERS && HAVE_MEMORY_H
#  include <memory.h>
# endif
# include <string.h>
#endif
#if HAVE_STRINGS_H
# include <strings.h>
#endif
#if HAVE_INTTYPES_H
# include <inttypes.h>
#else
# if HAVE_STDINT_H
#  include <stdint.h>
# endif
#endif
#if HAVE_UNISTD_H
# include <unistd.h>
#endif
#include <ndbm.h>
configure:4422: result: no
configure:4426: checking ndbm.h presence
configure:4433: gcc -E  conftest.c
configure:4429:18: ndbm.h: No such file or directory
configure:4439: $? = 1
configure: failed program was:
#line 4428 "configure"
#include "confdefs.h"
#include <ndbm.h>
configure:4457: result: no
configure:4475: checking for ndbm.h
configure:4482: result: no
configure:4386: checking for string.h
configure:4391: result: yes
configure:4395: checking syslog.h usability
configure:4404: gcc -c -g -O2  conftest.c >&5
configure:4407: $? = 0
configure:4410: test -s conftest.o
configure:4413: $? = 0
configure:4422: result: yes
configure:4426: checking syslog.h presence
configure:4433: gcc -E  conftest.c
configure:4439: $? = 0
configure:4457: result: yes
configure:4475: checking for syslog.h
configure:4482: result: yes
configure:4395: checking sys/bsdtypes.h usability
configure:4404: gcc -c -g -O2  conftest.c >&5
configure:4432:26: sys/bsdtypes.h: No such file or directory
configure:4407: $? = 1
configure: failed program was:
#line 4397 "configure"
#include "confdefs.h"
#include <stdio.h>
#if HAVE_SYS_TYPES_H
# include <sys/types.h>
#endif
#if HAVE_SYS_STAT_H
# include <sys/stat.h>
#endif
#if STDC_HEADERS
# include <stdlib.h>
# include <stddef.h>
#else
# if HAVE_STDLIB_H
#  include <stdlib.h>
# endif
#endif
#if HAVE_STRING_H
# if !STDC_HEADERS && HAVE_MEMORY_H
#  include <memory.h>
# endif
# include <string.h>
#endif
#if HAVE_STRINGS_H
# include <strings.h>
#endif
#if HAVE_INTTYPES_H
# include <inttypes.h>
#else
# if HAVE_STDINT_H
#  include <stdint.h>
# endif
#endif
#if HAVE_UNISTD_H
# include <unistd.h>
#endif
#include <sys/bsdtypes.h>
configure:4422: result: no
configure:4426: checking sys/bsdtypes.h presence
configure:4433: gcc -E  conftest.c
configure:4429:26: sys/bsdtypes.h: No such file or directory
configure:4439: $? = 1
configure: failed program was:
#line 4428 "configure"
#include "confdefs.h"
#include <sys/bsdtypes.h>
configure:4457: result: no
configure:4475: checking for sys/bsdtypes.h
configure:4482: result: no
configure:4395: checking sys/file.h usability
configure:4404: gcc -c -g -O2  conftest.c >&5
configure:4407: $? = 0
configure:4410: test -s conftest.o
configure:4413: $? = 0
configure:4422: result: yes
configure:4426: checking sys/file.h presence
configure:4433: gcc -E  conftest.c
configure:4439: $? = 0
configure:4457: result: yes
configure:4475: checking for sys/file.h
configure:4482: result: yes
configure:4395: checking sys/param.h usability
configure:4404: gcc -c -g -O2  conftest.c >&5
configure:4407: $? = 0
configure:4410: test -s conftest.o
configure:4413: $? = 0
configure:4422: result: yes
configure:4426: checking sys/param.h presence
configure:4433: gcc -E  conftest.c
configure:4439: $? = 0
configure:4457: result: yes
configure:4475: checking for sys/param.h
configure:4482: result: yes
configure:4395: checking sys/resource.h usability
configure:4404: gcc -c -g -O2  conftest.c >&5
configure:4407: $? = 0
configure:4410: test -s conftest.o
configure:4413: $? = 0
configure:4422: result: yes
configure:4426: checking sys/resource.h presence
configure:4433: gcc -E  conftest.c
configure:4439: $? = 0
configure:4457: result: yes
configure:4475: checking for sys/resource.h
configure:4482: result: yes
configure:4395: checking sys/select.h usability
configure:4404: gcc -c -g -O2  conftest.c >&5
configure:4407: $? = 0
configure:4410: test -s conftest.o
configure:4413: $? = 0
configure:4422: result: yes
configure:4426: checking sys/select.h presence
configure:4433: gcc -E  conftest.c
configure:4439: $? = 0
configure:4457: result: yes
configure:4475: checking for sys/select.h
configure:4482: result: yes
configure:4395: checking sys/time.h usability
configure:4404: gcc -c -g -O2  conftest.c >&5
configure:4407: $? = 0
configure:4410: test -s conftest.o
configure:4413: $? = 0
configure:4422: result: yes
configure:4426: checking sys/time.h presence
configure:4433: gcc -E  conftest.c
configure:4439: $? = 0
configure:4457: result: yes
configure:4475: checking for sys/time.h
configure:4482: result: yes
configure:4395: checking sys/timeb.h usability
configure:4404: gcc -c -g -O2  conftest.c >&5
configure:4407: $? = 0
configure:4410: test -s conftest.o
configure:4413: $? = 0
configure:4422: result: yes
configure:4426: checking sys/timeb.h presence
configure:4433: gcc -E  conftest.c
configure:4439: $? = 0
configure:4457: result: yes
configure:4475: checking for sys/timeb.h
configure:4482: result: yes
configure:4386: checking for unistd.h
configure:4391: result: yes
configure:4395: checking utime.h usability
configure:4404: gcc -c -g -O2  conftest.c >&5
configure:4407: $? = 0
configure:4410: test -s conftest.o
configure:4413: $? = 0
configure:4422: result: yes
configure:4426: checking utime.h presence
configure:4433: gcc -E  conftest.c
configure:4439: $? = 0
configure:4457: result: yes
configure:4475: checking for utime.h
configure:4482: result: yes
configure:4495: checking whether stat file-mode macros are broken
configure:4540: result: no
configure:4550: checking whether time.h and sys/time.h may both be included
configure:4578: gcc -c -g -O2  conftest.c >&5
configure:4581: $? = 0
configure:4584: test -s conftest.o
configure:4587: $? = 0
configure:4597: result: yes
configure:4608: checking for gcc option to accept ANSI C
configure:4671: gcc  -c -g -O2  conftest.c >&5
configure:4674: $? = 0
configure:4677: test -s conftest.o
configure:4680: $? = 0
configure:4697: result: none needed
configure:4705: checking for an ANSI C-conforming const
configure:4775: gcc -c -g -O2  conftest.c >&5
configure:4778: $? = 0
configure:4781: test -s conftest.o
configure:4784: $? = 0
configure:4794: result: yes
configure:4804: checking for uid_t in sys/types.h
configure:4824: result: yes
configure:4839: checking for mode_t
configure:4866: gcc -c -g -O2  conftest.c >&5
configure:4869: $? = 0
configure:4872: test -s conftest.o
configure:4875: $? = 0
configure:4885: result: yes
configure:4897: checking for pid_t
configure:4924: gcc -c -g -O2  conftest.c >&5
configure:4927: $? = 0
configure:4930: test -s conftest.o
configure:4933: $? = 0
configure:4943: result: yes
configure:4955: checking for size_t
configure:4982: gcc -c -g -O2  conftest.c >&5
configure:4985: $? = 0
configure:4988: test -s conftest.o
configure:4991: $? = 0
configure:5001: result: yes
configure:5013: checking return type of signal handlers
configure:5047: gcc -c -g -O2  conftest.c >&5
configure:5050: $? = 0
configure:5053: test -s conftest.o
configure:5056: $? = 0
configure:5066: result: void
configure:5075: checking for struct stat.st_blksize
configure:5101: gcc -c -g -O2  conftest.c >&5
configure:5104: $? = 0
configure:5107: test -s conftest.o
configure:5110: $? = 0
configure:5120: result: yes
configure:5131: checking for struct stat.st_rdev
configure:5157: gcc -c -g -O2  conftest.c >&5
configure:5160: $? = 0
configure:5163: test -s conftest.o
configure:5166: $? = 0
configure:5176: result: yes
configure:5214: checking for dup2
configure:5257: gcc -o conftest -g -O2   conftest.c  >&5
configure:5260: $? = 0
configure:5263: test -s conftest
configure:5266: $? = 0
configure:5276: result: yes
configure:5214: checking for ftruncate
configure:5257: gcc -o conftest -g -O2   conftest.c  >&5
configure:5260: $? = 0
configure:5263: test -s conftest
configure:5266: $? = 0
configure:5276: result: yes
configure:5214: checking for gethostname
configure:5257: gcc -o conftest -g -O2   conftest.c  >&5
configure:5260: $? = 0
configure:5263: test -s conftest
configure:5266: $? = 0
configure:5276: result: yes
configure:5214: checking for memmove
configure:5257: gcc -o conftest -g -O2   conftest.c  >&5
configure:5260: $? = 0
configure:5263: test -s conftest
configure:5266: $? = 0
configure:5276: result: yes
configure:5214: checking for mkdir
configure:5257: gcc -o conftest -g -O2   conftest.c  >&5
configure:5260: $? = 0
configure:5263: test -s conftest
configure:5266: $? = 0
configure:5276: result: yes
configure:5214: checking for rename
configure:5257: gcc -o conftest -g -O2   conftest.c  >&5
configure:5260: $? = 0
configure:5263: test -s conftest
configure:5266: $? = 0
configure:5276: result: yes
configure:5214: checking for strerror
configure:5257: gcc -o conftest -g -O2   conftest.c  >&5
configure:5260: $? = 0
configure:5263: test -s conftest
configure:5266: $? = 0
configure:5276: result: yes
configure:5214: checking for strstr
configure:5257: gcc -o conftest -g -O2   conftest.c  >&5
configure:5260: $? = 0
configure:5263: test -s conftest
configure:5266: $? = 0
configure:5276: result: yes
configure:5214: checking for strtoul
configure:5257: gcc -o conftest -g -O2   conftest.c  >&5
configure:5260: $? = 0
configure:5263: test -s conftest
configure:5266: $? = 0
configure:5276: result: yes
configure:5214: checking for valloc
configure:5257: gcc -o conftest -g -O2   conftest.c  >&5
configure:5260: $? = 0
configure:5263: test -s conftest
configure:5266: $? = 0
configure:5276: result: yes
configure:5214: checking for waitpid
configure:5257: gcc -o conftest -g -O2   conftest.c  >&5
configure:5260: $? = 0
configure:5263: test -s conftest
configure:5266: $? = 0
configure:5276: result: yes
configure:5357: checking for fchdir
configure:5400: gcc -o conftest -g -O2   conftest.c  >&5
configure:5403: $? = 0
configure:5406: test -s conftest
configure:5409: $? = 0
configure:5419: result: yes
configure:5357: checking for fchmod
configure:5400: gcc -o conftest -g -O2   conftest.c  >&5
configure:5403: $? = 0
configure:5406: test -s conftest
configure:5409: $? = 0
configure:5419: result: yes
configure:5357: checking for fsync
configure:5400: gcc -o conftest -g -O2   conftest.c  >&5
configure:5403: $? = 0
configure:5406: test -s conftest
configure:5409: $? = 0
configure:5419: result: yes
configure:5357: checking for ftime
configure:5400: gcc -o conftest -g -O2   conftest.c  >&5
configure:5403: $? = 0
configure:5406: test -s conftest
configure:5409: $? = 0
configure:5419: result: yes
configure:5357: checking for geteuid
configure:5400: gcc -o conftest -g -O2   conftest.c  >&5
configure:5403: $? = 0
configure:5406: test -s conftest
configure:5409: $? = 0
configure:5419: result: yes
configure:5357: checking for getgroups
configure:5400: gcc -o conftest -g -O2   conftest.c  >&5
configure:5403: $? = 0
configure:5406: test -s conftest
configure:5409: $? = 0
configure:5419: result: yes
configure:5357: checking for getopt
configure:5400: gcc -o conftest -g -O2   conftest.c  >&5
configure:5403: $? = 0
configure:5406: test -s conftest
configure:5409: $? = 0
configure:5419: result: yes
configure:5357: checking for getpagesize
configure:5400: gcc -o conftest -g -O2   conftest.c  >&5
configure:5403: $? = 0
configure:5406: test -s conftest
configure:5409: $? = 0
configure:5419: result: yes
configure:5357: checking for getpassphrase
configure:5400: gcc -o conftest -g -O2   conftest.c  >&5
/tmp/ccFT494p.o: In function `main':
/home/wydeng/cvs_project/cvs-1.11.5/configure:5390: undefined reference to `getpassphrase'
collect2: ld returned 1 exit status
configure:5403: $? = 1
configure: failed program was:
#line 5362 "configure"
#include "confdefs.h"
/* System header to define __stub macros and hopefully few prototypes,
    which can conflict with char getpassphrase (); below.  */
#include <assert.h>
/* Override any gcc2 internal prototype to avoid an error.  */
#ifdef __cplusplus
extern "C"
#endif
/* We use char because int might match the return type of a gcc2
   builtin and then its argument prototype would still apply.  */
char getpassphrase ();
char (*f) ();

#ifdef F77_DUMMY_MAIN
#  ifdef __cplusplus
     extern "C"
#  endif
   int F77_DUMMY_MAIN() { return 1; }
#endif
int
main ()
{
/* The GNU C library defines this for functions which it implements
    to always fail with ENOSYS.  Some functions are actually named
    something starting with __ and the normal name is an alias.  */
#if defined (__stub_getpassphrase) || defined (__stub___getpassphrase)
choke me
#else
f = getpassphrase;
#endif

  ;
  return 0;
}
configure:5419: result: no
configure:5357: checking for gettimeofday
configure:5400: gcc -o conftest -g -O2   conftest.c  >&5
configure:5403: $? = 0
configure:5406: test -s conftest
configure:5409: $? = 0
configure:5419: result: yes
configure:5357: checking for initgroups
configure:5400: gcc -o conftest -g -O2   conftest.c  >&5
configure:5403: $? = 0
configure:5406: test -s conftest
configure:5409: $? = 0
configure:5419: result: yes
configure:5357: checking for login
configure:5400: gcc -o conftest -g -O2   conftest.c  >&5
/tmp/ccOJAZAX.o: In function `main':
/home/wydeng/cvs_project/cvs-1.11.5/configure:5390: undefined reference to `login'
collect2: ld returned 1 exit status
configure:5403: $? = 1
configure: failed program was:
#line 5362 "configure"
#include "confdefs.h"
/* System header to define __stub macros and hopefully few prototypes,
    which can conflict with char login (); below.  */
#include <assert.h>
/* Override any gcc2 internal prototype to avoid an error.  */
#ifdef __cplusplus
extern "C"
#endif
/* We use char because int might match the return type of a gcc2
   builtin and then its argument prototype would still apply.  */
char login ();
char (*f) ();

#ifdef F77_DUMMY_MAIN
#  ifdef __cplusplus
     extern "C"
#  endif
   int F77_DUMMY_MAIN() { return 1; }
#endif
int
main ()
{
/* The GNU C library defines this for functions which it implements
    to always fail with ENOSYS.  Some functions are actually named
    something starting with __ and the normal name is an alias.  */
#if defined (__stub_login) || defined (__stub___login)
choke me
#else
f = login;
#endif

  ;
  return 0;
}
configure:5419: result: no
configure:5357: checking for logout
configure:5400: gcc -o conftest -g -O2   conftest.c  >&5
/tmp/ccLPMP9d.o: In function `main':
/home/wydeng/cvs_project/cvs-1.11.5/configure:5390: undefined reference to `logout'
collect2: ld returned 1 exit status
configure:5403: $? = 1
configure: failed program was:
#line 5362 "configure"
#include "confdefs.h"
/* System header to define __stub macros and hopefully few prototypes,
    which can conflict with char logout (); below.  */
#include <assert.h>
/* Override any gcc2 internal prototype to avoid an error.  */
#ifdef __cplusplus
extern "C"
#endif
/* We use char because int might match the return type of a gcc2
   builtin and then its argument prototype would still apply.  */
char logout ();
char (*f) ();

#ifdef F77_DUMMY_MAIN
#  ifdef __cplusplus
     extern "C"
#  endif
   int F77_DUMMY_MAIN() { return 1; }
#endif
int
main ()
{
/* The GNU C library defines this for functions which it implements
    to always fail with ENOSYS.  Some functions are actually named
    something starting with __ and the normal name is an alias.  */
#if defined (__stub_logout) || defined (__stub___logout)
choke me
#else
f = logout;
#endif

  ;
  return 0;
}
configure:5419: result: no
configure:5357: checking for mknod
configure:5400: gcc -o conftest -g -O2   conftest.c  >&5
configure:5403: $? = 0
configure:5406: test -s conftest
configure:5409: $? = 0
configure:5419: result: yes
configure:5357: checking for mkstemp
configure:5400: gcc -o conftest -g -O2   conftest.c  >&5
configure:5403: $? = 0
configure:5406: test -s conftest
configure:5409: $? = 0
configure:5419: result: yes
configure:5357: checking for mktemp
configure:5400: gcc -o conftest -g -O2   conftest.c  >&5
/tmp/cchpF3Rf.o: In function `main':
/home/wydeng/cvs_project/cvs-1.11.5/configure:5390: the use of `mktemp' is dangerous, better use `mkstemp'
configure:5403: $? = 0
configure:5406: test -s conftest
configure:5409: $? = 0
configure:5419: result: yes
configure:5357: checking for putenv
configure:5400: gcc -o conftest -g -O2   conftest.c  >&5
configure:5403: $? = 0
configure:5406: test -s conftest
configure:5409: $? = 0
configure:5419: result: yes
configure:5357: checking for readlink
configure:5400: gcc -o conftest -g -O2   conftest.c  >&5
configure:5403: $? = 0
configure:5406: test -s conftest
configure:5409: $? = 0
configure:5419: result: yes
configure:5357: checking for regcomp
configure:5400: gcc -o conftest -g -O2   conftest.c  >&5
configure:5403: $? = 0
configure:5406: test -s conftest
configure:5409: $? = 0
configure:5419: result: yes
configure:5357: checking for regerror
configure:5400: gcc -o conftest -g -O2   conftest.c  >&5
configure:5403: $? = 0
configure:5406: test -s conftest
configure:5409: $? = 0
configure:5419: result: yes
configure:5357: checking for regexec
configure:5400: gcc -o conftest -g -O2   conftest.c  >&5
configure:5403: $? = 0
configure:5406: test -s conftest
configure:5409: $? = 0
configure:5419: result: yes
configure:5357: checking for regfree
configure:5400: gcc -o conftest -g -O2   conftest.c  >&5
configure:5403: $? = 0
configure:5406: test -s conftest
configure:5409: $? = 0
configure:5419: result: yes
configure:5357: checking for sigaction
configure:5400: gcc -o conftest -g -O2   conftest.c  >&5
configure:5403: $? = 0
configure:5406: test -s conftest
configure:5409: $? = 0
configure:5419: result: yes
configure:5357: checking for sigblock
configure:5400: gcc -o conftest -g -O2   conftest.c  >&5
configure:5403: $? = 0
configure:5406: test -s conftest
configure:5409: $? = 0
configure:5419: result: yes
configure:5357: checking for sigprocmask
configure:5400: gcc -o conftest -g -O2   conftest.c  >&5
configure:5403: $? = 0
configure:5406: test -s conftest
configure:5409: $? = 0
configure:5419: result: yes
configure:5357: checking for sigsetmask
configure:5400: gcc -o conftest -g -O2   conftest.c  >&5
configure:5403: $? = 0
configure:5406: test -s conftest
configure:5409: $? = 0
configure:5419: result: yes
configure:5357: checking for sigvec
configure:5400: gcc -o conftest -g -O2   conftest.c  >&5
configure:5403: $? = 0
configure:5406: test -s conftest
configure:5409: $? = 0
configure:5419: result: yes
configure:5357: checking for tempnam
configure:5400: gcc -o conftest -g -O2   conftest.c  >&5
/tmp/ccgo4KdX.o: In function `main':
/home/wydeng/cvs_project/cvs-1.11.5/configure:5390: the use of `tempnam' is dangerous, better use `mkstemp'
configure:5403: $? = 0
configure:5406: test -s conftest
configure:5409: $? = 0
configure:5419: result: yes
configure:5357: checking for timezone
configure:5400: gcc -o conftest -g -O2   conftest.c  >&5
configure:5403: $? = 0
configure:5406: test -s conftest
configure:5409: $? = 0
configure:5419: result: yes
configure:5357: checking for tzset
configure:5400: gcc -o conftest -g -O2   conftest.c  >&5
configure:5403: $? = 0
configure:5406: test -s conftest
configure:5409: $? = 0
configure:5419: result: yes
configure:5357: checking for vprintf
configure:5400: gcc -o conftest -g -O2   conftest.c  >&5
configure:5403: $? = 0
configure:5406: test -s conftest
configure:5409: $? = 0
configure:5419: result: yes
configure:5357: checking for wait3
configure:5400: gcc -o conftest -g -O2   conftest.c  >&5
configure:5403: $? = 0
configure:5406: test -s conftest
configure:5409: $? = 0
configure:5419: result: yes
configure:5440: checking for nanosleep
configure:5483: gcc -o conftest -g -O2   conftest.c  >&5
configure:5486: $? = 0
configure:5489: test -s conftest
configure:5492: $? = 0
configure:5502: result: yes
configure:5540: checking for unistd.h
configure:5545: result: yes
configure:5549: checking vfork.h usability
configure:5558: gcc -c -g -O2  conftest.c >&5
configure:5586:19: vfork.h: No such file or directory
configure:5561: $? = 1
configure: failed program was:
#line 5551 "configure"
#include "confdefs.h"
#include <stdio.h>
#if HAVE_SYS_TYPES_H
# include <sys/types.h>
#endif
#if HAVE_SYS_STAT_H
# include <sys/stat.h>
#endif
#if STDC_HEADERS
# include <stdlib.h>
# include <stddef.h>
#else
# if HAVE_STDLIB_H
#  include <stdlib.h>
# endif
#endif
#if HAVE_STRING_H
# if !STDC_HEADERS && HAVE_MEMORY_H
#  include <memory.h>
# endif
# include <string.h>
#endif
#if HAVE_STRINGS_H
# include <strings.h>
#endif
#if HAVE_INTTYPES_H
# include <inttypes.h>
#else
# if HAVE_STDINT_H
#  include <stdint.h>
# endif
#endif
#if HAVE_UNISTD_H
# include <unistd.h>
#endif
#include <vfork.h>
configure:5576: result: no
configure:5580: checking vfork.h presence
configure:5587: gcc -E  conftest.c
configure:5583:19: vfork.h: No such file or directory
configure:5593: $? = 1
configure: failed program was:
#line 5582 "configure"
#include "confdefs.h"
#include <vfork.h>
configure:5611: result: no
configure:5629: checking for vfork.h
configure:5636: result: no
configure:5654: checking for fork
configure:5697: gcc -o conftest -g -O2   conftest.c  >&5
configure:5700: $? = 0
configure:5703: test -s conftest
configure:5706: $? = 0
configure:5716: result: yes
configure:5654: checking for vfork
configure:5697: gcc -o conftest -g -O2   conftest.c  >&5
configure:5700: $? = 0
configure:5703: test -s conftest
configure:5706: $? = 0
configure:5716: result: yes
configure:5728: checking for working fork
configure:5772: result: yes
configure:5791: checking for working vfork
configure:5918: result: yes
configure:5949: checking whether closedir returns void
configure:5981: gcc -o conftest -g -O2   conftest.c  >&5
configure:5984: $? = 0
configure:5986: ./conftest
configure:5989: $? = 0
configure:6002: result: no
configure:6013: checking for library containing getspnam
configure:6046: gcc -o conftest -g -O2   conftest.c  >&5
configure:6049: $? = 0
configure:6052: test -s conftest
configure:6055: $? = 0
configure:6114: result: none required
configure:6126: checking whether utime accepts a null argument
configure:6160: gcc -o conftest -g -O2   conftest.c  >&5
configure:6163: $? = 0
configure:6165: ./conftest
configure:6168: $? = 0
configure:6182: result: yes
configure:6193: checking for long file names
configure:6232: result: yes
configure:6243: checking for working GNU-style fnmatch
configure:6278: gcc -o conftest -g -O2   conftest.c  >&5
configure:6281: $? = 0
configure:6283: ./conftest
configure:6286: $? = 0
configure:6299: result: yes
configure:6322: checking for stdlib.h
configure:6327: result: yes
configure:6322: checking for unistd.h
configure:6327: result: yes
configure:6435: checking for getpagesize
configure:6497: result: yes
configure:6507: checking for working mmap
configure:6646: gcc -o conftest -g -O2   conftest.c  >&5
configure:6649: $? = 0
configure:6651: ./conftest
configure:6654: $? = 0
configure:6667: result: yes
configure:6681: checking for main in -lnsl
configure:6708: gcc -o conftest -g -O2   conftest.c -lnsl   >&5
configure:6711: $? = 0
configure:6714: test -s conftest
configure:6717: $? = 0
configure:6728: result: yes
configure:6739: checking for library containing connect
configure:6772: gcc -o conftest -g -O2   conftest.c -lnsl  >&5
configure:6775: $? = 0
configure:6778: test -s conftest
configure:6781: $? = 0
configure:6840: result: none required
configure:6851: checking for library containing gethostbyname
configure:6884: gcc -o conftest -g -O2   conftest.c -lnsl  >&5
configure:6887: $? = 0
configure:6890: test -s conftest
configure:6893: $? = 0
configure:6952: result: none required
configure:6969: checking for KRB4 in /usr/kerberos
configure:6971: result: 
configure:6976: checking for krb.h
configure:7075: gcc -o conftest -g -O2   conftest.c -lnsl  >&5
configure:7057:17: krb.h: No such file or directory
configure:7078: $? = 1
configure: failed program was:
#line 7056 "configure"
#include "confdefs.h"
#include <krb.h>
#ifdef F77_DUMMY_MAIN
#  ifdef __cplusplus
     extern "C"
#  endif
   int F77_DUMMY_MAIN() { return 1; }
#endif
int
main ()
{
int i;
  ;
  return 0;
}
configure:7113: gcc -o conftest -g -O2   conftest.c -lnsl  >&5
configure:7095:17: krb.h: No such file or directory
configure:7116: $? = 1
configure: failed program was:
#line 7094 "configure"
#include "confdefs.h"
#include <krb.h>
#ifdef F77_DUMMY_MAIN
#  ifdef __cplusplus
     extern "C"
#  endif
   int F77_DUMMY_MAIN() { return 1; }
#endif
int
main ()
{
int i;
  ;
  return 0;
}
configure:7150: gcc -o conftest -g -O2 -I/usr/kerberos/include/kerberosIV   conftest.c -lnsl  >&5
In file included from configure:7132:
/usr/kerberos/include/kerberosIV/krb.h:34:28: kerberosIV/des.h: No such file or directory
/usr/kerberos/include/kerberosIV/krb.h:41:26: port-sockets.h: No such file or directory
configure:7153: $? = 1
configure: failed program was:
#line 7131 "configure"
#include "confdefs.h"
#include <krb.h>
#ifdef F77_DUMMY_MAIN
#  ifdef __cplusplus
     extern "C"
#  endif
   int F77_DUMMY_MAIN() { return 1; }
#endif
int
main ()
{
int i;
  ;
  return 0;
}
configure:7172: result: 
configure:7448: checking for krb_get_err_text
configure:7491: gcc -o conftest -g -O2   conftest.c -lnsl  >&5
/tmp/cclaxmgg.o: In function `main':
/home/wydeng/cvs_project/cvs-1.11.5/configure:7481: undefined reference to `krb_get_err_text'
collect2: ld returned 1 exit status
configure:7494: $? = 1
configure: failed program was:
#line 7453 "configure"
#include "confdefs.h"
/* System header to define __stub macros and hopefully few prototypes,
    which can conflict with char krb_get_err_text (); below.  */
#include <assert.h>
/* Override any gcc2 internal prototype to avoid an error.  */
#ifdef __cplusplus
extern "C"
#endif
/* We use char because int might match the return type of a gcc2
   builtin and then its argument prototype would still apply.  */
char krb_get_err_text ();
char (*f) ();

#ifdef F77_DUMMY_MAIN
#  ifdef __cplusplus
     extern "C"
#  endif
   int F77_DUMMY_MAIN() { return 1; }
#endif
int
main ()
{
/* The GNU C library defines this for functions which it implements
    to always fail with ENOSYS.  Some functions are actually named
    something starting with __ and the normal name is an alias.  */
#if defined (__stub_krb_get_err_text) || defined (__stub___krb_get_err_text)
choke me
#else
f = krb_get_err_text;
#endif

  ;
  return 0;
}
configure:7510: result: no
configure:7572: checking for GSSAPI
configure:7574: result: 
configure:7602: checking gssapi.h usability
configure:7611: gcc -c -g -O2  conftest.c >&5
configure:7639:20: gssapi.h: No such file or directory
configure:7614: $? = 1
configure: failed program was:
#line 7604 "configure"
#include "confdefs.h"
#include <stdio.h>
#if HAVE_SYS_TYPES_H
# include <sys/types.h>
#endif
#if HAVE_SYS_STAT_H
# include <sys/stat.h>
#endif
#if STDC_HEADERS
# include <stdlib.h>
# include <stddef.h>
#else
# if HAVE_STDLIB_H
#  include <stdlib.h>
# endif
#endif
#if HAVE_STRING_H
# if !STDC_HEADERS && HAVE_MEMORY_H
#  include <memory.h>
# endif
# include <string.h>
#endif
#if HAVE_STRINGS_H
# include <strings.h>
#endif
#if HAVE_INTTYPES_H
# include <inttypes.h>
#else
# if HAVE_STDINT_H
#  include <stdint.h>
# endif
#endif
#if HAVE_UNISTD_H
# include <unistd.h>
#endif
#include <gssapi.h>
configure:7629: result: no
configure:7633: checking gssapi.h presence
configure:7640: gcc -E  conftest.c
configure:7636:20: gssapi.h: No such file or directory
configure:7646: $? = 1
configure: failed program was:
#line 7635 "configure"
#include "confdefs.h"
#include <gssapi.h>
configure:7664: result: no
configure:7682: checking for gssapi.h
configure:7689: result: no
configure:7602: checking gssapi/gssapi.h usability
configure:7611: gcc -c -g -O2  conftest.c >&5
configure:7639:27: gssapi/gssapi.h: No such file or directory
configure:7614: $? = 1
configure: failed program was:
#line 7604 "configure"
#include "confdefs.h"
#include <stdio.h>
#if HAVE_SYS_TYPES_H
# include <sys/types.h>
#endif
#if HAVE_SYS_STAT_H
# include <sys/stat.h>
#endif
#if STDC_HEADERS
# include <stdlib.h>
# include <stddef.h>
#else
# if HAVE_STDLIB_H
#  include <stdlib.h>
# endif
#endif
#if HAVE_STRING_H
# if !STDC_HEADERS && HAVE_MEMORY_H
#  include <memory.h>
# endif
# include <string.h>
#endif
#if HAVE_STRINGS_H
# include <strings.h>
#endif
#if HAVE_INTTYPES_H
# include <inttypes.h>
#else
# if HAVE_STDINT_H
#  include <stdint.h>
# endif
#endif
#if HAVE_UNISTD_H
# include <unistd.h>
#endif
#include <gssapi/gssapi.h>
configure:7629: result: no
configure:7633: checking gssapi/gssapi.h presence
configure:7640: gcc -E  conftest.c
configure:7636:27: gssapi/gssapi.h: No such file or directory
configure:7646: $? = 1
configure: failed program was:
#line 7635 "configure"
#include "confdefs.h"
#include <gssapi/gssapi.h>
configure:7664: result: no
configure:7682: checking for gssapi/gssapi.h
configure:7689: result: no
configure:7602: checking krb5.h usability
configure:7611: gcc -c -g -O2  conftest.c >&5
configure:7639:18: krb5.h: No such file or directory
configure:7614: $? = 1
configure: failed program was:
#line 7604 "configure"
#include "confdefs.h"
#include <stdio.h>
#if HAVE_SYS_TYPES_H
# include <sys/types.h>
#endif
#if HAVE_SYS_STAT_H
# include <sys/stat.h>
#endif
#if STDC_HEADERS
# include <stdlib.h>
# include <stddef.h>
#else
# if HAVE_STDLIB_H
#  include <stdlib.h>
# endif
#endif
#if HAVE_STRING_H
# if !STDC_HEADERS && HAVE_MEMORY_H
#  include <memory.h>
# endif
# include <string.h>
#endif
#if HAVE_STRINGS_H
# include <strings.h>
#endif
#if HAVE_INTTYPES_H
# include <inttypes.h>
#else
# if HAVE_STDINT_H
#  include <stdint.h>
# endif
#endif
#if HAVE_UNISTD_H
# include <unistd.h>
#endif
#include <krb5.h>
configure:7629: result: no
configure:7633: checking krb5.h presence
configure:7640: gcc -E  conftest.c
configure:7636:18: krb5.h: No such file or directory
configure:7646: $? = 1
configure: failed program was:
#line 7635 "configure"
#include "confdefs.h"
#include <krb5.h>
configure:7664: result: no
configure:7682: checking for krb5.h
configure:7689: result: no
configure:7578: checking for GSSAPI in /usr/kerberos
configure:7580: result: 
configure:7602: checking gssapi.h usability
configure:7611: gcc -c -g -O2  -I/usr/kerberos/include conftest.c >&5
configure:7639:20: gssapi.h: No such file or directory
configure:7614: $? = 1
configure: failed program was:
#line 7604 "configure"
#include "confdefs.h"
#include <stdio.h>
#if HAVE_SYS_TYPES_H
# include <sys/types.h>
#endif
#if HAVE_SYS_STAT_H
# include <sys/stat.h>
#endif
#if STDC_HEADERS
# include <stdlib.h>
# include <stddef.h>
#else
# if HAVE_STDLIB_H
#  include <stdlib.h>
# endif
#endif
#if HAVE_STRING_H
# if !STDC_HEADERS && HAVE_MEMORY_H
#  include <memory.h>
# endif
# include <string.h>
#endif
#if HAVE_STRINGS_H
# include <strings.h>
#endif
#if HAVE_INTTYPES_H
# include <inttypes.h>
#else
# if HAVE_STDINT_H
#  include <stdint.h>
# endif
#endif
#if HAVE_UNISTD_H
# include <unistd.h>
#endif
#include <gssapi.h>
configure:7629: result: no
configure:7633: checking gssapi.h presence
configure:7640: gcc -E  -I/usr/kerberos/include conftest.c
configure:7636:20: gssapi.h: No such file or directory
configure:7646: $? = 1
configure: failed program was:
#line 7635 "configure"
#include "confdefs.h"
#include <gssapi.h>
configure:7664: result: no
configure:7682: checking for gssapi.h
configure:7689: result: no
configure:7602: checking gssapi/gssapi.h usability
configure:7611: gcc -c -g -O2  -I/usr/kerberos/include conftest.c >&5
configure:7614: $? = 0
configure:7617: test -s conftest.o
configure:7620: $? = 0
configure:7629: result: yes
configure:7633: checking gssapi/gssapi.h presence
configure:7640: gcc -E  -I/usr/kerberos/include conftest.c
configure:7646: $? = 0
configure:7664: result: yes
configure:7682: checking for gssapi/gssapi.h
configure:7689: result: yes
configure:7602: checking krb5.h usability
configure:7611: gcc -c -g -O2  -I/usr/kerberos/include conftest.c >&5
configure:7614: $? = 0
configure:7617: test -s conftest.o
configure:7620: $? = 0
configure:7629: result: yes
configure:7633: checking krb5.h presence
configure:7640: gcc -E  -I/usr/kerberos/include conftest.c
configure:7646: $? = 0
configure:7664: result: yes
configure:7682: checking for krb5.h
configure:7689: result: yes
configure:7712: checking for GSSAPI
configure:7716: result: /usr/kerberos
configure:7754: checking for gssapi.h
configure:7759: result: no
configure:7754: checking for gssapi/gssapi.h
configure:7759: result: yes
configure:7763: checking gssapi/gssapi_generic.h usability
configure:7772: gcc -c -g -O2  -I/usr/kerberos/include conftest.c >&5
configure:7775: $? = 0
configure:7778: test -s conftest.o
configure:7781: $? = 0
configure:7790: result: yes
configure:7794: checking gssapi/gssapi_generic.h presence
configure:7801: gcc -E  -I/usr/kerberos/include conftest.c
configure:7807: $? = 0
configure:7825: result: yes
configure:7843: checking for gssapi/gssapi_generic.h
configure:7850: result: yes
configure:7754: checking for krb5.h
configure:7759: result: yes
configure:7864: checking for GSS_C_NT_HOSTBASED_SERVICE
configure:7962: result: gss_nt_service_name
configure:8003: checking for library containing des_set_odd_parity
configure:8036: gcc -o conftest -g -O2   conftest.c -L/usr/kerberos/lib -lnsl  >&5
/tmp/ccKx0yJm.o: In function `main':
/home/wydeng/cvs_project/cvs-1.11.5/configure:8028: undefined reference to `des_set_odd_parity'
collect2: ld returned 1 exit status
configure:8039: $? = 1
configure: failed program was:
#line 8010 "configure"
#include "confdefs.h"

/* Override any gcc2 internal prototype to avoid an error.  */
#ifdef __cplusplus
extern "C"
#endif
/* We use char because int might match the return type of a gcc2
   builtin and then its argument prototype would still apply.  */
char des_set_odd_parity ();
#ifdef F77_DUMMY_MAIN
#  ifdef __cplusplus
     extern "C"
#  endif
   int F77_DUMMY_MAIN() { return 1; }
#endif
int
main ()
{
des_set_odd_parity ();
  ;
  return 0;
}
configure:8082: gcc -o conftest -g -O2   conftest.c -ldes  -L/usr/kerberos/lib -lnsl  >&5
/usr/bin/ld: cannot find -ldes
collect2: ld returned 1 exit status
configure:8085: $? = 1
configure: failed program was:
#line 8056 "configure"
#include "confdefs.h"

/* Override any gcc2 internal prototype to avoid an error.  */
#ifdef __cplusplus
extern "C"
#endif
/* We use char because int might match the return type of a gcc2
   builtin and then its argument prototype would still apply.  */
char des_set_odd_parity ();
#ifdef F77_DUMMY_MAIN
#  ifdef __cplusplus
     extern "C"
#  endif
   int F77_DUMMY_MAIN() { return 1; }
#endif
int
main ()
{
des_set_odd_parity ();
  ;
  return 0;
}
configure:8104: result: no
configure:8117: checking for library containing com_err
configure:8150: gcc -o conftest -g -O2   conftest.c -L/usr/kerberos/lib -lnsl  >&5
/tmp/ccW8JscP.o: In function `main':
/home/wydeng/cvs_project/cvs-1.11.5/configure:8142: undefined reference to `com_err'
collect2: ld returned 1 exit status
configure:8153: $? = 1
configure: failed program was:
#line 8124 "configure"
#include "confdefs.h"

/* Override any gcc2 internal prototype to avoid an error.  */
#ifdef __cplusplus
extern "C"
#endif
/* We use char because int might match the return type of a gcc2
   builtin and then its argument prototype would still apply.  */
char com_err ();
#ifdef F77_DUMMY_MAIN
#  ifdef __cplusplus
     extern "C"
#  endif
   int F77_DUMMY_MAIN() { return 1; }
#endif
int
main ()
{
com_err ();
  ;
  return 0;
}
configure:8196: gcc -o conftest -g -O2   conftest.c -lcom_err  -L/usr/kerberos/lib -lnsl  >&5
configure:8199: $? = 0
configure:8202: test -s conftest
configure:8205: $? = 0
configure:8218: result: -lcom_err
configure:8229: checking for library containing initialize_asn1_error_table_r
configure:8262: gcc -o conftest -g -O2   conftest.c -lcom_err -L/usr/kerberos/lib -lnsl  >&5
/tmp/ccNUWWYn.o: In function `main':
/home/wydeng/cvs_project/cvs-1.11.5/configure:8254: undefined reference to `initialize_asn1_error_table_r'
collect2: ld returned 1 exit status
configure:8265: $? = 1
configure: failed program was:
#line 8236 "configure"
#include "confdefs.h"

/* Override any gcc2 internal prototype to avoid an error.  */
#ifdef __cplusplus
extern "C"
#endif
/* We use char because int might match the return type of a gcc2
   builtin and then its argument prototype would still apply.  */
char initialize_asn1_error_table_r ();
#ifdef F77_DUMMY_MAIN
#  ifdef __cplusplus
     extern "C"
#  endif
   int F77_DUMMY_MAIN() { return 1; }
#endif
int
main ()
{
initialize_asn1_error_table_r ();
  ;
  return 0;
}
configure:8308: gcc -o conftest -g -O2   conftest.c -lasn1  -lcom_err -L/usr/kerberos/lib -lnsl  >&5
/usr/bin/ld: cannot find -lasn1
collect2: ld returned 1 exit status
configure:8311: $? = 1
configure: failed program was:
#line 8282 "configure"
#include "confdefs.h"

/* Override any gcc2 internal prototype to avoid an error.  */
#ifdef __cplusplus
extern "C"
#endif
/* We use char because int might match the return type of a gcc2
   builtin and then its argument prototype would still apply.  */
char initialize_asn1_error_table_r ();
#ifdef F77_DUMMY_MAIN
#  ifdef __cplusplus
     extern "C"
#  endif
   int F77_DUMMY_MAIN() { return 1; }
#endif
int
main ()
{
initialize_asn1_error_table_r ();
  ;
  return 0;
}
configure:8330: result: no
configure:8344: checking for library containing __dn_expand
configure:8377: gcc -o conftest -g -O2   conftest.c -lcom_err -L/usr/kerberos/lib -lnsl  >&5
/tmp/ccJr26MM.o: In function `main':
/home/wydeng/cvs_project/cvs-1.11.5/configure:8369: undefined reference to `__dn_expand'
collect2: ld returned 1 exit status
configure:8380: $? = 1
configure: failed program was:
#line 8351 "configure"
#include "confdefs.h"

/* Override any gcc2 internal prototype to avoid an error.  */
#ifdef __cplusplus
extern "C"
#endif
/* We use char because int might match the return type of a gcc2
   builtin and then its argument prototype would still apply.  */
char __dn_expand ();
#ifdef F77_DUMMY_MAIN
#  ifdef __cplusplus
     extern "C"
#  endif
   int F77_DUMMY_MAIN() { return 1; }
#endif
int
main ()
{
__dn_expand ();
  ;
  return 0;
}
configure:8423: gcc -o conftest -g -O2   conftest.c -lresolv  -lcom_err -L/usr/kerberos/lib -lnsl  >&5
configure:8426: $? = 0
configure:8429: test -s conftest
configure:8432: $? = 0
configure:8445: result: -lresolv
configure:8456: checking for library containing roken_gethostbyaddr
configure:8489: gcc -o conftest -g -O2   conftest.c -lresolv -lcom_err -L/usr/kerberos/lib -lnsl  >&5
/tmp/ccEV37ul.o: In function `main':
/home/wydeng/cvs_project/cvs-1.11.5/configure:8481: undefined reference to `roken_gethostbyaddr'
collect2: ld returned 1 exit status
configure:8492: $? = 1
configure: failed program was:
#line 8463 "configure"
#include "confdefs.h"

/* Override any gcc2 internal prototype to avoid an error.  */
#ifdef __cplusplus
extern "C"
#endif
/* We use char because int might match the return type of a gcc2
   builtin and then its argument prototype would still apply.  */
char roken_gethostbyaddr ();
#ifdef F77_DUMMY_MAIN
#  ifdef __cplusplus
     extern "C"
#  endif
   int F77_DUMMY_MAIN() { return 1; }
#endif
int
main ()
{
roken_gethostbyaddr ();
  ;
  return 0;
}
configure:8535: gcc -o conftest -g -O2   conftest.c -lroken  -lresolv -lcom_err -L/usr/kerberos/lib -lnsl  >&5
/usr/bin/ld: cannot find -lroken
collect2: ld returned 1 exit status
configure:8538: $? = 1
configure: failed program was:
#line 8509 "configure"
#include "confdefs.h"

/* Override any gcc2 internal prototype to avoid an error.  */
#ifdef __cplusplus
extern "C"
#endif
/* We use char because int might match the return type of a gcc2
   builtin and then its argument prototype would still apply.  */
char roken_gethostbyaddr ();
#ifdef F77_DUMMY_MAIN
#  ifdef __cplusplus
     extern "C"
#  endif
   int F77_DUMMY_MAIN() { return 1; }
#endif
int
main ()
{
roken_gethostbyaddr ();
  ;
  return 0;
}
configure:8557: result: no
configure:8568: checking for library containing valid_enctype
configure:8601: gcc -o conftest -g -O2   conftest.c -lresolv -lcom_err -L/usr/kerberos/lib -lnsl  >&5
/tmp/ccQMNTjL.o: In function `main':
/home/wydeng/cvs_project/cvs-1.11.5/configure:8593: undefined reference to `valid_enctype'
collect2: ld returned 1 exit status
configure:8604: $? = 1
configure: failed program was:
#line 8575 "configure"
#include "confdefs.h"

/* Override any gcc2 internal prototype to avoid an error.  */
#ifdef __cplusplus
extern "C"
#endif
/* We use char because int might match the return type of a gcc2
   builtin and then its argument prototype would still apply.  */
char valid_enctype ();
#ifdef F77_DUMMY_MAIN
#  ifdef __cplusplus
     extern "C"
#  endif
   int F77_DUMMY_MAIN() { return 1; }
#endif
int
main ()
{
valid_enctype ();
  ;
  return 0;
}
configure:8647: gcc -o conftest -g -O2   conftest.c -lk5crypto  -lresolv -lcom_err -L/usr/kerberos/lib -lnsl  >&5
configure:8650: $? = 0
configure:8653: test -s conftest
configure:8656: $? = 0
configure:8669: result: -lk5crypto
configure:8687: checking for library containing compile
configure:8720: gcc -o conftest -g -O2   conftest.c -lk5crypto -lresolv -lcom_err -L/usr/kerberos/lib -lnsl  >&5
/tmp/cclJdluj.o: In function `main':
/home/wydeng/cvs_project/cvs-1.11.5/configure:8712: undefined reference to `compile'
collect2: ld returned 1 exit status
configure:8723: $? = 1
configure: failed program was:
#line 8694 "configure"
#include "confdefs.h"

/* Override any gcc2 internal prototype to avoid an error.  */
#ifdef __cplusplus
extern "C"
#endif
/* We use char because int might match the return type of a gcc2
   builtin and then its argument prototype would still apply.  */
char compile ();
#ifdef F77_DUMMY_MAIN
#  ifdef __cplusplus
     extern "C"
#  endif
   int F77_DUMMY_MAIN() { return 1; }
#endif
int
main ()
{
compile ();
  ;
  return 0;
}
configure:8766: gcc -o conftest -g -O2   conftest.c -lgen  -lk5crypto -lresolv -lcom_err -L/usr/kerberos/lib -lnsl  >&5
/usr/bin/ld: cannot find -lgen
collect2: ld returned 1 exit status
configure:8769: $? = 1
configure: failed program was:
#line 8740 "configure"
#include "confdefs.h"

/* Override any gcc2 internal prototype to avoid an error.  */
#ifdef __cplusplus
extern "C"
#endif
/* We use char because int might match the return type of a gcc2
   builtin and then its argument prototype would still apply.  */
char compile ();
#ifdef F77_DUMMY_MAIN
#  ifdef __cplusplus
     extern "C"
#  endif
   int F77_DUMMY_MAIN() { return 1; }
#endif
int
main ()
{
compile ();
  ;
  return 0;
}
configure:8788: result: no
configure:8809: checking for library containing krb5_free_context
configure:8842: gcc -o conftest -g -O2   conftest.c -lk5crypto -lresolv -lcom_err -L/usr/kerberos/lib -lnsl  >&5
/tmp/ccQ0edEg.o: In function `main':
/home/wydeng/cvs_project/cvs-1.11.5/configure:8834: undefined reference to `krb5_free_context'
collect2: ld returned 1 exit status
configure:8845: $? = 1
configure: failed program was:
#line 8816 "configure"
#include "confdefs.h"

/* Override any gcc2 internal prototype to avoid an error.  */
#ifdef __cplusplus
extern "C"
#endif
/* We use char because int might match the return type of a gcc2
   builtin and then its argument prototype would still apply.  */
char krb5_free_context ();
#ifdef F77_DUMMY_MAIN
#  ifdef __cplusplus
     extern "C"
#  endif
   int F77_DUMMY_MAIN() { return 1; }
#endif
int
main ()
{
krb5_free_context ();
  ;
  return 0;
}
configure:8888: gcc -o conftest -g -O2   conftest.c -lkrb5  -lk5crypto -lresolv -lcom_err -L/usr/kerberos/lib -lnsl  >&5
configure:8891: $? = 0
configure:8894: test -s conftest
configure:8897: $? = 0
configure:8910: result: -lkrb5
configure:8929: checking for library containing gss_import_name
configure:8962: gcc -o conftest -g -O2   conftest.c -lkrb5 -lk5crypto -lresolv -lcom_err -L/usr/kerberos/lib -lnsl  >&5
/tmp/ccLJGibQ.o: In function `main':
/home/wydeng/cvs_project/cvs-1.11.5/configure:8954: undefined reference to `gss_import_name'
collect2: ld returned 1 exit status
configure:8965: $? = 1
configure: failed program was:
#line 8936 "configure"
#include "confdefs.h"

/* Override any gcc2 internal prototype to avoid an error.  */
#ifdef __cplusplus
extern "C"
#endif
/* We use char because int might match the return type of a gcc2
   builtin and then its argument prototype would still apply.  */
char gss_import_name ();
#ifdef F77_DUMMY_MAIN
#  ifdef __cplusplus
     extern "C"
#  endif
   int F77_DUMMY_MAIN() { return 1; }
#endif
int
main ()
{
gss_import_name ();
  ;
  return 0;
}
configure:9008: gcc -o conftest -g -O2   conftest.c -lgssapi_krb5  -lkrb5 -lk5crypto -lresolv -lcom_err -L/usr/kerberos/lib -lnsl  >&5
configure:9011: $? = 0
configure:9014: test -s conftest
configure:9017: $? = 0
configure:9030: result: -lgssapi_krb5
configure:9076: checking for vi
configure:9092: found /bin/vi
configure:9102: result: vi
configure:9136: checking for temporary directory
configure:9150: result: /tmp
configure:9298: checking for library containing crypt
configure:9331: gcc -o conftest -g -O2   conftest.c -lgssapi_krb5 -lkrb5 -lk5crypto -lresolv -lcom_err -L/usr/kerberos/lib -lnsl  >&5
/tmp/cc2KRCix.o: In function `main':
/home/wydeng/cvs_project/cvs-1.11.5/configure:9323: undefined reference to `crypt'
collect2: ld returned 1 exit status
configure:9334: $? = 1
configure: failed program was:
#line 9305 "configure"
#include "confdefs.h"

/* Override any gcc2 internal prototype to avoid an error.  */
#ifdef __cplusplus
extern "C"
#endif
/* We use char because int might match the return type of a gcc2
   builtin and then its argument prototype would still apply.  */
char crypt ();
#ifdef F77_DUMMY_MAIN
#  ifdef __cplusplus
     extern "C"
#  endif
   int F77_DUMMY_MAIN() { return 1; }
#endif
int
main ()
{
crypt ();
  ;
  return 0;
}
configure:9377: gcc -o conftest -g -O2   conftest.c -lcrypt  -lgssapi_krb5 -lkrb5 -lk5crypto -lresolv -lcom_err -L/usr/kerberos/lib -lnsl  >&5
configure:9380: $? = 0
configure:9383: test -s conftest
configure:9386: $? = 0
configure:9399: result: -lcrypt
configure:9540: checking for cygwin32
configure:9564: gcc -c -g -O2  conftest.c >&5
configure: In function `main':
configure:9556: `__CYGWIN32__' undeclared (first use in this function)
configure:9556: (Each undeclared identifier is reported only once
configure:9556: for each function it appears in.)
configure:9567: $? = 1
configure: failed program was:
#line 9545 "configure"
#include "confdefs.h"

#ifdef F77_DUMMY_MAIN
#  ifdef __cplusplus
     extern "C"
#  endif
   int F77_DUMMY_MAIN() { return 1; }
#endif
int
main ()
{
return __CYGWIN32__;
  ;
  return 0;
}
configure:9583: result: no
configure:9729: creating ./config.status

## ---------------------- ##
## Running config.status. ##
## ---------------------- ##

This file was extended by Concurrent Versions System (CVS) config.status 1.11.5, which was
generated by GNU Autoconf 2.53.  Invocation command line was

  CONFIG_FILES    = 
  CONFIG_HEADERS  = 
  CONFIG_LINKS    = 
  CONFIG_COMMANDS = 
  $ ./config.status 

on rd.photonocbridges.com

config.status:647: creating contrib/check_cvs
config.status:647: creating contrib/clmerge
config.status:647: creating contrib/cln_hist
config.status:647: creating contrib/commit_prep
config.status:647: creating contrib/cvs_acls
config.status:647: creating contrib/log
config.status:647: creating contrib/log_accum
config.status:647: creating contrib/mfpipe
config.status:647: creating contrib/pvcs2rcs
config.status:647: creating contrib/rcslock
config.status:647: creating contrib/sccs2rcs
config.status:647: creating src/cvsbug
config.status:647: creating Makefile
config.status:647: creating contrib/Makefile
config.status:647: creating cvs.spec
config.status:647: creating diff/Makefile
config.status:647: creating doc/Makefile
config.status:647: creating emx/Makefile
config.status:647: creating lib/Makefile
config.status:647: creating man/Makefile
config.status:647: creating os2/Makefile
config.status:647: creating src/Makefile
config.status:647: creating tools/Makefile
config.status:647: creating vms/Makefile
config.status:647: creating windows-NT/Makefile
config.status:647: creating windows-NT/SCC/Makefile
config.status:647: creating zlib/Makefile
config.status:766: creating config.h
config.status:1129: config.h is unchanged
config.status:1327: executing depfiles commands

## ---------------- ##
## Cache variables. ##
## ---------------- ##

ac_cv_c_compiler_gnu=yes
ac_cv_c_const=yes
ac_cv_env_CC_set=
ac_cv_env_CC_value=
ac_cv_env_CFLAGS_set=
ac_cv_env_CFLAGS_value=
ac_cv_env_CPPFLAGS_set=
ac_cv_env_CPPFLAGS_value=
ac_cv_env_CPP_set=
ac_cv_env_CPP_value=
ac_cv_env_EDITOR_set=
ac_cv_env_EDITOR_value=
ac_cv_env_LDFLAGS_set=
ac_cv_env_LDFLAGS_value=
ac_cv_env_build_alias_set=
ac_cv_env_build_alias_value=
ac_cv_env_host_alias_set=
ac_cv_env_host_alias_value=
ac_cv_env_target_alias_set=
ac_cv_env_target_alias_value=
ac_cv_exeext=
ac_cv_func_closedir_void=no
ac_cv_func_dup2=yes
ac_cv_func_fchdir=yes
ac_cv_func_fchmod=yes
ac_cv_func_fnmatch_works=yes
ac_cv_func_fork=yes
ac_cv_func_fork_works=yes
ac_cv_func_fsync=yes
ac_cv_func_ftime=yes
ac_cv_func_ftruncate=yes
ac_cv_func_geteuid=yes
ac_cv_func_getgroups=yes
ac_cv_func_gethostname=yes
ac_cv_func_getopt=yes
ac_cv_func_getpagesize=yes
ac_cv_func_getpassphrase=no
ac_cv_func_gettimeofday=yes
ac_cv_func_initgroups=yes
ac_cv_func_krb_get_err_text=no
ac_cv_func_login=no
ac_cv_func_logout=no
ac_cv_func_memmove=yes
ac_cv_func_mkdir=yes
ac_cv_func_mknod=yes
ac_cv_func_mkstemp=yes
ac_cv_func_mktemp=yes
ac_cv_func_mmap_fixed_mapped=yes
ac_cv_func_nanosleep=yes
ac_cv_func_putenv=yes
ac_cv_func_readlink=yes
ac_cv_func_regcomp=yes
ac_cv_func_regerror=yes
ac_cv_func_regexec=yes
ac_cv_func_regfree=yes
ac_cv_func_rename=yes
ac_cv_func_sigaction=yes
ac_cv_func_sigblock=yes
ac_cv_func_sigprocmask=yes
ac_cv_func_sigsetmask=yes
ac_cv_func_sigvec=yes
ac_cv_func_strerror=yes
ac_cv_func_strstr=yes
ac_cv_func_strtoul=yes
ac_cv_func_tempnam=yes
ac_cv_func_timezone=yes
ac_cv_func_tzset=yes
ac_cv_func_utime_null=yes
ac_cv_func_valloc=yes
ac_cv_func_vfork=yes
ac_cv_func_vfork_works=yes
ac_cv_func_vprintf=yes
ac_cv_func_wait3=yes
ac_cv_func_waitpid=yes
ac_cv_header_direct_h=no
ac_cv_header_dirent_dirent_h=yes
ac_cv_header_errno_h=yes
ac_cv_header_fcntl_h=yes
ac_cv_header_fnmatch_h=yes
ac_cv_header_gssapi_gssapi_generic_h=yes
ac_cv_header_gssapi_gssapi_h=yes
ac_cv_header_gssapi_h=no
ac_cv_header_inttypes_h=yes
ac_cv_header_io_h=no
ac_cv_header_krb5_h=yes
ac_cv_header_limits_h=yes
ac_cv_header_memory_h=yes
ac_cv_header_minix_config_h=no
ac_cv_header_ndbm_h=no
ac_cv_header_stat_broken=no
ac_cv_header_stdc=yes
ac_cv_header_stdint_h=yes
ac_cv_header_stdlib_h=yes
ac_cv_header_string_h=yes
ac_cv_header_strings_h=yes
ac_cv_header_sys_bsdtypes_h=no
ac_cv_header_sys_file_h=yes
ac_cv_header_sys_param_h=yes
ac_cv_header_sys_resource_h=yes
ac_cv_header_sys_select_h=yes
ac_cv_header_sys_stat_h=yes
ac_cv_header_sys_time_h=yes
ac_cv_header_sys_timeb_h=yes
ac_cv_header_sys_types_h=yes
ac_cv_header_sys_wait_h=yes
ac_cv_header_syslog_h=yes
ac_cv_header_time=yes
ac_cv_header_unistd_h=yes
ac_cv_header_utime_h=yes
ac_cv_header_vfork_h=no
ac_cv_lib_nsl_main=yes
ac_cv_member_struct_stat_st_blksize=yes
ac_cv_member_struct_stat_st_rdev=yes
ac_cv_objext=o
ac_cv_path_CSH=/bin/csh
ac_cv_path_PERL=/usr/bin/perl
ac_cv_path_PR=/usr/bin/pr
ac_cv_path_PS2PDF=/usr/bin/ps2pdf
ac_cv_path_ROFF=/usr/bin/groff
ac_cv_path_TEXI2DVI=/usr/bin/texi2dvi
ac_cv_path_ac_prefix_program=/usr/bin/cvs
ac_cv_path_install=$'/usr/bin/install -c'
ac_cv_prog_AWK=gawk
ac_cv_prog_CPP=$'gcc -E'
ac_cv_prog_EDITOR=vi
ac_cv_prog_YACC=$'bison -y'
ac_cv_prog_ac_ct_CC=gcc
ac_cv_prog_ac_ct_RANLIB=ranlib
ac_cv_prog_cc_g=yes
ac_cv_prog_cc_gcc_c_o=yes
ac_cv_prog_cc_stdc=
ac_cv_prog_make_make_set=yes
ac_cv_search___dn_expand=-lresolv
ac_cv_search_com_err=-lcom_err
ac_cv_search_compile=no
ac_cv_search_connect=$'none required'
ac_cv_search_crypt=-lcrypt
ac_cv_search_des_set_odd_parity=no
ac_cv_search_gethostbyname=$'none required'
ac_cv_search_getspnam=$'none required'
ac_cv_search_gss_import_name=-lgssapi_krb5
ac_cv_search_initialize_asn1_error_table_r=no
ac_cv_search_krb5_free_context=-lkrb5
ac_cv_search_opendir=$'none required'
ac_cv_search_roken_gethostbyaddr=no
ac_cv_search_strerror=$'none required'
ac_cv_search_valid_enctype=-lk5crypto
ac_cv_sys_interpreter=yes
ac_cv_sys_long_file_names=yes
ac_cv_type_mode_t=yes
ac_cv_type_pid_t=yes
ac_cv_type_signal=void
ac_cv_type_size_t=yes
ac_cv_type_uid_t=yes
acx_gssapi_cv_gss_c_nt_hostbased_service=gss_nt_service_name
acx_gssapi_cv_gssapi=/usr/kerberos
am_cv_CC_dependencies_compiler_type=gcc3
ccvs_cv_bsd_make_vpath_bug=no
ccvs_cv_sys_cygwin32=no

## ----------- ##
## confdefs.h. ##
## ----------- ##

#define PACKAGE_NAME "Concurrent Versions System (CVS)"
#define PACKAGE_TARNAME "cvs"
#define PACKAGE_VERSION "1.11.5"
#define PACKAGE_STRING "Concurrent Versions System (CVS) 1.11.5"
#define PACKAGE_BUGREPORT "bug-cvs@gnu.org"
#define STDC_HEADERS 1
#define HAVE_SYS_TYPES_H 1
#define HAVE_SYS_STAT_H 1
#define HAVE_STDLIB_H 1
#define HAVE_STRING_H 1
#define HAVE_MEMORY_H 1
#define HAVE_STRINGS_H 1
#define HAVE_INTTYPES_H 1
#define HAVE_STDINT_H 1
#define HAVE_UNISTD_H 1
#define PR_PROGRAM "/usr/bin/pr"
#define HAVE_DIRENT_H 1
#define STDC_HEADERS 1
#define HAVE_SYS_WAIT_H 1
#define HAVE_ERRNO_H 1
#define HAVE_FCNTL_H 1
#define HAVE_FNMATCH_H 1
#define HAVE_LIMITS_H 1
#define HAVE_MEMORY_H 1
#define HAVE_STRING_H 1
#define HAVE_SYSLOG_H 1
#define HAVE_SYS_FILE_H 1
#define HAVE_SYS_PARAM_H 1
#define HAVE_SYS_RESOURCE_H 1
#define HAVE_SYS_SELECT_H 1
#define HAVE_SYS_TIME_H 1
#define HAVE_SYS_TIMEB_H 1
#define HAVE_UNISTD_H 1
#define HAVE_UTIME_H 1
#define TIME_WITH_SYS_TIME 1
#define RETSIGTYPE void
#define HAVE_STRUCT_STAT_ST_BLKSIZE 1
#define HAVE_STRUCT_STAT_ST_RDEV 1
#define HAVE_DUP2 1
#define HAVE_FTRUNCATE 1
#define HAVE_GETHOSTNAME 1
#define HAVE_MEMMOVE 1
#define HAVE_MKDIR 1
#define HAVE_RENAME 1
#define HAVE_STRERROR 1
#define HAVE_STRSTR 1
#define HAVE_STRTOUL 1
#define HAVE_VALLOC 1
#define HAVE_WAITPID 1
#define HAVE_FCHDIR 1
#define HAVE_FCHMOD 1
#define HAVE_FSYNC 1
#define HAVE_FTIME 1
#define HAVE_GETEUID 1
#define HAVE_GETGROUPS 1
#define HAVE_GETOPT 1
#define HAVE_GETPAGESIZE 1
#define HAVE_GETTIMEOFDAY 1
#define HAVE_INITGROUPS 1
#define HAVE_MKNOD 1
#define HAVE_MKSTEMP 1
#define HAVE_MKTEMP 1
#define HAVE_PUTENV 1
#define HAVE_READLINK 1
#define HAVE_REGCOMP 1
#define HAVE_REGERROR 1
#define HAVE_REGEXEC 1
#define HAVE_REGFREE 1
#define HAVE_SIGACTION 1
#define HAVE_SIGBLOCK 1
#define HAVE_SIGPROCMASK 1
#define HAVE_SIGSETMASK 1
#define HAVE_SIGVEC 1
#define HAVE_TEMPNAM 1
#define HAVE_TIMEZONE 1
#define HAVE_TZSET 1
#define HAVE_VPRINTF 1
#define HAVE_WAIT3 1
#define HAVE_NANOSLEEP 1
#define HAVE_STRCHR 1
#define HAVE_MEMCHR 1
#define REGEX_MALLOC 1
#define _REGEX_RE_COMP 1
#define HAVE_UNISTD_H 1
#define HAVE_FORK 1
#define HAVE_VFORK 1
#define HAVE_WORKING_VFORK 1
#define HAVE_WORKING_FORK 1
#define HAVE_GETSPNAM 1
#define HAVE_UTIME_NULL 1
#define HAVE_LONG_FILE_NAMES 1
#define HAVE_FNMATCH 1
#define HAVE_STDLIB_H 1
#define HAVE_UNISTD_H 1
#define HAVE_GETPAGESIZE 1
#define HAVE_MMAP 1
#define HAVE_LIBNSL 1
#define HAVE_CONNECT 1
#define HAVE_GSSAPI_GSSAPI_H 1
#define HAVE_KRB5_H 1
#define HAVE_GSSAPI
#define HAVE_GSSAPI_GSSAPI_H 1
#define HAVE_GSSAPI_GSSAPI_GENERIC_H 1
#define HAVE_KRB5_H 1
#define GSS_C_NT_HOSTBASED_SERVICE gss_nt_service_name
#define EDITOR_DFLT "vi"
#define TMPDIR_DFLT "/tmp"
#define UMASK_DFLT 002
#define CVS_ADMIN_GROUP "cvsadmin"
#define MY_NDBM 1
#define CLIENT_SUPPORT 1
#define AUTH_CLIENT_SUPPORT 1
#define SERVER_SUPPORT 1
#define HAVE_CRYPT 1
#define AUTH_SERVER_SUPPORT 1
#define SERVER_FLOWCONTROL 1
#define SERVER_LO_WATER (1 * 1024 * 1024)
#define SERVER_HI_WATER (2 * 1024 * 1024)
#define CVS_BADROOT 1

configure: exit 0

## ---------------------- ##
## Running config.status. ##
## ---------------------- ##

This file was extended by Concurrent Versions System (CVS) config.status 1.11.5, which was
generated by GNU Autoconf 2.53.  Invocation command line was

  CONFIG_FILES    = 
  CONFIG_HEADERS  = 
  CONFIG_LINKS    = 
  CONFIG_COMMANDS = 
  $ ./config.status contrib/check_cvs

on rd.photonocbridges.com

config.status:647: creating contrib/check_cvs

## ---------------------- ##
## Running config.status. ##
## ---------------------- ##

This file was extended by Concurrent Versions System (CVS) config.status 1.11.5, which was
generated by GNU Autoconf 2.53.  Invocation command line was

  CONFIG_FILES    = 
  CONFIG_HEADERS  = 
  CONFIG_LINKS    = 
  CONFIG_COMMANDS = 
  $ ./config.status contrib/clmerge

on rd.photonocbridges.com

config.status:647: creating contrib/clmerge

## ---------------------- ##
## Running config.status. ##
## ---------------------- ##

This file was extended by Concurrent Versions System (CVS) config.status 1.11.5, which was
generated by GNU Autoconf 2.53.  Invocation command line was

  CONFIG_FILES    = 
  CONFIG_HEADERS  = 
  CONFIG_LINKS    = 
  CONFIG_COMMANDS = 
  $ ./config.status contrib/cln_hist

on rd.photonocbridges.com

config.status:647: creating contrib/cln_hist

## ---------------------- ##
## Running config.status. ##
## ---------------------- ##

This file was extended by Concurrent Versions System (CVS) config.status 1.11.5, which was
generated by GNU Autoconf 2.53.  Invocation command line was

  CONFIG_FILES    = 
  CONFIG_HEADERS  = 
  CONFIG_LINKS    = 
  CONFIG_COMMANDS = 
  $ ./config.status contrib/commit_prep

on rd.photonocbridges.com

config.status:647: creating contrib/commit_prep

## ---------------------- ##
## Running config.status. ##
## ---------------------- ##

This file was extended by Concurrent Versions System (CVS) config.status 1.11.5, which was
generated by GNU Autoconf 2.53.  Invocation command line was

  CONFIG_FILES    = 
  CONFIG_HEADERS  = 
  CONFIG_LINKS    = 
  CONFIG_COMMANDS = 
  $ ./config.status contrib/cvs_acls

on rd.photonocbridges.com

config.status:647: creating contrib/cvs_acls

## ---------------------- ##
## Running config.status. ##
## ---------------------- ##

This file was extended by Concurrent Versions System (CVS) config.status 1.11.5, which was
generated by GNU Autoconf 2.53.  Invocation command line was

  CONFIG_FILES    = 
  CONFIG_HEADERS  = 
  CONFIG_LINKS    = 
  CONFIG_COMMANDS = 
  $ ./config.status contrib/log

on rd.photonocbridges.com

config.status:647: creating contrib/log

## ---------------------- ##
## Running config.status. ##
## ---------------------- ##

This file was extended by Concurrent Versions System (CVS) config.status 1.11.5, which was
generated by GNU Autoconf 2.53.  Invocation command line was

  CONFIG_FILES    = 
  CONFIG_HEADERS  = 
  CONFIG_LINKS    = 
  CONFIG_COMMANDS = 
  $ ./config.status contrib/log_accum

on rd.photonocbridges.com

config.status:647: creating contrib/log_accum

## ---------------------- ##
## Running config.status. ##
## ---------------------- ##

This file was extended by Concurrent Versions System (CVS) config.status 1.11.5, which was
generated by GNU Autoconf 2.53.  Invocation command line was

  CONFIG_FILES    = 
  CONFIG_HEADERS  = 
  CONFIG_LINKS    = 
  CONFIG_COMMANDS = 
  $ ./config.status contrib/mfpipe

on rd.photonocbridges.com

config.status:647: creating contrib/mfpipe

## ---------------------- ##
## Running config.status. ##
## ---------------------- ##

This file was extended by Concurrent Versions System (CVS) config.status 1.11.5, which was
generated by GNU Autoconf 2.53.  Invocation command line was

  CONFIG_FILES    = 
  CONFIG_HEADERS  = 
  CONFIG_LINKS    = 
  CONFIG_COMMANDS = 
  $ ./config.status contrib/pvcs2rcs

on rd.photonocbridges.com

config.status:647: creating contrib/pvcs2rcs

## ---------------------- ##
## Running config.status. ##
## ---------------------- ##

This file was extended by Concurrent Versions System (CVS) config.status 1.11.5, which was
generated by GNU Autoconf 2.53.  Invocation command line was

  CONFIG_FILES    = 
  CONFIG_HEADERS  = 
  CONFIG_LINKS    = 
  CONFIG_COMMANDS = 
  $ ./config.status contrib/rcslock

on rd.photonocbridges.com

config.status:647: creating contrib/rcslock

## ---------------------- ##
## Running config.status. ##
## ---------------------- ##

This file was extended by Concurrent Versions System (CVS) config.status 1.11.5, which was
generated by GNU Autoconf 2.53.  Invocation command line was

  CONFIG_FILES    = 
  CONFIG_HEADERS  = 
  CONFIG_LINKS    = 
  CONFIG_COMMANDS = 
  $ ./config.status contrib/sccs2rcs

on rd.photonocbridges.com

config.status:647: creating contrib/sccs2rcs

## ---------------------- ##
## Running config.status. ##
## ---------------------- ##

This file was extended by Concurrent Versions System (CVS) config.status 1.11.5, which was
generated by GNU Autoconf 2.53.  Invocation command line was

  CONFIG_FILES    = 
  CONFIG_HEADERS  = 
  CONFIG_LINKS    = 
  CONFIG_COMMANDS = 
  $ ./config.status contrib/check_cvs

on rd.photonocbridges.com

config.status:647: creating contrib/check_cvs

## ---------------------- ##
## Running config.status. ##
## ---------------------- ##

This file was extended by Concurrent Versions System (CVS) config.status 1.11.5, which was
generated by GNU Autoconf 2.53.  Invocation command line was

  CONFIG_FILES    = 
  CONFIG_HEADERS  = 
  CONFIG_LINKS    = 
  CONFIG_COMMANDS = 
  $ ./config.status contrib/clmerge

on rd.photonocbridges.com

config.status:647: creating contrib/clmerge

## ---------------------- ##
## Running config.status. ##
## ---------------------- ##

This file was extended by Concurrent Versions System (CVS) config.status 1.11.5, which was
generated by GNU Autoconf 2.53.  Invocation command line was

  CONFIG_FILES    = 
  CONFIG_HEADERS  = 
  CONFIG_LINKS    = 
  CONFIG_COMMANDS = 
  $ ./config.status contrib/cln_hist

on rd.photonocbridges.com

config.status:647: creating contrib/cln_hist

## ---------------------- ##
## Running config.status. ##
## ---------------------- ##

This file was extended by Concurrent Versions System (CVS) config.status 1.11.5, which was
generated by GNU Autoconf 2.53.  Invocation command line was

  CONFIG_FILES    = 
  CONFIG_HEADERS  = 
  CONFIG_LINKS    = 
  CONFIG_COMMANDS = 
  $ ./config.status contrib/commit_prep

on rd.photonocbridges.com

config.status:647: creating contrib/commit_prep

## ---------------------- ##
## Running config.status. ##
## ---------------------- ##

This file was extended by Concurrent Versions System (CVS) config.status 1.11.5, which was
generated by GNU Autoconf 2.53.  Invocation command line was

  CONFIG_FILES    = 
  CONFIG_HEADERS  = 
  CONFIG_LINKS    = 
  CONFIG_COMMANDS = 
  $ ./config.status contrib/cvs_acls

on rd.photonocbridges.com

config.status:647: creating contrib/cvs_acls

## ---------------------- ##
## Running config.status. ##
## ---------------------- ##

This file was extended by Concurrent Versions System (CVS) config.status 1.11.5, which was
generated by GNU Autoconf 2.53.  Invocation command line was

  CONFIG_FILES    = 
  CONFIG_HEADERS  = 
  CONFIG_LINKS    = 
  CONFIG_COMMANDS = 
  $ ./config.status contrib/log

on rd.photonocbridges.com

config.status:647: creating contrib/log

## ---------------------- ##
## Running config.status. ##
## ---------------------- ##

This file was extended by Concurrent Versions System (CVS) config.status 1.11.5, which was
generated by GNU Autoconf 2.53.  Invocation command line was

  CONFIG_FILES    = 
  CONFIG_HEADERS  = 
  CONFIG_LINKS    = 
  CONFIG_COMMANDS = 
  $ ./config.status contrib/log_accum

on rd.photonocbridges.com

config.status:647: creating contrib/log_accum

## ---------------------- ##
## Running config.status. ##
## ---------------------- ##

This file was extended by Concurrent Versions System (CVS) config.status 1.11.5, which was
generated by GNU Autoconf 2.53.  Invocation command line was

  CONFIG_FILES    = 
  CONFIG_HEADERS  = 
  CONFIG_LINKS    = 
  CONFIG_COMMANDS = 
  $ ./config.status contrib/mfpipe

on rd.photonocbridges.com

config.status:647: creating contrib/mfpipe

## ---------------------- ##
## Running config.status. ##
## ---------------------- ##

This file was extended by Concurrent Versions System (CVS) config.status 1.11.5, which was
generated by GNU Autoconf 2.53.  Invocation command line was

  CONFIG_FILES    = 
  CONFIG_HEADERS  = 
  CONFIG_LINKS    = 
  CONFIG_COMMANDS = 
  $ ./config.status contrib/pvcs2rcs

on rd.photonocbridges.com

config.status:647: creating contrib/pvcs2rcs

## ---------------------- ##
## Running config.status. ##
## ---------------------- ##

This file was extended by Concurrent Versions System (CVS) config.status 1.11.5, which was
generated by GNU Autoconf 2.53.  Invocation command line was

  CONFIG_FILES    = 
  CONFIG_HEADERS  = 
  CONFIG_LINKS    = 
  CONFIG_COMMANDS = 
  $ ./config.status contrib/rcslock

on rd.photonocbridges.com

config.status:647: creating contrib/rcslock

## ---------------------- ##
## Running config.status. ##
## ---------------------- ##

This file was extended by Concurrent Versions System (CVS) config.status 1.11.5, which was
generated by GNU Autoconf 2.53.  Invocation command line was

  CONFIG_FILES    = 
  CONFIG_HEADERS  = 
  CONFIG_LINKS    = 
  CONFIG_COMMANDS = 
  $ ./config.status contrib/sccs2rcs

on rd.photonocbridges.com

config.status:647: creating contrib/sccs2rcs

## ---------------------- ##
## Running config.status. ##
## ---------------------- ##

This file was extended by Concurrent Versions System (CVS) config.status 1.11.5, which was
generated by GNU Autoconf 2.53.  Invocation command line was

  CONFIG_FILES    = 
  CONFIG_HEADERS  = 
  CONFIG_LINKS    = 
  CONFIG_COMMANDS = 
  $ ./config.status contrib/check_cvs

on rd.photonocbridges.com

config.status:647: creating contrib/check_cvs

## ---------------------- ##
## Running config.status. ##
## ---------------------- ##

This file was extended by Concurrent Versions System (CVS) config.status 1.11.5, which was
generated by GNU Autoconf 2.53.  Invocation command line was

  CONFIG_FILES    = 
  CONFIG_HEADERS  = 
  CONFIG_LINKS    = 
  CONFIG_COMMANDS = 
  $ ./config.status contrib/clmerge

on rd.photonocbridges.com

config.status:647: creating contrib/clmerge

## ---------------------- ##
## Running config.status. ##
## ---------------------- ##

This file was extended by Concurrent Versions System (CVS) config.status 1.11.5, which was
generated by GNU Autoconf 2.53.  Invocation command line was

  CONFIG_FILES    = 
  CONFIG_HEADERS  = 
  CONFIG_LINKS    = 
  CONFIG_COMMANDS = 
  $ ./config.status contrib/cln_hist

on rd.photonocbridges.com

config.status:647: creating contrib/cln_hist

## ---------------------- ##
## Running config.status. ##
## ---------------------- ##

This file was extended by Concurrent Versions System (CVS) config.status 1.11.5, which was
generated by GNU Autoconf 2.53.  Invocation command line was

  CONFIG_FILES    = 
  CONFIG_HEADERS  = 
  CONFIG_LINKS    = 
  CONFIG_COMMANDS = 
  $ ./config.status contrib/commit_prep

on rd.photonocbridges.com

config.status:647: creating contrib/commit_prep

## ---------------------- ##
## Running config.status. ##
## ---------------------- ##

This file was extended by Concurrent Versions System (CVS) config.status 1.11.5, which was
generated by GNU Autoconf 2.53.  Invocation command line was

  CONFIG_FILES    = 
  CONFIG_HEADERS  = 
  CONFIG_LINKS    = 
  CONFIG_COMMANDS = 
  $ ./config.status contrib/cvs_acls

on rd.photonocbridges.com

config.status:647: creating contrib/cvs_acls

## ---------------------- ##
## Running config.status. ##
## ---------------------- ##

This file was extended by Concurrent Versions System (CVS) config.status 1.11.5, which was
generated by GNU Autoconf 2.53.  Invocation command line was

  CONFIG_FILES    = 
  CONFIG_HEADERS  = 
  CONFIG_LINKS    = 
  CONFIG_COMMANDS = 
  $ ./config.status contrib/log

on rd.photonocbridges.com

config.status:647: creating contrib/log

## ---------------------- ##
## Running config.status. ##
## ---------------------- ##

This file was extended by Concurrent Versions System (CVS) config.status 1.11.5, which was
generated by GNU Autoconf 2.53.  Invocation command line was

  CONFIG_FILES    = 
  CONFIG_HEADERS  = 
  CONFIG_LINKS    = 
  CONFIG_COMMANDS = 
  $ ./config.status contrib/log_accum

on rd.photonocbridges.com

config.status:647: creating contrib/log_accum

## ---------------------- ##
## Running config.status. ##
## ---------------------- ##

This file was extended by Concurrent Versions System (CVS) config.status 1.11.5, which was
generated by GNU Autoconf 2.53.  Invocation command line was

  CONFIG_FILES    = 
  CONFIG_HEADERS  = 
  CONFIG_LINKS    = 
  CONFIG_COMMANDS = 
  $ ./config.status contrib/mfpipe

on rd.photonocbridges.com

config.status:647: creating contrib/mfpipe

## ---------------------- ##
## Running config.status. ##
## ---------------------- ##

This file was extended by Concurrent Versions System (CVS) config.status 1.11.5, which was
generated by GNU Autoconf 2.53.  Invocation command line was

  CONFIG_FILES    = 
  CONFIG_HEADERS  = 
  CONFIG_LINKS    = 
  CONFIG_COMMANDS = 
  $ ./config.status contrib/pvcs2rcs

on rd.photonocbridges.com

config.status:647: creating contrib/pvcs2rcs

## ---------------------- ##
## Running config.status. ##
## ---------------------- ##

This file was extended by Concurrent Versions System (CVS) config.status 1.11.5, which was
generated by GNU Autoconf 2.53.  Invocation command line was

  CONFIG_FILES    = 
  CONFIG_HEADERS  = 
  CONFIG_LINKS    = 
  CONFIG_COMMANDS = 
  $ ./config.status contrib/rcslock

on rd.photonocbridges.com

config.status:647: creating contrib/rcslock

## ---------------------- ##
## Running config.status. ##
## ---------------------- ##

This file was extended by Concurrent Versions System (CVS) config.status 1.11.5, which was
generated by GNU Autoconf 2.53.  Invocation command line was

  CONFIG_FILES    = 
  CONFIG_HEADERS  = 
  CONFIG_LINKS    = 
  CONFIG_COMMANDS = 
  $ ./config.status contrib/sccs2rcs

on rd.photonocbridges.com

config.status:647: creating contrib/sccs2rcs

## ---------------------- ##
## Running config.status. ##
## ---------------------- ##

This file was extended by Concurrent Versions System (CVS) config.status 1.11.5, which was
generated by GNU Autoconf 2.53.  Invocation command line was

  CONFIG_FILES    = 
  CONFIG_HEADERS  = 
  CONFIG_LINKS    = 
  CONFIG_COMMANDS = 
  $ ./config.status contrib/check_cvs

on rd.photonocbridges.com

config.status:647: creating contrib/check_cvs

## ---------------------- ##
## Running config.status. ##
## ---------------------- ##

This file was extended by Concurrent Versions System (CVS) config.status 1.11.5, which was
generated by GNU Autoconf 2.53.  Invocation command line was

  CONFIG_FILES    = 
  CONFIG_HEADERS  = 
  CONFIG_LINKS    = 
  CONFIG_COMMANDS = 
  $ ./config.status contrib/clmerge

on rd.photonocbridges.com

config.status:647: creating contrib/clmerge

## ---------------------- ##
## Running config.status. ##
## ---------------------- ##

This file was extended by Concurrent Versions System (CVS) config.status 1.11.5, which was
generated by GNU Autoconf 2.53.  Invocation command line was

  CONFIG_FILES    = 
  CONFIG_HEADERS  = 
  CONFIG_LINKS    = 
  CONFIG_COMMANDS = 
  $ ./config.status contrib/cln_hist

on rd.photonocbridges.com

config.status:647: creating contrib/cln_hist

## ---------------------- ##
## Running config.status. ##
## ---------------------- ##

This file was extended by Concurrent Versions System (CVS) config.status 1.11.5, which was
generated by GNU Autoconf 2.53.  Invocation command line was

  CONFIG_FILES    = 
  CONFIG_HEADERS  = 
  CONFIG_LINKS    = 
  CONFIG_COMMANDS = 
  $ ./config.status contrib/commit_prep

on rd.photonocbridges.com

config.status:647: creating contrib/commit_prep

## ---------------------- ##
## Running config.status. ##
## ---------------------- ##

This file was extended by Concurrent Versions System (CVS) config.status 1.11.5, which was
generated by GNU Autoconf 2.53.  Invocation command line was

  CONFIG_FILES    = 
  CONFIG_HEADERS  = 
  CONFIG_LINKS    = 
  CONFIG_COMMANDS = 
  $ ./config.status contrib/cvs_acls

on rd.photonocbridges.com

config.status:647: creating contrib/cvs_acls

## ---------------------- ##
## Running config.status. ##
## ---------------------- ##

This file was extended by Concurrent Versions System (CVS) config.status 1.11.5, which was
generated by GNU Autoconf 2.53.  Invocation command line was

  CONFIG_FILES    = 
  CONFIG_HEADERS  = 
  CONFIG_LINKS    = 
  CONFIG_COMMANDS = 
  $ ./config.status contrib/log

on rd.photonocbridges.com

config.status:647: creating contrib/log

## ---------------------- ##
## Running config.status. ##
## ---------------------- ##

This file was extended by Concurrent Versions System (CVS) config.status 1.11.5, which was
generated by GNU Autoconf 2.53.  Invocation command line was

  CONFIG_FILES    = 
  CONFIG_HEADERS  = 
  CONFIG_LINKS    = 
  CONFIG_COMMANDS = 
  $ ./config.status contrib/log_accum

on rd.photonocbridges.com

config.status:647: creating contrib/log_accum

## ---------------------- ##
## Running config.status. ##
## ---------------------- ##

This file was extended by Concurrent Versions System (CVS) config.status 1.11.5, which was
generated by GNU Autoconf 2.53.  Invocation command line was

  CONFIG_FILES    = 
  CONFIG_HEADERS  = 
  CONFIG_LINKS    = 
  CONFIG_COMMANDS = 
  $ ./config.status contrib/mfpipe

on rd.photonocbridges.com

config.status:647: creating contrib/mfpipe

## ---------------------- ##
## Running config.status. ##
## ---------------------- ##

This file was extended by Concurrent Versions System (CVS) config.status 1.11.5, which was
generated by GNU Autoconf 2.53.  Invocation command line was

  CONFIG_FILES    = 
  CONFIG_HEADERS  = 
  CONFIG_LINKS    = 
  CONFIG_COMMANDS = 
  $ ./config.status contrib/pvcs2rcs

on rd.photonocbridges.com

config.status:647: creating contrib/pvcs2rcs

## ---------------------- ##
## Running config.status. ##
## ---------------------- ##

This file was extended by Concurrent Versions System (CVS) config.status 1.11.5, which was
generated by GNU Autoconf 2.53.  Invocation command line was

  CONFIG_FILES    = 
  CONFIG_HEADERS  = 
  CONFIG_LINKS    = 
  CONFIG_COMMANDS = 
  $ ./config.status contrib/rcslock

on rd.photonocbridges.com

config.status:647: creating contrib/rcslock

## ---------------------- ##
## Running config.status. ##
## ---------------------- ##

This file was extended by Concurrent Versions System (CVS) config.status 1.11.5, which was
generated by GNU Autoconf 2.53.  Invocation command line was

  CONFIG_FILES    = 
  CONFIG_HEADERS  = 
  CONFIG_LINKS    = 
  CONFIG_COMMANDS = 
  $ ./config.status contrib/sccs2rcs

on rd.photonocbridges.com

config.status:647: creating contrib/sccs2rcs

## ---------------------- ##
## Running config.status. ##
## ---------------------- ##

This file was extended by Concurrent Versions System (CVS) config.status 1.11.5, which was
generated by GNU Autoconf 2.53.  Invocation command line was

  CONFIG_FILES    = 
  CONFIG_HEADERS  = 
  CONFIG_LINKS    = 
  CONFIG_COMMANDS = 
  $ ./config.status contrib/check_cvs

on rd.photonocbridges.com

config.status:647: creating contrib/check_cvs

## ---------------------- ##
## Running config.status. ##
## ---------------------- ##

This file was extended by Concurrent Versions System (CVS) config.status 1.11.5, which was
generated by GNU Autoconf 2.53.  Invocation command line was

  CONFIG_FILES    = 
  CONFIG_HEADERS  = 
  CONFIG_LINKS    = 
  CONFIG_COMMANDS = 
  $ ./config.status contrib/clmerge

on rd.photonocbridges.com

config.status:647: creating contrib/clmerge

## ---------------------- ##
## Running config.status. ##
## ---------------------- ##

This file was extended by Concurrent Versions System (CVS) config.status 1.11.5, which was
generated by GNU Autoconf 2.53.  Invocation command line was

  CONFIG_FILES    = 
  CONFIG_HEADERS  = 
  CONFIG_LINKS    = 
  CONFIG_COMMANDS = 
  $ ./config.status contrib/cln_hist

on rd.photonocbridges.com

config.status:647: creating contrib/cln_hist

## ---------------------- ##
## Running config.status. ##
## ---------------------- ##

This file was extended by Concurrent Versions System (CVS) config.status 1.11.5, which was
generated by GNU Autoconf 2.53.  Invocation command line was

  CONFIG_FILES    = 
  CONFIG_HEADERS  = 
  CONFIG_LINKS    = 
  CONFIG_COMMANDS = 
  $ ./config.status contrib/commit_prep

on rd.photonocbridges.com

config.status:647: creating contrib/commit_prep

## ---------------------- ##
## Running config.status. ##
## ---------------------- ##

This file was extended by Concurrent Versions System (CVS) config.status 1.11.5, which was
generated by GNU Autoconf 2.53.  Invocation command line was

  CONFIG_FILES    = 
  CONFIG_HEADERS  = 
  CONFIG_LINKS    = 
  CONFIG_COMMANDS = 
  $ ./config.status contrib/cvs_acls

on rd.photonocbridges.com

config.status:647: creating contrib/cvs_acls

## ---------------------- ##
## Running config.status. ##
## ---------------------- ##

This file was extended by Concurrent Versions System (CVS) config.status 1.11.5, which was
generated by GNU Autoconf 2.53.  Invocation command line was

  CONFIG_FILES    = 
  CONFIG_HEADERS  = 
  CONFIG_LINKS    = 
  CONFIG_COMMANDS = 
  $ ./config.status contrib/log

on rd.photonocbridges.com

config.status:647: creating contrib/log

## ---------------------- ##
## Running config.status. ##
## ---------------------- ##

This file was extended by Concurrent Versions System (CVS) config.status 1.11.5, which was
generated by GNU Autoconf 2.53.  Invocation command line was

  CONFIG_FILES    = 
  CONFIG_HEADERS  = 
  CONFIG_LINKS    = 
  CONFIG_COMMANDS = 
  $ ./config.status contrib/log_accum

on rd.photonocbridges.com

config.status:647: creating contrib/log_accum

## ---------------------- ##
## Running config.status. ##
## ---------------------- ##

This file was extended by Concurrent Versions System (CVS) config.status 1.11.5, which was
generated by GNU Autoconf 2.53.  Invocation command line was

  CONFIG_FILES    = 
  CONFIG_HEADERS  = 
  CONFIG_LINKS    = 
  CONFIG_COMMANDS = 
  $ ./config.status contrib/mfpipe

on rd.photonocbridges.com

config.status:647: creating contrib/mfpipe

## ---------------------- ##
## Running config.status. ##
## ---------------------- ##

This file was extended by Concurrent Versions System (CVS) config.status 1.11.5, which was
generated by GNU Autoconf 2.53.  Invocation command line was

  CONFIG_FILES    = 
  CONFIG_HEADERS  = 
  CONFIG_LINKS    = 
  CONFIG_COMMANDS = 
  $ ./config.status contrib/pvcs2rcs

on rd.photonocbridges.com

config.status:647: creating contrib/pvcs2rcs

## ---------------------- ##
## Running config.status. ##
## ---------------------- ##

This file was extended by Concurrent Versions System (CVS) config.status 1.11.5, which was
generated by GNU Autoconf 2.53.  Invocation command line was

  CONFIG_FILES    = 
  CONFIG_HEADERS  = 
  CONFIG_LINKS    = 
  CONFIG_COMMANDS = 
  $ ./config.status contrib/rcslock

on rd.photonocbridges.com

config.status:647: creating contrib/rcslock

## ---------------------- ##
## Running config.status. ##
## ---------------------- ##

This file was extended by Concurrent Versions System (CVS) config.status 1.11.5, which was
generated by GNU Autoconf 2.53.  Invocation command line was

  CONFIG_FILES    = 
  CONFIG_HEADERS  = 
  CONFIG_LINKS    = 
  CONFIG_COMMANDS = 
  $ ./config.status contrib/sccs2rcs

on rd.photonocbridges.com

config.status:647: creating contrib/sccs2rcs
