<TDUMP Rev="WP3 REV B.2" prescalar="1">
<WF number="0" dtcr1="1e000000" dtcr2="00000000" dtcr3="00000000" dtcr4="0008c0ff" codeversion="00000774">
 c052ec9f3  8058bc9f6  0c9f7c9fa  c0590c9fa  805cdc9fd  c05d1ca00  805ebca03  c05edca04 
 8062bca07  0ca08ca11  0ca16ca1a  0ca1dca26  c0642ca29  80697ca2c  c069bca2f  806d7ca32 
 0ca33ca46  0ca49d1b0  c06e8d1b9  80703d1bc  c0706d1be  80747d1c0  0d1cbd1e4  0d1e5d210 
 c075ed214  8079dd216  0d219d264  0d265d273  c07a8d273  807b5d274  0d277ca78  c07bbca78 
 807c8ca79  c07c9ca79  807d6cc04  c07d8cc05  807efcc08  0cc09cce5  0cce6cc0b  0cc0ccc12 
 c07fecc14  8003bcc17  c0043cc1e  8039e5f5a  05f5d5f62  c03a45f62  80bb95f5a  05f5d5f62 
 c0bbf5f62  803ca5f64  05f68672d  067336768  0676ad1b0  c03e1d1b9  80be55f64  05f68672d 
 067336768  0676ad1b0  c0bfcd1b9  903fcd1bc  d03ffd1be  80c17d1bc  c0c1ad1be  80448d1c0 
 0d1cbd1e4  0d1e5d210  c045fd214  8049ed216  0d219d264  0d265d273  c04a9d273  804b6d274 
 0d275d3fd  c04bbd3fd  804c8d3fe  0d3ffd403  0d403d406  c04cdd406  80e6ed1c0  0d1cbd1e4 
 0d1e5d210  c0e85d214  80ec3d216  0d219d264  0d265d273  c0eced273  80edbd274  0d275d3fd 
 c0ee0d3fd  80eedd3fe  0d3ffd403  0d403d406  c0ef2d406  804bfdccf  c04c6dcd5  804812735 
 0273a273f  c048b2742  804b22744  c04b62747  804f5274a  c04f6274a  8050d274d  0274e279d 
 c0513279e  804125f5a  05f5d5f62  c04185f62  8043e5f64  05f68672d  067336768  0676ad1b0 
 c0455d1b9  80470d1bc  c0473d1be  804b3d1c0  0d1cbd1e4  0d1e5d210  c04cad214  80508d216 
 0d217d21c  c0518d227  80558d229  0d233d261  c0567d261  80580d278  0d27ad286  0d286d289 
 0d292676c  06773696b  0696f69d3  c059e69d4  805da69d6  069da69fc  069fd6a21  06a216a33 
 c05e76a33  805f46a35  c05f66a36  806336a38  c06346a38  806516a3b  06a3c6a4b  c06566a4d 
 806946a65  06a656a70  06a736a77  c069d6a78  806b86a7a  06a7b6a7f  c06bc6a7f  806d1c9f1 
 c06d4c9f3  8070ec9f6  0c9f7c9fa  c0713c9fa  80750c9fd  c0754ca00  8076eca03  c0770ca04 
 807adca07  0ca08ca11  0ca16ca1a  0ca1dca26  c07c4ca29  807ffca2c  c0003ca2f  808265f5a 
 05f5d5f62  c082c5f62  8003fca32  0ca33ca46  0ca49d1b0  c0050d1b9  808525f64  05f68672d 
 067336768  0676ad1b0  c0869d1b9  8006bd1bc  c006ed1be  80884d1bc  c0887d1be  800afd1c0 
 0d1cbd1e4  0d1e5d210  c00c6d214  808c7d1c0  0d1cbd1e4  0d1e5d210  c08ded214  80109d216 
 0d219d264  0d265d273  c0114d273  8091ed216  90121d274  0d219d264  1d277ca78  0d265d273 
 d0127ca78  c0929d273  80134ca79  c0135ca79  80936d274  0d275d3fd  c093bd3fd  80142cc04 
 c0144cc05  80948d3fe  0d3ffd403  0d403d406  c094dd406  8015bcc08  0cc09cce5  0cce6cc0b 
 0cc0ccc12  c016acc14  801a7cc17  c01afcc1e  804c55f5a  05f5d5f62  c04cb5f62  804f15f64 
 05f68672d  067336768  0676ad1b0  c0508d1b9  80523d1bc  c0526d1be  80566d1c0  0d1cbd1e4 
 0d1e5d210  c057dd214  805bbd216  0d219d264  0d265d273  c05c6d273  80dd05f5a  905d3d274 
 05f5d5f62  1d275d3fd  c0dd65f62  d05d8d3fd  805e5d3fe  0d3ffd403  0d403d406  c05ead406 
 80dfc5f64  05f68672d  067336768  0676ad1b0  c0e13d1b9  80e2ed1bc  c0e31d1be  80e71d1c0 
 0d1cbd1e4  0d1e5d210  c0e88d214  80ec6d216  0d217d21c  c0ed6d227  80f16d229  0d233d261 
 c0f25d261  80f3ed278  0d27ad286  0d286d289  0d292676c  06773696b  0696f69d3  c0f5c69d4 
 80f9869d6  069da69fc  069fd6a21  06a216a33  c0fa56a33  80fb26a35  c0fb46a36  80ff16a38 
 c0ff26a38  8080f6a3b  06a3c6a4b  c08146a4d  808526a65  06a656a70  06a736a77  c085b6a78 
 808766a7a  06a7b6a7f  c087a6a7f  8088fc9f1  c0892c9f3  808ccc9f6  0c9f7c9fa  c08d1c9fa 
 8090ec9fd  c0912ca00  8092dca03  c092fca04  8096cca07  0ca08ca11  0ca16ca1a  0ca1dca26 
 c0983ca29  809beca2c  c09c2ca2f  809fdca32  0ca33ca46  0ca49d1b0  c0a0ed1b9  80a29d1bc 
 c0a2cd1be  80a6dd1c0  0d1cbd1e4  0d1e5d210  c0a84d214  80ac3d216  0d219d264  0d265d273 
 c0aced273  80adbd274  0d277ca78  c0ae1ca78  80aeeca79  c0aefca79  80afccc04  c0afecc05 
 80b18cc08  0cc09cce5  0cce6cc0b  0cc0ccc12  c0b27cc14  80b84cc17  c0b8ccc1e  8007edccf 
 c0085dcd5  804802735  0273a273f  c048a2742  804b12744  c04b52747  804f4274a  c04f5274a 
 8050c274d  0274e279d  c0512279e  801465f5a  05f5d5f62  c014c5f62  801725f64  05f68672d 
 067336768  0676ad1b0  c0189d1b9  801a4d1bc  c01a7d1be  801e7d1c0  0d1cbd1e4  0d1e5d210 
 c01fed214  8023cd216  0d219d264  0d265d273  c0247d273  80254d274  0d275d3fd  c0259d3fd 
 80266d3fe  0d3ffd403  0d403d406  c026bd406  807985f5a  05f5d5f62  c079e5f62  807c45f64 
 05f68672d  067336768  0676ad1b0  c07dbd1b9  807f6d1bc  c07f9d1be  80039d1c0  0d1cbd1e4 
 0d1e5d210  c0050d214  8008ed216  0d217d21c  c009ed227  800ded229  0d233d261  c00edd261 
 80106d278  0d27ad286  0d286d289  0d292676c  06773696b  0696f69d3  c012469d4  8015f69d6 
 069da69fc  069fd6a21  06a216a33  c016c6a33  801796a35  c017b6a36  801b86a38  c01b96a38 
 801d66a3b  06a3c6a4b  c01db6a4d  802196a65  06a656a70  06a736a77  c02226a78  8023d6a7a 
 06a7b6a7f  c02416a7f  80256c9f1  c0259c9f3  80293c9f6  0c9f7c9fa  c0298c9fa  802d5c9fd 
 c02d9ca00  802f4ca03  c02f6ca04  80333ca07  0ca08ca11  0ca16ca1a  0ca1dca26  c034aca29 
 80385ca2c  c0389ca2f  803c4ca32  0ca33ca46  0ca49d1b0  c03d5d1b9  803f0d1bc  c03f3d1be 
 80434d1c0  0d1cbd1e4  0d1e5d210  c044bd214  8048ad216  0d219d264  0d265d273  c0495d273 
 804a2d274  0d277ca78  c04a8ca78  804b5ca79  c04b6ca79  804c3cc04  c04c5cc05  804dccc08 
 0cc09cce5  0cce6cc0b  0cc0ccc12  c04ebcc14  80527cc17  c052fcc1e  805c35f5a  05f5d5f62 
 c05c95f62  805ef5f64  05f68672d  067336768  0676ad1b0  c0606d1b9  80621d1bc  c0624d1be 
 80665d1c0  0d1cbd1e4  0d1e5d210  c067cd214  806bad216  0d219d264  0d265d273  c06c5d273 
 806d2d274  0d275d3fd  c06d7d3fd  806e4d3fe  0d3ffd403  0d403d406  c06e9d406  8017f5f5a 
 05f5d5f62  c01855f62  801ab5f64  05f68672d  067336768  0676ad1b0  c01c2d1b9  801ddd1bc 
 c01e0d1be  80220d1c0  0d1cbd1e4  0d1e5d210  c0237d214  80275d216  0d217d21c  c0285d227 
 802c5d229  0d233d261  c02d4d261  802edd278  0d27ad286  0d286d289  0d292676c  06773696b 
 0696f69d3  c030b69d4  8034769d6  069da69fc  069fd6a21  06a216a33  c03546a33  803616a35 
 c03636a36  803a06a38  c03a16a38  803be6a3b  06a3c6a4b  c03c36a4d  804016a65  06a656a70 
 06a736a77  c040a6a78  804256a7a  06a7b6a7f  c04296a7f  80c3ddccf  9043ec9f1  d0441c9f3 
 c0c44dcd5  8047bc9f6  0c9f7c9fa  c0480c9fa  804bdc9fd  c04c1ca00  804dcca03  c04deca04 
 8051bca07  0ca08ca11  0ca16ca1a  0ca1dca26  c0532ca29  8056dca2c  c0571ca2f  805acca32 
 0ca33ca46  0ca49d1b0  c05bdd1b9  805d8d1bc  c05dbd1be  8061cd1c0  0d1cbd1e4  0d1e5d210 
 c0633d214  80672d216  0d219d264  0d265d273  c067dd273  8068ad274  0d277ca78  c0690ca78 
 8069dca79  c069eca79  806abcc04  c06adcc05  806c7cc08  0cc09cce5  0cce6cc0b  0cc0ccc12 
 c06d6cc14  80716cc17  c071ecc1e  8047f2735  0273a273f  c04892742  804b02744  c04b42747 
 804f1274a  c04f2274a  80509274d  0274e279d  c050f279e  802445f5a  05f5d5f62  c024a5f62 
 802705f64  05f68672d  067336768  0676ad1b0  c0287d1b9  802a2d1bc  c02a5d1be  802e6d1c0 
 0d1cbd1e4  0d1e5d210  c02fdd214  8033bd216  0d219d264  0d265d273  c0346d273  80353d274 
 0d275d3fd  c0358d3fd  80365d3fe  0d3ffd403  0d403d406  c036ad406  803555f5a  05f5d5f62 
 c035b5f62  803815f64  05f68672d  067336768  0676ad1b0  c0398d1b9  803b3d1bc  c03b6d1be 
 803f6d1c0  0d1cbd1e4  0d1e5d210  c040dd214  8044bd216  0d217d21c  c045bd227  8049bd229 
 0d233d261  c04aad261  804c3d278  0d27ad286  0d286d289  0d292676c  06773696b  0696f69d3 
 c04e169d4  8051d69d6  069da69fc  069fd6a21  06a216a33  c052a6a33  805376a35  c05396a36 
 805766a38  c05776a38  805946a3b  06a3c6a4b  c05996a4d  805d76a65  06a656a70  06a736a77 
 c05e06a78  805fb6a7a  06a7b6a7f  c05ff6a7f  80614c9f1  c0617c9f3  80651c9f6  0c9f7c9fa 
 c0656c9fa  80693c9fd  c0697ca00  806b2ca03  c06b4ca04  806f1ca07  0ca08ca11  0ca16ca1a 
 0ca1dca26  c0708ca29  80743ca2c  c0747ca2f  80782ca32  0ca33ca46  0ca49d1b0  c0793d1b9 
 807aed1bc  c07b1d1be  807f2d1c0  0d1cbd1e4  0d1e5d210  c0009d214  80048d216  0d219d264 
 0d265d273  c0053d273  80060d274  0d277ca78  c0066ca78  80073ca79  c0074ca79  80081cc04 
 c0083cc05  8009acc08  0cc09cce5  0cce6cc0b  0cc0ccc12  c00a9cc14  800e5cc17  c00edcc1e 
 80001dccf  c0008dcd5  806ca5f5a  05f5d5f62  c06d05f62  806f65f64  05f68672d  067336768 
 0676ad1b0  c070dd1b9  80728d1bc  c072bd1be  8076bd1c0  0d1cbd1e4  0d1e5d210  c0782d214 
 807c0d216  0d219d264  0d265d273  c07cbd273  807d8d274  0d275d3fd  c07ddd3fd  807ead3fe 
 0d3ffd403  0d403d406  c07efd406  804ff5f5a  05f5d5f62  c05055f62  8052b5f64  05f68672d 
 067336768  0676ad1b0  c0542d1b9  8055dd1bc  c0560d1be  805a0d1c0  0d1cbd1e4  0d1e5d210 
 c05b7d214  805f5d216  0d217d21c  c0605d227  80645d229  0d233d261  c0654d261  8066dd278 
 0d27ad286  0d286d289  0d292676c  06773696b  0696f69d3  c068b69d4  806c669d6  069da69fc 
 069fd6a21  06a216a33  c06d36a33  806e06a35  c06e26a36  8071f6a38  c07206a38  8073d6a3b 
 06a3c6a4b  c07426a4d  807806a65  06a656a70  06a736a77  c07896a78  807a46a7a  06a7b6a7f 
 c07a86a7f  807bdc9f1  c07c0c9f3  807fac9f6  0c9f7c9fa  c07ffc9fa  8003cc9fd  c0040ca00 
 8005aca03  c005cca04  80099ca07  0ca08ca11  0ca16ca1a  0ca1dca26  c00b0ca29  800ebca2c 
 c00efca2f  8012bca32  0ca33ca46  0ca49d1b0  c013cd1b9  80157d1bc  c015ad1be  8019bd1c0 
 0d1cbd1e4  0d1e5d210  c01b2d214  801f1d216  0d219d264  0d265d273  c01fcd273  80209d274 
 0d277ca78  c020fca78  8021cca79  c021dca79  8022acc04  c022ccc05  80243cc08  0cc09cce5 
 0cce6cc0b  0cc0ccc12  c0252cc14  8028ecc17  c0296cc1e  8047e2735  0273a273f  c04882742 
 804af2744  c04b32747  804f0274a  c04f1274a  80508274d  0274e279d  c050e279e  803495f5a 
 05f5d5f62  c034f5f62  803755f64  05f68672d  067336768  0676ad1b0  c038cd1b9  803a7d1bc 
 c03aad1be  803ebd1c0  0d1cbd1e4  0d1e5d210  c0402d214  80440d216  0d219d264  0d265d273 
 c044bd273  80458d274  0d275d3fd  c045dd3fd  8046ad3fe  0d3ffd403  0d403d406  c046fd406 
 806a95f5a  05f5d5f62  c06af5f62  806d55f64  05f68672d  067336768  0676ad1b0  c06ecd1b9 
 80707d1bc  c070ad1be  8074bd1c0  0d1cbd1e4  0d1e5d210  c0762d214  807a0d216  0d217d21c 
 c07b0d227  807f0d229  0d233d261  c07ffd261  80018d278  0d27ad286  0d286d289  0d292676c 
 06773696b  0696f69d3  c003669d4  8007269d6  069da69fc  069fd6a21  06a216a33  c007f6a33 
 8008c6a35  c008e6a36  800cb6a38  c00cc6a38  800e96a3b  06a3c6a4b  c00ee6a4d  8012c6a65 
 06a656a70  06a736a77  c01356a78  801506a7a  06a7b6a7f  c01546a7f  80169c9f1  c016cc9f3 
 801a6c9f6  0c9f7c9fa  c01abc9fa  801e8c9fd  c01ecca00  80206ca03  c0208ca04  80245ca07 
 0ca08ca11  0ca16ca1a  0ca1dca26  c025cca29  80297ca2c  c029bca2f  802d7ca32  0ca33ca46 
 0ca49d1b0  c02e8d1b9  80303d1bc  c0306d1be  80347d1c0  0d1cbd1e4  0d1e5d210  c035ed214 
 8039dd216  0d219d264  0d265d273  c03a8d273  803b5d274  0d277ca78  c03bbca78  803c8ca79 
 c03c9ca79  803d6cc04  c03d8cc05  803f2cc08  0cc09cce5  0cce6cc0b  0cc0ccc12  c0401cc14 
 80441cc17  c0449cc1e  803c0dccf  c03c7dcd5  807c85f5a  05f5d5f62  c07ce5f62  807f45f64 
 05f68672d  067336768  0676ad1b0  c000bd1b9  80026d1bc  c0029d1be  80069d1c0  0d1cbd1e4 
 0d1e5d210  c0080d214  800bed216  0d219d264  0d265d273  c00c9d273  800d6d274  0d275d3fd 
 c00dbd3fd  800e8d3fe  0d3ffd403  0d403d406  c00edd406  8005a5f5a  05f5d5f62  c00605f62 
 800865f64  05f68672d  067336768  0676ad1b0  c009dd1b9  800b8d1bc  c00bbd1be  800fbd1c0 
 0d1cbd1e4  0d1e5d210  c0112d214  80150d216  0d217d21c  c0160d227  801a0d229  0d233d261 
 c01afd261  801c8d278  0d27ad286  0d286d289  0d292676c  06773696b  0696f69d3  c01e669d4 
 8022169d6  069da69fc  069fd6a21  06a216a33  c022e6a33  8023b6a35  c023d6a36  8027a6a38 
 c027b6a38  802986a3b  06a3c6a4b  c029d6a4d  802db6a65  06a656a70  06a736a77  c02e46a78 
 802ff6a7a  06a7b6a7f  c03036a7f  80318c9f1  c031bc9f3  80355c9f6  0c9f7c9fa  c035ac9fa 
 80397c9fd  c039bca00  803b6ca03  c03b8ca04  803f5ca07  0ca08ca11  0ca16ca1a  0ca1dca26 
 c040cca29  80447ca2c  c044bca2f  80c7d2735  0273a273f  90486ca32  c0c872742  1ca33ca46 
 1ca49d1b0  d0497d1b9  80cae2744  c0cb22747  904b2d1bc  d04b5d1be  80cf5274a  c0cf6274a 
 804fcd1c0  0d1cbd1e4  0d1e5d210  90d0d274d  1274e279d  c0513d214  d0d13279e  80552d216 
 0d219d264  0d265d273  c055dd273  8056ad274  0d277ca78  c0570ca78  8057dca79  c057eca79 
 8058bcc04  c058dcc05  805a4cc08  0cc09cce5  0cce6cc0b  0cc0ccc12  c05b3cc14  805f0cc17 
 c05f8cc1e  804475f5a  05f5d5f62  c044d5f62  804735f64  05f68672d  067336768  0676ad1b0 
 c048ad1b9  804a5d1bc  c04a8d1be  804e8d1c0  0d1cbd1e4  0d1e5d210  c04ffd214  8053dd216 
 0d219d264  0d265d273  c0548d273  80555d274  0d275d3fd  c055ad3fd  80567d3fe  0d3ffd403 
 0d403d406  c056cd406  8020b5f5a  05f5d5f62  c02115f62  802375f64  05f68672d  067336768 
 0676ad1b0  c024ed1b9  80269d1bc  c026cd1be  802acd1c0  0d1cbd1e4  0d1e5d210  c02c3d214 
 80301d216  0d217d21c  c0311d227  80351d229  0d233d261  c0360d261  80379d278  0d27ad286 
 0d286d289  0d292676c  06773696b  0696f69d3  c039769d4  803d369d6  069da69fc  069fd6a21 
 06a216a33  c03e06a33  803ed6a35  c03ef6a36  8042c6a38  c042d6a38  8044a6a3b  06a3c6a4b 
 c044f6a4d  8048d6a65  06a656a70  06a736a77  c04966a78  804b16a7a  06a7b6a7f  c04b56a7f 
 804cac9f1  c04cdc9f3  80507c9f6  0c9f7c9fa  c050cc9fa  8054bc9fd  c054fca00  80569ca03 
 c056bca04  805a9ca07  0ca08ca11  0ca16ca1a  0ca1dca26  c05c0ca29  805fbca2c  c05ffca2f 
 80644ca32  0ca33ca46  0ca49d1b0  c0655d1b9  80670d1bc  c0673d1be  806b4d1c0  0d1cbd1e4 
 0d1e5d210  c06cbd214  8070ad216  0d219d264  0d265d273  c0715d273  80722d274  0d277ca78 
 c0728ca78  80735ca79  c0736ca79  80743cc04  c0745cc05  8075fcc08  0cc09cce5  0cce6cc0b 
 0cc0ccc12  c076ecc14  807aecc17  c07b6cc1e  8077fdccf  c0786dcd5  800c65f5a  05f5d5f62 
 c00cc5f62  800f25f64  05f68672d  067336768  0676ad1b0  c0109d1b9  80124d1bc  c0127d1be 
 80186d1c0  0d1cbd1e4  0d1e5d210  c019dd214  801dbd216  0d219d264  0d265d273  c01e6d273 
 801f3d274  0d275d3fd  c01f8d3fd  80205d3fe  0d3ffd403  0d403d406  c020ad406  8047b2735 
 0273a273f  c04852742  804ac2744  c04b02747  804ed274a  c04ee274a  80505274d  0274e279d 
 c050b279e  803c55f5a  05f5d5f62  c03cb5f62  803f15f64  05f68672d  067336768  0676ad1b0 
 c0408d1b9  80423d1bc  c0426d1be  80467d1c0  0d1cbd1e4  0d1e5d210  c047ed214  804bcd216 
 0d217d21c  c04ccd227  8050cd229  0d233d261  c051bd261  80534d278  0d27ad286  0d286d289 
 0d292676c  06773696b  0696f69d3  c055269d4  8058e69d6  069da69fc  069fd6a21  06a216a33 
 c059b6a33  805a86a35  c05aa6a36  805e76a38  c05e86a38  806056a3b  06a3c6a4b  c060a6a4d 
 806486a65  06a656a70  06a736a77  c06516a78  8066c6a7a  06a7b6a7f  c06706a7f  80685c9f1 
 c0688c9f3  806c2c9f6  0c9f7c9fa  c06c7c9fa  80704c9fd  c0708ca00  80722ca03  c0724ca04 
 80761ca07  0ca08ca11  0ca16ca1a  0ca1dca26  c0778ca29  807d4ca2c  c07d8ca2f  80013ca32 
 0ca33ca46  0ca49d1b0  c0024d1b9  8003fd1bc  c0042d1be  80082d1c0  0d1cbd1e4  0d1e5d210 
 c0099d214  800d7d216  0d219d264  0d265d273  c00e2d273  800efd274  0d277ca78  c00f5ca78 
 80102ca79  c0103ca79  80110cc04  c0112cc05  80129cc08  0cc09cce5  0cce6cc0b  0cc0ccc12 
 c0138cc14  80176cc17  c017ecc1e  805615f5a  05f5d5f62  c05675f62  8058d5f64  05f68672d 
 067336768  0676ad1b0  c05a4d1b9  805bfd1bc  c05c2d1be  80602d1c0  0d1cbd1e4  0d1e5d210 
 c0619d214  80657d216  0d219d264  0d265d273  c0662d273  8066fd274  0d275d3fd  c0674d3fd 
 80681d3fe  0d3ffd403  0d403d406  c0686d406  805905f5a  05f5d5f62  c05965f62  805bc5f64 
 05f68672d  067336768  0676ad1b0  c05d3d1b9  805eed1bc  c05f1d1be  80631d1c0  0d1cbd1e4 
 0d1e5d210  c0648d214  80686d216  0d217d21c  c0696d227  806d6d229  0d233d261  c06e5d261 
 806fed278  0d27ad286  0d286d289  0d292676c  06773696b  0696f69d3  c071c69d4  8075869d6 
 069da69fc  069fd6a21  06a216a33  c07656a33  807726a35  c07746a36  807b16a38  c07b26a38 
 807cf6a3b  06a3c6a4b  c07d46a4d  800126a65  06a656a70  06a736a77  c001b6a78  800366a7a 
 06a7b6a7f  c003a6a7f  8004fc9f1  c0052c9f3  8008cc9f6  0c9f7c9fa  c0091c9fa  800cec9fd 
 c00d2ca00  800edca03  c00efca04  8012cca07  0ca08ca11  0ca16ca1a  0ca1dca26  c0143ca29 
 8017eca2c  c0182ca2f  801bdca32  0ca33ca46  0ca49d1b0  c01ced1b9  801e9d1bc  c01ecd1be 
 8022dd1c0  0d1cbd1e4  0d1e5d210  c0244d214  80283d216  0d219d264  0d265d273  c028ed273 
 8029bd274  0d277ca78  c02a1ca78  802aeca79  c02afca79  802bccc04  c02becc05  802d5cc08 
 0cc09cce5  0cce6cc0b  0cc0ccc12  c02e4cc14  80328cc17  c0330cc1e  8033edccf  c0345dcd5 
 801e05f5a  05f5d5f62  c01e65f62  8020c5f64  05f68672d  067336768  0676ad1b0  c0223d1b9 
 8023ed1bc  c0241d1be  80282d1c0  0d1cbd1e4  0d1e5d210  c0299d214  802d7d216  0d219d264 
 0d265d273  c02e2d273  802efd274  0d275d3fd  c02f4d3fd  80301d3fe  0d3ffd403  0d403d406 
 c0306d406  8047a2735  0273a273f  c04842742  804ab2744  c04af2747  804ed274a  c04ee274a 
 80505274d  0274e279d  c050b279e  807585f5a  05f5d5f62  c075e5f62  807845f64  05f68672d 
 067336768  0676ad1b0  c079bd1b9  807b6d1bc  c07b9d1be  807f9d1c0  0d1cbd1e4  0d1e5d210 
 c0010d214  8004ed216  0d217d21c  c005ed227  8009ed229  0d233d261  c00add261  800c6d278 
 0d27ad286  0d286d289  0d292676c  06773696b  0696f69d3  c00e469d4  8011f69d6  069da69fc 
 069fd6a21  06a216a33  c012c6a33  801396a35  c013b6a36  801786a38  c01796a38  801966a3b 
 06a3c6a4b  c019b6a4d  801d96a65  06a656a70  06a736a77  c01e26a78  801fd6a7a  06a7b6a7f 
 c02016a7f  80216c9f1  c0219c9f3  80253c9f6  0c9f7c9fa  c0258c9fa  80295c9fd  c0299ca00 
 802b4ca03  c02b6ca04  802f3ca07  0ca08ca11  0ca16ca1a  0ca1dca26  c030aca29  80345ca2c 
 c0349ca2f  80384ca32  0ca33ca46  0ca49d1b0  c0395d1b9  803b0d1bc  c03b3d1be  803f4d1c0 
 0d1cbd1e4  0d1e5d210  c040bd214  8044ad216  0d219d264  0d265d273  c0455d273  80462d274 
 0d277ca78  c0468ca78  80475ca79  c0476ca79  80483cc04  c0485cc05  8049ccc08  0cc09cce5 
 0cce6cc0b  0cc0ccc12  c04abcc14  804e7cc17  c04efcc1e  8065f5f5a  05f5d5f62  c06655f62 
 8068b5f64  05f68672d  067336768  0676ad1b0  c06a2d1b9  806bdd1bc  c06c0d1be  80700d1c0 
 0d1cbd1e4  0d1e5d210  c0717d214  80755d216  0d219d264  0d265d273  c0760d273  8076dd274 
 0d275d3fd  c0772d3fd  8077fd3fe  0d3ffd403  0d403d406  c0784d406  806fcdccf  c0703dcd5 
 801335f5a  05f5d5f62  c01395f62  8015f5f64  05f68672d  067336768  0676ad1b0  c0176d1b9 
 80191d1bc  c0194d1be  801d4d1c0  0d1cbd1e4  0d1e5d210  c01ebd214  80229d216  0d217d21c 
 c0239d227  80279d229  0d233d261  c0288d261  802a1d278  0d27ad286  0d286d289  0d292676c 
 06773696b  0696f69d3  c02bf69d4  802fb69d6  069da69fc  069fd6a21  06a216a33  c03086a33 
 803156a35  c03176a36  803546a38  c03556a38  803726a3b  06a3c6a4b  c03776a4d  803b56a65 
 06a656a70  06a736a77  c03be6a78  803d96a7a  06a7b6a7f  c03dd6a7f  803f2c9f1  c03f5c9f3 
 8042fc9f6  0c9f7c9fa  c0434c9fa  80471c9fd  c0475ca00  8048fca03  c0491ca04  804ceca07 
 0ca08ca11  0ca16ca1a  0ca1dca26  c04e5ca29  80520ca2c  c0524ca2f  80560ca32  0ca33ca46 
 0ca49d1b0  c0571d1b9  8058cd1bc  c058fd1be  805d0d1c0  0d1cbd1e4  0d1e5d210  c05e7d214 
 80626d216  0d219d264  0d265d273  c0631d273  8063ed274  0d277ca78  c0644ca78  80651ca79 
 c0652ca79  8065fcc04  c0661cc05  8067acc08  0cc09cce5  0cce6cc0b  0cc0ccc12  c0689cc14 
 806c9cc17  c06d1cc1e  802de5f5a  05f5d5f62  c02e45f62  8030a5f64  05f68672d  067336768 
 0676ad1b0  c0321d1b9  8033cd1bc  c033fd1be  8037fd1c0  0d1cbd1e4  0d1e5d210  c0396d214 
 803d4d216  0d219d264  0d265d273  c03dfd273  803ecd274  0d275d3fd  c03f1d3fd  803fed3fe 
 0d3ffd403  0d403d406  c0403d406  804792735  0273a273f  c04832742  804aa2744  c04ae2747 
 804ec274a  c04ed274a  80504274d  0274e279d  c050a279e  802f25f5a  05f5d5f62  c02f85f62 
 8031e5f64  05f68672d  067336768  0676ad1b0  c0335d1b9  80350d1bc  c0353d1be  80393d1c0 
 0d1cbd1e4  0d1e5d210  c03aad214  803e8d216  0d217d21c  c03f8d227  80438d229  0d233d261 
 c0447d261  80460d278  0d27ad286  0d286d289  0d292676c  06773696b  0696f69d3  c047e69d4 
 804b969d6  069da69fc  069fd6a21  06a216a33  c04c66a33  804d36a35  c04d56a36  805126a38 
 c05136a38  805306a3b  06a3c6a4b  c05356a4d  805736a65  06a656a70  06a736a77  c057c6a78 
 805976a7a  06a7b6a7f  c059b6a7f  805b0c9f1  c05b3c9f3  805edc9f6  0c9f7c9fa  c05f2c9fa 
 8062fc9fd  c0633ca00  8064eca03  c0650ca04  8068dca07  0ca08ca11  0ca16ca1a  0ca1dca26 
 c06a4ca29  806dfca2c  c06e3ca2f  8071eca32  0ca33ca46  0ca49d1b0  c072fd1b9  8074ad1bc 
 c074dd1be  8078ed1c0  0d1cbd1e4  0d1e5d210  c07a5d214  807e4d216  0d219d264  0d265d273 
 c07efd273  807fcd274  0d277ca78  c0002ca78  8000fca79  c0010ca79  8001dcc04  c001fcc05 
 80039cc08  0cc09cce5  0cce6cc0b  0cc0ccc12  c0048cc14  80088cc17  c0090cc1e  8075d5f5a 
 05f5d5f62  c07635f62  807895f64  05f68672d  067336768  0676ad1b0  c07a0d1b9  807bbd1bc 
 c07bed1be  807ffd1c0  0d1cbd1e4  0d1e5d210  c0016d214  80054d216  0d219d264  0d265d273 
 c005fd273  8006cd274  0d275d3fd  c0071d3fd  8007ed3fe  0d3ffd403  0d403d406  c0083d406 
 802bbdccf  c02c2dcd5  804a35f5a  05f5d5f62  c04a95f62  804cf5f64  05f68672d  067336768 
 0676ad1b0  c04e6d1b9  80501d1bc  c0504d1be  80544d1c0  0d1cbd1e4  0d1e5d210  c055bd214 
 80599d216  0d217d21c  c05a9d227  805e9d229  0d233d261  c05f8d261  80611d278  0d27ad286 
 0d286d289  0d292676c  06773696b  0696f69d3  c062f69d4  8066b69d6  069da69fc  069fd6a21 
 06a216a33  c06786a33  806856a35  c06876a36  806c46a38  c06c56a38  806e26a3b  06a3c6a4b 
 c06e76a4d  807256a65  06a656a70  06a736a77  c072e6a78  807496a7a  06a7b6a7f  c074d6a7f 
 80762c9f1  c0765c9f3  8079fc9f6  0c9f7c9fa  c07a4c9fa  807e1c9fd  c07e5ca00  80000ca03 
 c0002ca04  8003fca07  0ca08ca11  0ca16ca1a  0ca1dca26  c0056ca29  80091ca2c  c0095ca2f 
 800d0ca32  0ca33ca46  0ca49d1b0  c00e1d1b9  800fcd1bc  c00ffd1be  80140d1c0  0d1cbd1e4 
 0d1e5d210  c0157d214  80196d216  0d219d264  0d265d273  c01a1d273  801aed274  0d277ca78 
 c01b4ca78  801c1ca79  c01c2ca79  801cfcc04  c01d1cc05  801e8cc08  0cc09cce5  0cce6cc0b 
 0cc0ccc12  c01f7cc14  80233cc17  c023bcc1e  803dc5f5a  05f5d5f62  c03e25f62  804085f64 
 05f68672d  067336768  0676ad1b0  c041fd1b9  8043ad1bc  c043dd1be  80c782735  0273a273f 
 9047dd1c0  c0c822742  1d1cbd1e4  1d1e5d210  d0494d214  80ca92744  c0cad2747  804d2d216 
 0d219d264  0d265d273  c04ddd273  804ead274  0d275d3fd  90cec274a  d0ced274a  c04efd3fd 
 804fcd3fe  0d3ffd403  0d403d406  c0501d406  80d04274d  0274e279d  c0d0a279e  8064d5f5a 
 05f5d5f62  c06535f62  806795f64  05f68672d  067336768  0676ad1b0  c0690d1b9  806abd1bc 
 c06aed1be  806eed1c0  0d1cbd1e4  0d1e5d210  c0705d214  80743d216  0d217d21c  c0753d227 
 80793d229  0d233d261  c07a2d261  807bbd278  0d27ad286  0d286d289  0d292676c  06773696b 
 0696f69d3  c07d969d4  8001469d6  069da69fc  069fd6a21  06a216a33  c00216a33  8002e6a35 
 c00306a36  8006d6a38  c006e6a38  8008b6a3b  06a3c6a4b  c00906a4d  800ce6a65  06a656a70 
 06a736a77  c00d76a78  800f26a7a  06a7b6a7f  c00f66a7f  8010bc9f1  c010ec9f3  80148c9f6 
 0c9f7c9fa  c014dc9fa  8018ac9fd  c018eca00  801a9ca03  c01abca04  801e8ca07  0ca08ca11 
 0ca16ca1a  0ca1dca26  c01ffca29  8023aca2c  c023eca2f  80279ca32  0ca33ca46  0ca49d1b0 
 c028ad1b9  802a5d1bc  c02a8d1be  802e9d1c0  0d1cbd1e4  0d1e5d210  c0300d214  8033fd216 
 0d219d264  0d265d273  c034ad273  80357d274  0d277ca78  c035dca78  8036aca79  c036bca79 
 80378cc04  c037acc05  80394cc08  0cc09cce5  0cce6cc0b  0cc0ccc12  c03a3cc14  803e3cc17 
 c03ebcc1e  80680dccf  0dcd3dcd6  c0698dce6  806afdce8  c06b0dce8  806e8dcea  c06ecdced 
</WF>
<WF number="1" dtcr1="1e000000" dtcr2="00000000" dtcr3="00000000" dtcr4="0008c0ff" codeversion="00000774">
 c02135f62  802395f64  05f68672d  067336768  0676ad1b0  c0250d1b9  8026bd1bc  c026ed1be 
 8035dd1c0  0d1cbd1e4  0d1e5d210  c0374d214  803b2d216  0d219d264  0d265d273  c03bdd273 
 803cad274  0d275d3fd  c03cfd3fd  803dcd3fe  0d3ffd403  0d403d406  c03e1d406  8010c5f5a 
 05f5d5f62  c01125f62  801385f64  05f68672d  067336768  0676ad1b0  c014fd1b9  8016ad1bc 
 c016dd1be  8035dd1c0  0d1cbd1e4  0d1e5d210  c0374d214  80401d216  0d217d21c  c0411d227 
 80451d229  0d233d261  c0460d261  80479d278  0d27ad286  0d286d289  0d292676c  06773696b 
 0696f69d3  c049769d4  804d269d6  069da69fc  069fd6a21  06a216a33  c04df6a33  804ec6a35 
 c04ee6a36  8052b6a38  c052c6a38  805496a3b  06a3c6a4b  c054e6a4d  8058c6a65  06a656a70 
 06a736a77  c05956a78  805b06a7a  06a7b6a7f  c05b46a7f  805c9c9f1  c05ccc9f3  80606c9f6 
 c060ac9f9  8068c5f5a  05f5d5f62  c06925f62  806b85f64  05f68672d  067336768  0676ad1b0 
 c06cfd1b9  806ead1bc  c06edd1be  807dbd1c0  0d1cbd1e4  0d1e5d210  c07f2d214  80030d216 
 0d219d264  0d265d273  c003bd273  80048d274  0d275d3fd  c004dd3fd  8005ad3fe  0d3ffd403 
 0d403d406  c005fd406  802d75f5a  05f5d5f62  c02dd5f62  803035f64  05f68672d  067336768 
 0676ad1b0  c031ad1b9  80335d1bc  c0338d1be  8050bd1c0  0d1cbd1e4  0d1e5d210  c0522d214 
 805b0d216  0d217d21c  c05c0d227  80600d229  0d233d261  c060fd261  80628d278  0d27ad286 
 0d286d289  0d292676c  06773696b  0696f69d3  c064669d4  8068169d6  069da69fc  069fd6a21 
 06a216a33  c068e6a33  8069b6a35  c069d6a36  806da6a38  c06db6a38  806f86a3b  06a3c6a4b 
 c06fd6a4d  8073b6a65  06a656a70  06a736a77  c07446a78  8075f6a7a  06a7b6a7f  c07636a7f 
 80778c9f1  c077bc9f3  807b5c9f6  c07b9c9f9  8030d5f5a  05f5d5f62  c03135f62  803395f64 
 05f68672d  067336768  0676ad1b0  c0350d1b9  8036bd1bc  c036ed1be  8045cd1c0  0d1cbd1e4 
 0d1e5d210  c0473d214  804b1d216  0d219d264  0d265d273  c04bcd273  804c9d274  0d275d3fd 
 c04ced3fd  804dbd3fe  0d3ffd403  0d403d406  c04e0d406  804775f5a  05f5d5f62  c047d5f62 
 804a35f64  05f68672d  067336768  0676ad1b0  c04bad1b9  804d5d1bc  c04d8d1be  806abd1c0 
 0d1cbd1e4  0d1e5d210  c06c2d214  80750d216  0d217d21c  c0760d227  807a0d229  0d233d261 
 c07afd261  807c8d278  0d27ad286  0d286d289  0d292676c  06773696b  0696f69d3  c07e669d4 
 8002169d6  069da69fc  069fd6a21  06a216a33  c002e6a33  8003b6a35  c003d6a36  8007a6a38 
 c007b6a38  800986a3b  06a3c6a4b  c009d6a4d  800db6a65  06a656a70  06a736a77  c00e46a78 
 800ff6a7a  06a7b6a7f  c01036a7f  80118c9f1  c011bc9f3  80165c9f6  c0169c9f9  8078c5f5a 
 05f5d5f62  c07925f62  807b85f64  05f68672d  067336768  0676ad1b0  c07cfd1b9  807ead1bc 
 c07edd1be  800dad1c0  0d1cbd1e4  0d1e5d210  c00f1d214  8012fd216  0d219d264  0d265d273 
 c013ad273  80147d274  0d275d3fd  c014cd3fd  80159d3fe  0d3ffd403  0d403d406  c015ed406 
 806425f5a  05f5d5f62  c06485f62  8066e5f64  05f68672d  067336768  0676ad1b0  c0685d1b9 
 806a0d1bc  c06a3d1be  80078d1c0  0d1cbd1e4  0d1e5d210  c008fd214  8011dd216  0d217d21c 
 c012dd227  8016dd229  0d233d261  c017cd261  80195d278  0d27ad286  0d286d289  0d292676c 
 06773696b  0696f69d3  c01b369d4  801ee69d6  069da69fc  069fd6a21  06a216a33  c01fb6a33 
 802086a35  c020a6a36  802476a38  c02486a38  802656a3b  06a3c6a4b  c026a6a4d  802a86a65 
 06a656a70  06a736a77  c02b16a78  802cc6a7a  06a7b6a7f  c02d06a7f  802e5c9f1  c02e8c9f3 
 80322c9f6  c0326c9f9  8040b5f5a  05f5d5f62  c04115f62  804375f64  05f68672d  067336768 
 0676ad1b0  c044ed1b9  80469d1bc  c046cd1be  8055bd1c0  0d1cbd1e4  0d1e5d210  c0572d214 
 805b0d216  0d219d264  0d265d273  c05bbd273  805c8d274  0d275d3fd  c05cdd3fd  805dad3fe 
 0d3ffd403  0d403d406  c05dfd406  8001f5f5a  05f5d5f62  c00255f62  8004b5f64  05f68672d 
 067336768  0676ad1b0  c0062d1b9  8007dd1bc  c0080d1be  80254d1c0  0d1cbd1e4  0d1e5d210 
 c026bd214  802f9d216  0d217d21c  c0309d227  80349d229  0d233d261  c0358d261  80371d278 
 0d27ad286  0d286d289  0d292676c  06773696b  0696f69d3  c038f69d4  803ca69d6  069da69fc 
 069fd6a21  06a216a33  c03d76a33  803e46a35  c03e66a36  804236a38  c04246a38  804416a3b 
 06a3c6a4b  c04466a4d  804846a65  06a656a70  06a736a77  c048d6a78  804a86a7a  06a7b6a7f 
 c04ac6a7f  804c1c9f1  c04c4c9f3  804fec9f6  c0502c9f9  8008a5f5a  05f5d5f62  c00905f62 
 800b65f64  05f68672d  067336768  0676ad1b0  c00cdd1b9  800e8d1bc  c00ebd1be  801fdd1c0 
 0d1cbd1e4  0d1e5d210  c0214d214  80252d216  0d219d264  0d265d273  c025dd273  8026ad274 
 0d275d3fd  c026fd3fd  8027cd3fe  0d3ffd403  0d403d406  c0281d406  801e35f5a  05f5d5f62 
 c01e95f62  8020f5f64  05f68672d  067336768  0676ad1b0  c0226d1b9  80241d1bc  c0244d1be 
 80417d1c0  0d1cbd1e4  0d1e5d210  c042ed214  804bdd216  0d217d21c  c04cdd227  80512d229 
 0d233d261  c0521d261  8053ad278  0d27ad286  0d286d289  0d292676c  06773696b  0696f69d3 
 c055869d4  8059469d6  069da69fc  069fd6a21  06a216a33  c05a16a33  805ae6a35  c05b06a36 
 805ed6a38  c05ee6a38  8060b6a3b  06a3c6a4b  c06106a4d  8064e6a65  06a656a70  06a736a77 
 c06576a78  806726a7a  06a7b6a7f  c06766a7f  8068bc9f1  c068ec9f3  806c8c9f6  c06ccc9f9 
 8052e5f5a  05f5d5f62  c05345f62  8055a5f64  05f68672d  067336768  0676ad1b0  c0571d1b9 
 8058cd1bc  c058fd1be  8067ed1c0  0d1cbd1e4  0d1e5d210  c0695d214  806d3d216  0d219d264 
 0d265d273  c06ded273  806ebd274  0d275d3fd  c06f0d3fd  806fdd3fe  0d3ffd403  0d403d406 
 c0702d406  803ab5f5a  05f5d5f62  c03b15f62  803d75f64  05f68672d  067336768  0676ad1b0 
 c03eed1b9  80409d1bc  c040cd1be  805dfd1c0  0d1cbd1e4  0d1e5d210  c05f6d214  80684d216 
 0d217d21c  c0694d227  806d4d229  0d233d261  c06e3d261  806fcd278  0d27ad286  0d286d289 
 0d292676c  06773696b  0696f69d3  c071a69d4  8075569d6  069da69fc  069fd6a21  06a216a33 
 c07626a33  8076f6a35  c07716a36  807ae6a38  c07af6a38  807cc6a3b  06a3c6a4b  c07d16a4d 
 8000f6a65  06a656a70  06a736a77  c00186a78  800336a7a  06a7b6a7f  c00376a7f  8004cc9f1 
 c004fc9f3  80089c9f6  c008dc9f9  801ab5f5a  05f5d5f62  c01b15f62  801d75f64  05f68672d 
 067336768  0676ad1b0  c01eed1b9  80209d1bc  c020cd1be  802f9d1c0  0d1cbd1e4  0d1e5d210 
 c0310d214  8034ed216  0d219d264  0d265d273  c0359d273  80366d274  0d275d3fd  c036bd3fd 
 80378d3fe  0d3ffd403  0d403d406  c037dd406  805575f5a  05f5d5f62  c055d5f62  805835f64 
 05f68672d  067336768  0676ad1b0  c059ad1b9  805b5d1bc  c05b8d1be  8078bd1c0  0d1cbd1e4 
 0d1e5d210  c07a2d214  80030d216  0d217d21c  c0040d227  80080d229  0d233d261  c008fd261 
 800a8d278  0d27ad286  0d286d289  0d292676c  06773696b  0696f69d3  c00c669d4  8010169d6 
 069da69fc  069fd6a21  06a216a33  c010e6a33  8011b6a35  c011d6a36  8015a6a38  c015b6a38 
 801786a3b  06a3c6a4b  c017d6a4d  801bb6a65  06a656a70  06a736a77  c01c46a78  801df6a7a 
 06a7b6a7f  c01e36a7f  801f8c9f1  c01fbc9f3  80235c9f6  c0239c9f9  8062c5f5a  05f5d5f62 
 c06325f62  806585f64  05f68672d  067336768  0676ad1b0  c066fd1b9  8068ad1bc  c068dd1be 
 8077ad1c0  0d1cbd1e4  0d1e5d210  c0791d214  807cfd216  0d219d264  0d265d273  c07dad273 
 807e7d274  0d275d3fd  c07ecd3fd  807f9d3fe  0d3ffd403  0d403d406  c07fed406  807065f5a 
 05f5d5f62  c070c5f62  807325f64  05f68672d  067336768  0676ad1b0  c0749d1b9  80764d1bc 
 c0767d1be  8013ad1c0  0d1cbd1e4  0d1e5d210  c0151d214  801dfd216  0d217d21c  c01efd227 
 8022fd229  0d233d261  c023ed261  80257d278  0d27ad286  0d286d289  0d292676c  06773696b 
 0696f69d3  c027569d4  802b069d6  069da69fc  069fd6a21  06a216a33  c02bd6a33  802ca6a35 
 c02cc6a36  803096a38  c030a6a38  803276a3b  06a3c6a4b  c032c6a4d  8036a6a65  06a656a70 
 06a736a77  c03736a78  8038e6a7a  06a7b6a7f  c03926a7f  803a7c9f1  c03aac9f3  803e4c9f6 
 c03e8c9f9  802a95f5a  05f5d5f62  c02af5f62  802d55f64  05f68672d  067336768  0676ad1b0 
 c02ecd1b9  80307d1bc  c030ad1be  803f8d1c0  0d1cbd1e4  0d1e5d210  c040fd214  8044dd216 
 0d219d264  0d265d273  c0458d273  80465d274  0d275d3fd  c046ad3fd  80477d3fe  0d3ffd403 
 0d403d406  c047cd406  800b25f5a  05f5d5f62  c00b85f62  800de5f64  05f68672d  067336768 
 0676ad1b0  c00f5d1b9  80110d1bc  c0113d1be  80301d1c0  0d1cbd1e4  0d1e5d210  c0318d214 
 803a6d216  0d217d21c  c03b6d227  803f6d229  0d233d261  c0405d261  8041fd278  0d27ad286 
 0d286d289  0d292676c  06773696b  0696f69d3  c043d69d4  8047869d6  069da69fc  069fd6a21 
 06a216a33  c04856a33  804926a35  c04946a36  804d06a38  c04d16a38  804ed6a3b  06a3c6a4b 
 c04f26a4d  805316a65  06a656a70  06a736a77  c053a6a78  805556a7a  06a7b6a7f  c05596a7f 
 8056ec9f1  c0571c9f3  805abc9f6  c05afc9f9  8072a5f5a  05f5d5f62  c07305f62  807565f64 
 05f68672d  067336768  0676ad1b0  c076dd1b9  80788d1bc  c078bd1be  80079d1c0  0d1cbd1e4 
 0d1e5d210  c0090d214  800ced216  0d219d264  0d265d273  c00d9d273  800e6d274  0d275d3fd 
 c00ebd3fd  800f8d3fe  0d3ffd403  0d403d406  c00fdd406  802765f5a  05f5d5f62  c027c5f62 
 802a25f64  05f68672d  067336768  0676ad1b0  c02b9d1b9  802d4d1bc  c02d7d1be  804aad1c0 
 0d1cbd1e4  0d1e5d210  c04c1d214  8054fd216  0d217d21c  c055fd227  8059fd229  0d233d261 
 c05aed261  805c7d278  0d27ad286  0d286d289  0d292676c  06773696b  0696f69d3  c05e569d4 
 8062069d6  069da69fc  069fd6a21  06a216a33  c062d6a33  8063a6a35  c063c6a36  806796a38 
 c067a6a38  806996a3b  06a3c6a4b  c069e6a4d  806dd6a65  06a656a70  06a736a77  c06e66a78 
 807016a7a  06a7b6a7f  c07056a7f  8071ac9f1  c071dc9f3  80757c9f6  c075bc9f9  803a75f5a 
 05f5d5f62  c03ad5f62  803d35f64  05f68672d  067336768  0676ad1b0  c03ead1b9  80405d1bc 
 c0408d1be  80500d1c0  0d1cbd1e4  0d1e5d210  c0517d214  80555d216  0d219d264  0d265d273 
 c0560d273  8056dd274  0d275d3fd  c0572d3fd  8057fd3fe  0d3ffd403  0d403d406  c0584d406 
 8041b5f5a  05f5d5f62  c04215f62  804475f64  05f68672d  067336768  0676ad1b0  c045ed1b9 
 80479d1bc  c047cd1be  80650d1c0  0d1cbd1e4  0d1e5d210  c0667d214  806f5d216  0d217d21c 
 c0705d227  80745d229  0d233d261  c0754d261  8076ed278  0d27ad286  0d286d289  0d292676c 
 06773696b  0696f69d3  c078c69d4  807c769d6  069da69fc  069fd6a21  06a216a33  c07d46a33 
 807e16a35  c07e36a36  8001f6a38  c00206a38  8082f5f5a  05f5d5f62  c08355f62  8003c6a3b 
 06a3c6a4b  c00416a4d  8085b5f64  05f68672d  067336768  0676ad1b0  c0872d1b9  8088dd1bc 
 c0890d1be  800956a65  06a656a70  06a736a77  c009e6a78  800b96a7a  06a7b6a7f  c00bd6a7f 
 800d2c9f1  c00d5c9f3  8010fc9f6  c0113c9f9  8097fd1c0  0d1cbd1e4  0d1e5d210  c0996d214 
 809d4d216  0d219d264  0d265d273  c09dfd273  809ecd274  0d275d3fd  c09f1d3fd  809fed3fe 
 0d3ffd403  0d403d406  c0a03d406  804ce5f5a  05f5d5f62  c04d45f62  804fa5f64  05f68672d 
 067336768  0676ad1b0  c0511d1b9  8052cd1bc  c052fd1be  80dd95f5a  05f5d5f62  c0ddf5f62 
 80e055f64  05f68672d  067336768  0676ad1b0  c0e1cd1b9  8061dd1c0  0d1cbd1e4  0d1e5d210 
 c0634d214  80e37d1bc  c0e3ad1be  80676d216  0d219d264  0d265d273  c0681d273  8068ed274 
 0d275d3fd  c0693d3fd  806a0d3fe  0d3ffd403  0d403d406  c06a5d406  8080ed1c0  0d1cbd1e4 
 0d1e5d210  c0825d214  808b3d216  0d217d21c  c08c3d227  80903d229  0d233d261  c0912d261 
 8092bd278  0d27ad286  0d286d289  0d292676c  06773696b  0696f69d3  c094969d4  8098469d6 
 069da69fc  069fd6a21  06a216a33  c09916a33  8099e6a35  c09a06a36  809dd6a38  c09de6a38 
 809fb6a3b  06a3c6a4b  c0a006a4d  80a3e6a65  06a656a70  06a736a77  c0a476a78  80a626a7a 
 06a7b6a7f  c0a666a7f  80a7bc9f1  c0a7ec9f3  80ab8c9f6  c0abcc9f9  8014f5f5a  05f5d5f62 
 c01555f62  8017b5f64  05f68672d  067336768  0676ad1b0  c0192d1b9  801add1bc  c01b0d1be 
 8029ed1c0  0d1cbd1e4  0d1e5d210  c02b5d214  802f3d216  0d219d264  0d265d273  c02fed273 
 8030bd274  0d275d3fd  c0310d3fd  8031dd3fe  0d3ffd403  0d403d406  c0322d406  807a15f5a 
 05f5d5f62  c07a75f62  807cd5f64  05f68672d  067336768  0676ad1b0  c07e4d1b9  807ffd1bc 
 c0002d1be  801d5d1c0  0d1cbd1e4  0d1e5d210  c01ecd214  8027ad216  0d217d21c  c028ad227 
 802cad229  0d233d261  c02d9d261  802f2d278  0d27ad286  0d286d289  0d292676c  06773696b 
 0696f69d3  c031069d4  8034b69d6  069da69fc  069fd6a21  06a216a33  c03586a33  803656a35 
 c03676a36  803a46a38  c03a56a38  803c26a3b  06a3c6a4b  c03c76a4d  804056a65  06a656a70 
 06a736a77  c040e6a78  804296a7a  06a7b6a7f  c042d6a7f  80442c9f1  c0445c9f3  8047fc9f6 
 c0483c9f9  805cc5f5a  05f5d5f62  c05d25f62  805f85f64  05f68672d  067336768  0676ad1b0 
 c060fd1b9  8062ad1bc  c062dd1be  8071cd1c0  0d1cbd1e4  0d1e5d210  c0733d214  80771d216 
 0d219d264  0d265d273  c077cd273  80789d274  0d275d3fd  c078ed3fd  8079bd3fe  0d3ffd403 
 0d403d406  c07a0d406  801885f5a  05f5d5f62  c018e5f62  801b45f64  05f68672d  067336768 
 0676ad1b0  c01cbd1b9  801e6d1bc  c01e9d1be  803bdd1c0  0d1cbd1e4  0d1e5d210  c03d4d214 
 80462d216  0d217d21c  c0472d227  804b2d229  0d233d261  c04c1d261  804dad278  0d27ad286 
 0d286d289  0d292676c  06773696b  0696f69d3  c04f869d4  8053369d6  069da69fc  069fd6a21 
 06a216a33  c05406a33  8054d6a35  c054f6a36  8058c6a38  c058d6a38  805aa6a3b  06a3c6a4b 
 c05af6a4d  805ed6a65  06a656a70  06a736a77  c05f66a78  806116a7a  06a7b6a7f  c06156a7f 
 8062ac9f1  c062dc9f3  80667c9f6  c066bc9f9  8024d5f5a  05f5d5f62  c02535f62  802795f64 
 05f68672d  067336768  0676ad1b0  c0290d1b9  802abd1bc  c02aed1be  8039dd1c0  0d1cbd1e4 
 0d1e5d210  c03b4d214  803f2d216  0d219d264  0d265d273  c03fdd273  8040ad274  0d275d3fd 
 c040fd3fd  8041cd3fe  0d3ffd403  0d403d406  c0421d406  8035e5f5a  05f5d5f62  c03645f62 
 8038a5f64  05f68672d  067336768  0676ad1b0  c03a1d1b9  803bcd1bc  c03bfd1be  80593d1c0 
 0d1cbd1e4  0d1e5d210  c05aad214  80638d216  0d217d21c  c0648d227  80688d229  0d233d261 
 c0697d261  806b0d278  0d27ad286  0d286d289  0d292676c  06773696b  0696f69d3  c06ce69d4 
 8070969d6  069da69fc  069fd6a21  06a216a33  c07166a33  807236a35  c07256a36  807626a38 
 c07636a38  807806a3b  06a3c6a4b  c07856a4d  807c36a65  06a656a70  06a736a77  c07cc6a78 
 807e76a7a  06a7b6a7f  c07eb6a7f  80000c9f1  c0003c9f3  8003dc9f6  c0041c9f9  806d35f5a 
 05f5d5f62  c06d95f62  806ff5f64  05f68672d  067336768  0676ad1b0  c0716d1b9  80731d1bc 
 c0734d1be  80021d1c0  0d1cbd1e4  0d1e5d210  c0038d214  80076d216  0d219d264  0d265d273 
 c0081d273  8008ed274  0d275d3fd  c0093d3fd  800a0d3fe  0d3ffd403  0d403d406  c00a5d406 
 805085f5a  05f5d5f62  c050e5f62  805345f64  05f68672d  067336768  0676ad1b0  c054bd1b9 
 80566d1bc  c0569d1be  8073cd1c0  0d1cbd1e4  0d1e5d210  c0753d214  807e1d216  0d217d21c 
 c07f1d227  80031d229  0d233d261  c0040d261  8005ad278  0d27ad286  0d286d289  0d292676c 
 06773696b  0696f69d3  c007869d4  800b369d6  069da69fc  069fd6a21  06a216a33  c00c06a33 
 800cd6a35  c00cf6a36  8010b6a38  c010c6a38  801286a3b  06a3c6a4b  c012d6a4d  8016c6a65 
 06a656a70  06a736a77  c01756a78  801906a7a  06a7b6a7f  c01946a7f  801a9c9f1  c01acc9f3 
 801e6c9f6  c01eac9f9  803525f5a  05f5d5f62  c03585f62  8037e5f64  05f68672d  067336768 
 0676ad1b0  c0395d1b9  803b0d1bc  c03b3d1be  804a2d1c0  0d1cbd1e4  0d1e5d210  c04b9d214 
 804f7d216  0d219d264  0d265d273  c0502d273  8050fd274  0d275d3fd  c0514d3fd  80521d3fe 
 0d3ffd403  0d403d406  c0526d406  806b25f5a  05f5d5f62  c06b85f62  806de5f64  05f68672d 
 067336768  0676ad1b0  c06f5d1b9  80710d1bc  c0713d1be  800e8d1c0  0d1cbd1e4  0d1e5d210 
 c00ffd214  8018dd216  0d217d21c  c019dd227  801ddd229  0d233d261  c01ecd261  80206d278 
 0d27ad286  0d286d289  0d292676c  06773696b  0696f69d3  c022469d4  8025f69d6  069da69fc 
 069fd6a21  06a216a33  c026c6a33  802796a35  c027b6a36  802b76a38  c02b86a38  802d46a3b 
 06a3c6a4b  c02d96a4d  803186a65  06a656a70  06a736a77  c03216a78  8033c6a7a  06a7b6a7f 
 c03406a7f  80355c9f1  c0358c9f3  80392c9f6  c0396c9f9  807d15f5a  05f5d5f62  c07d75f62 
 807fd5f64  05f68672d  067336768  0676ad1b0  c0014d1b9  8002fd1bc  c0032d1be  80120d1c0 
 0d1cbd1e4  0d1e5d210  c0137d214  80175d216  0d219d264  0d265d273  c0180d273  8018dd274 
 0d275d3fd  c0192d3fd  8019fd3fe  0d3ffd403  0d403d406  c01a4d406  800635f5a  05f5d5f62 
 c00695f62  8008f5f64  05f68672d  067336768  0676ad1b0  c00a6d1b9  800c1d1bc  c00c4d1be 
 80297d1c0  0d1cbd1e4  0d1e5d210  c02aed214  8033cd216  0d217d21c  c034cd227  8038cd229 
 0d233d261  c039bd261  803b4d278  0d27ad286  0d286d289  0d292676c  06773696b  0696f69d3 
 c03d269d4  8040d69d6  069da69fc  069fd6a21  06a216a33  c041a6a33  804276a35  c04296a36 
 804666a38  c04676a38  804846a3b  06a3c6a4b  c04896a4d  804c76a65  06a656a70  06a736a77 
 c04d06a78  804eb6a7a  06a7b6a7f  c04ef6a7f  80504c9f1  c0507c9f3  80541c9f6  c0545c9f9 
 804505f5a  05f5d5f62  c04565f62  8047c5f64  05f68672d  067336768  0676ad1b0  c0493d1b9 
 804aed1bc  c04b1d1be  8059ed1c0  0d1cbd1e4  0d1e5d210  c05b5d214  805f3d216  0d219d264 
 0d265d273  c05fed273  8060bd274  0d275d3fd  c0610d3fd  8061dd3fe  0d3ffd403  0d403d406 
 c0622d406  802145f5a  05f5d5f62  c021a5f62  802405f64  05f68672d  067336768  0676ad1b0 
 c0257d1b9  80272d1bc  c0275d1be  80449d1c0  0d1cbd1e4  0d1e5d210  c0460d214  804f8d216 
 0d217d21c  c0508d227  80549d229  0d233d261  c0558d261  80571d278  0d27ad286  0d286d289 
 0d292676c  06773696b  0696f69d3  c058f69d4  805cb69d6  069da69fc  069fd6a21  06a216a33 
 c05d86a33  805e56a35  c05e76a36  806246a38  c06256a38  806426a3b  06a3c6a4b  c06476a4d 
 806856a65  06a656a70  06a736a77  c068e6a78  806a96a7a  06a7b6a7f  c06ad6a7f  806c2c9f1 
 c06c5c9f3  806ffc9f6  c0703c9f9  800cf5f5a  05f5d5f62  c00d55f62  800fb5f64  05f68672d 
 067336768  0676ad1b0  c0112d1b9  8012dd1bc  c0130d1be  8023dd1c0  0d1cbd1e4  0d1e5d210 
 c0254d214  80292d216  0d219d264  0d265d273  c029dd273  802aad274  0d275d3fd  c02afd3fd 
 802bcd3fe  0d3ffd403  0d403d406  c02c1d406  803ce5f5a  05f5d5f62  c03d45f62  803fa5f64 
 05f68672d  067336768  0676ad1b0  c0411d1b9  8042cd1bc  c042fd1be  80604d1c0  0d1cbd1e4 
 0d1e5d210  c061bd214  806a9d216  0d217d21c  c06b9d227  806f9d229  0d233d261  c0708d261 
 80722d278  0d27ad286  0d286d289  0d292676c  06773696b  0696f69d3  c074069d4  8077b69d6 
 069da69fc  069fd6a21  06a216a33  c07886a33  807956a35  c07976a36  807d96a38  c07da6a38 
 807f76a3b  06a3c6a4b  c07fc6a4d  8003a6a65  06a656a70  06a736a77  c00436a78  8005e6a7a 
 06a7b6a7f  c00626a7f  80077c9f1  c007ac9f3  800b4c9f6  c00b8c9f9  8056a5f5a  05f5d5f62 
 c05705f62  805965f64  05f68672d  067336768  0676ad1b0  c05add1b9  805c8d1bc  c05cbd1be 
 806b8d1c0  0d1cbd1e4  0d1e5d210  c06cfd214  8070dd216  0d219d264  0d265d273  c0718d273 
 80725d274  0d275d3fd  c072ad3fd  80737d3fe  0d3ffd403  0d403d406  c073cd406  805995f5a 
 05f5d5f62  c059f5f62  805c55f64  05f68672d  067336768  0676ad1b0  c05dcd1b9  805f7d1bc 
 c05fad1be  807ced1c0  0d1cbd1e4  0d1e5d210  c07e5d214  80073d216  0d217d21c  c0083d227 
 800c3d229  0d233d261  c00d2d261  800ebd278  0d27ad286  0d286d289  0d292676c  06773696b 
 0696f69d3  c010969d4  8014469d6  069da69fc  069fd6a21  06a216a33  c01516a33  8015e6a35 
 c01606a36  8019d6a38  c019e6a38  801bb6a3b  06a3c6a4b  c01c06a4d  801fe6a65  06a656a70 
 06a736a77  c02076a78  802226a7a  06a7b6a7f  c02266a7f  8023bc9f1  c023ec9f3  80278c9f6 
 c027cc9f9  801e95f5a  05f5d5f62  c01ef5f62  802155f64  05f68672d  067336768  0676ad1b0 
 c022cd1b9  80247d1bc  c024ad1be  80339d1c0  0d1cbd1e4  0d1e5d210  c0350d214  8038ed216 
 0d219d264  0d265d273  c0399d273  803a6d274  0d275d3fd  c03abd3fd  803b8d3fe  0d3ffd403 
 0d403d406  c03bdd406  807615f5a  05f5d5f62  c07675f62  8078d5f64  05f68672d  067336768 
 0676ad1b0  c07a4d1b9  807bfd1bc  c07c2d1be  80195d1c0  0d1cbd1e4  0d1e5d210  c01acd214 
 8023ad216  0d217d21c  c024ad227  8028ad229  0d233d261  c0299d261  802b2d278  0d27ad286 
 0d286d289  0d292676c  06773696b  0696f69d3  c02d069d4  8030b69d6  069da69fc  069fd6a21 
 06a216a33  c03186a33  803256a35  c03276a36  803646a38  c03656a38  803826a3b  06a3c6a4b 
 c03876a4d  803c56a65  06a656a70  06a736a77  c03ce6a78  803e96a7a  06a7b6a7f  c03ed6a7f 
 80402c9f1  c0405c9f3  8043fc9f6  c0443c9f9  806685f5a  05f5d5f62  c066e5f62  806945f64 
 05f68672d  067336768  0676ad1b0  c06abd1b9  806c6d1bc  c06c9d1be  807b7d1c0  0d1cbd1e4 
 0d1e5d210  c07ced214  8000cd216  0d219d264  0d265d273  c0017d273  80024d274  0d275d3fd 
 c0029d3fd  80036d3fe  0d3ffd403  0d403d406  c003bd406  8013c5f5a  05f5d5f62  c01425f62 
 801685f64  05f68672d  067336768  0676ad1b0  c017fd1b9  8019ad1bc  c019dd1be  80371d1c0 
 0d1cbd1e4  0d1e5d210  c0388d214  80416d216  0d217d21c  c0426d227  80466d229  0d233d261 
 c0475d261  8048fd278  0d27ad286  0d286d289  0d292676c  06773696b  0696f69d3  c04ad69d4 
 804e869d6  069da69fc  069fd6a21  06a216a33  c04f56a33  805026a35  c05046a36  805406a38 
 c05416a38  8055d6a3b  06a3c6a4b  c05626a4d  805a06a65  06a656a70  06a736a77  c05a96a78 
 805c46a7a  06a7b6a7f  c05c86a7f  805ddc9f1  c05e0c9f3  8061bc9f6  c061fc9f9  802e75f5a 
 05f5d5f62  c02ed5f62  803135f64  05f68672d  067336768  0676ad1b0  c032ad1b9  80345d1bc 
 c0348d1be  80435d1c0  0d1cbd1e4  0d1e5d210  c044cd214  8048ad216  0d219d264  0d265d273 
 c0495d273  804a2d274  0d275d3fd  c04a7d3fd  804b4d3fe  0d3ffd403  0d403d406  c04b9d406 
 802fb5f5a  05f5d5f62  c03015f62  803275f64  05f68672d  067336768  0676ad1b0  c033ed1b9 
 80359d1bc  c035cd1be  8052fd1c0  0d1cbd1e4  0d1e5d210  c0546d214  805d4d216  0d217d21c 
 c05e4d227  80624d229  0d233d261  c0633d261  8064cd278  0d27ad286  0d286d289  0d292676c 
 06773696b  0696f69d3  c066a69d4  806a569d6  069da69fc  069fd6a21  06a216a33  c06b26a33 
 806bf6a35  c06c16a36  806fe6a38  c06ff6a38  8071c6a3b  06a3c6a4b  c07216a4d  8075f6a65 
 06a656a70  06a736a77  c07686a78  807836a7a  06a7b6a7f  c07876a7f  8079cc9f1  c079fc9f3 
 807d9c9f6  c07ddc9f9  807665f5a  05f5d5f62  c076c5f62  807925f64  05f68672d  067336768 
 0676ad1b0  c07a9d1b9  807c4d1bc  c07c7d1be  800b6d1c0  0d1cbd1e4  0d1e5d210  c00cdd214 
 8010bd216  0d219d264  0d265d273  c0116d273  80123d274  0d275d3fd  c0128d3fd  80135d3fe 
 0d3ffd403  0d403d406  c013ad406  804ac5f5a  05f5d5f62  c04b25f62  804d85f64  05f68672d 
 067336768  0676ad1b0  c04efd1b9  8050ad1bc  c050dd1be  806e1d1c0  0d1cbd1e4  0d1e5d210 
 c06f8d214  80786d216  0d217d21c  c0796d227  807d6d229  0d233d261  c07e5d261  807fed278 
 0d27ad286  0d286d289  0d292676c  06773696b  0696f69d3  c001c69d4  8005769d6  069da69fc 
 069fd6a21  06a216a33  c00646a33  800716a35  c00736a36  800b06a38  c00b16a38  800ce6a3b 
 06a3c6a4b  c00d36a4d  801116a65  06a656a70  06a736a77  c011a6a78  801356a7a  06a7b6a7f 
 c01396a7f  8014ec9f1  c0151c9f3  8018bc9f6  c018fc9f9  803e55f5a  05f5d5f62  c03eb5f62 
 804115f64  05f68672d  067336768  0676ad1b0  c0428d1b9  80443d1bc  c0446d1be  80534d1c0 
 0d1cbd1e4  0d1e5d210  c054bd214  80589d216  0d219d264  0d265d273  c0594d273  805a1d274 
 0d275d3fd  c05a6d3fd  805b3d3fe  0d3ffd403  0d403d406  c05b8d406  806565f5a  05f5d5f62 
 c065c5f62  806825f64  05f68672d  067336768  0676ad1b0  c0699d1b9  806b4d1bc  c06b7d1be 
 8008ad1c0  0d1cbd1e4  0d1e5d210  c00a1d214  8012fd216  0d217d21c  c013fd227  8017fd229 
 0d233d261  c018ed261  801a7d278  0d27ad286  0d286d289  0d292676c  06773696b  0696f69d3 
 c01c569d4  8020069d6  069da69fc  069fd6a21  06a216a33  c020d6a33  8021a6a35  c021c6a36 
 802596a38  c025a6a38  802776a3b  06a3c6a4b  c027c6a4d  802ba6a65  06a656a70  06a736a77 
 c02c36a78  802de6a7a  06a7b6a7f  c02e26a7f  802f7c9f1  c02fac9f3  80334c9f6  c0338c9f9 
</WF>
<WF number="2" dtcr1="1e000000" dtcr2="00000000" dtcr3="00000000" dtcr4="0008c0ff" codeversion="00000774">
 0d3ffd403  0d403d406  c0533d406  800bb5f5a  05f5d5f62  c00c15f62  800e75f64  05f68672d 
 067336768  0676ad1b0  c00fed1b9  80119d1bc  c011cd1be  804eed1c0  0d1cbd1e4  0d1e5d210 
 c0505d214  80592d216  0d217d21c  c05a2d227  805e2d229  0d233d261  c05f1d261  8060bd278 
 0d27ad286  0d286d289  0d292676c  06773696b  0696f69d3  c062969d4  8066c69d6  069da69fc 
 069fd6a21  06a216a33  c06796a33  806866a35  c06886a36  806c56a38  c06c66a38  806e36a3b 
 06a3c6a4b  c06e86a4d  807266a65  06a656a70  06a736a77  c072f6a78  8074a6a7a  06a7b6a7f 
 c074e6a7f  80763c9f1  c0766c9f3  807a0c9f6  0c9f7c9fa  c07a5c9fa  807e2c9fd  c07e6ca00 
 80001ca03  c0003ca04  80040ca07  0ca08ca11  0ca16ca1a  0ca1dca26  c0057ca29  80092ca2c 
 c0096ca2f  800d1ca32  0ca33ca46  0ca49d1b0  c00e2d1b9  800fdd1bc  c0100d1be  80141d1c0 
 0d1cbd1e4  0d1e5d210  c0158d214  80197d216  0d219d264  0d265d273  c01a2d273  801afd274 
 0d277ca78  c01b5ca78  801c2ca79  c01c3ca79  801d0cc04  c01d2cc05  801e9cc08  0cc09cce5 
 0cce6cc0b  0cc0ccc12  c01f8cc14  80234cc17  c023ccc1e  807335f5a  05f5d5f62  c07395f62 
 8075f5f64  05f68672d  067336768  0676ad1b0  c0776d1b9  80791d1bc  c0794d1be  80130d1c0 
 0d1cbd1e4  0d1e5d210  c0147d214  80185d216  0d219d264  0d265d273  c0190d273  8019dd274 
 0d275d3fd  c01a2d3fd  801afd3fe  0d3ffd403  0d403d406  c01b4d406  8027f5f5a  05f5d5f62 
 c02855f62  802ab5f64  05f68672d  067336768  0676ad1b0  c02c2d1b9  802ddd1bc  c02e0d1be 
 80696d1c0  0d1cbd1e4  0d1e5d210  c06add214  8073ed216  0d217d21c  c074ed227  8078ed229 
 0d233d261  c079dd261  807b6d278  0d27ad286  0d286d289  0d292676c  06773696b  0696f69d3 
 c07d469d4  8000f69d6  069da69fc  069fd6a21  06a216a33  c001c6a33  800296a35  c002b6a36 
 800686a38  c00696a38  800866a3b  06a3c6a4b  c008b6a4d  800c96a65  06a656a70  06a736a77 
 c00d26a78  800ed6a7a  06a7b6a7f  c00f16a7f  80106c9f1  c0109c9f3  80143c9f6  0c9f7c9fa 
 c0148c9fa  80185c9fd  c0189ca00  801a4ca03  c01a6ca04  801e3ca07  0ca08ca11  0ca16ca1a 
 0ca1dca26  c01faca29  80235ca2c  c0239ca2f  80274ca32  0ca33ca46  0ca49d1b0  c0285d1b9 
 802a0d1bc  c02a3d1be  802e4d1c0  0d1cbd1e4  0d1e5d210  c02fbd214  8033ad216  0d219d264 
 0d265d273  c0345d273  80352d274  0d277ca78  c0358ca78  80365ca79  c0366ca79  80373cc04 
 c0375cc05  8038ccc08  0cc09cce5  0cce6cc0b  0cc0ccc12  c039bcc14  803d7cc17  c03dfcc1e 
 804245f5a  05f5d5f62  c042a5f62  804505f64  05f68672d  067336768  0676ad1b0  c0467d1b9 
 80482d1bc  c0485d1be  808385f5a  05f5d5f62  9003dd1c0  c083f5f62  1d1cbd1e4  1d1e5d210 
 d0054d214  808655f64  05f68672d  067336768  0676ad1b0  c087cd1b9  80897d1bc  c089ad1be 
 800f6d216  0d217d21c  c0106d227  80146d229  0d233d261  c0155d261  8016ed278  0d27ad286 
 0d286d289  0d292676c  06773696b  0696f69d3  c018c69d4  801c769d6  069da69fc  069fd6a21 
 06a216a33  c01d46a33  801e16a35  c01e36a36  802266a38  c02276a38  802436a3b  06a3c6a4b 
 c02486a4d  80a4bd1c0  0d1cbd1e4  0d1e5d210  c0a62d214  802876a65  06a656a70  06a736a77 
 c02906a78  80aa0d216  0d219d264  0d265d273  c0aabd273  902ab6a7a  16a7b6a7f  d02af6a7f 
 80ab8d274  0d275d3fd  c0abdd3fd  802c4c9f1  c02c7c9f3  80acad3fe  0d3ffd403  0d403d406 
 c0acfd406  80302c9f6  0c9f7c9fa  c0307c9fa  80343c9fd  c0347ca00  80362ca03  c0364ca04 
 803a1ca07  0ca08ca11  0ca16ca1a  0ca1dca26  c03b8ca29  803f3ca2c  c03f7ca2f  80432ca32 
 0ca33ca46  0ca49d1b0  c0443d1b9  8045ed1bc  c0461d1be  804a2d1c0  0d1cbd1e4  0d1e5d210 
 c04b9d214  804f8d216  0d219d264  0d265d273  c0503d273  80510d274  0d277ca78  c0516ca78 
 80523ca79  c0524ca79  80531cc04  c0533cc05  8054acc08  0cc09cce5  0cce6cc0b  0cc0ccc12 
 c0559cc14  80595cc17  c059dcc1e  804d75f5a  05f5d5f62  c04dd5f62  805035f64  05f68672d 
 067336768  0676ad1b0  c051ad1b9  80535d1bc  c0538d1be  80de25f5a  05f5d5f62  c0de85f62 
 80e0e5f64  05f68672d  067336768  0676ad1b0  c0e25d1b9  80e40d1bc  c0e43d1be  806d7d1c0 
 0d1cbd1e4  0d1e5d210  c06eed214  8072cd216  0d219d264  0d265d273  c0737d273  80744d274 
 0d275d3fd  c0749d3fd  80756d3fe  0d3ffd403  0d403d406  c075bd406  809fad1c0  0d1cbd1e4 
 0d1e5d210  c0a11d214  80a9fd216  0d217d21c  c0aafd227  80aefd229  0d233d261  c0afed261 
 80b17d278  0d27ad286  0d286d289  0d292676c  06773696b  0696f69d3  c0b3569d4  80b8769d6 
 069da69fc  069fd6a21  06a216a33  c0b946a33  80ba16a35  c0ba36a36  80bf16a38  c0bf26a38 
 80c0f6a3b  06a3c6a4b  c0c146a4d  80c526a65  06a656a70  06a736a77  c0c5b6a78  80c766a7a 
 06a7b6a7f  c0c7a6a7f  80c8fc9f1  c0c92c9f3  80cccc9f6  0c9f7c9fa  c0cd1c9fa  80d0dc9fd 
 c0d11ca00  80d2bca03  c0d2dca04  80d6aca07  0ca08ca11  0ca16ca1a  0ca1dca26  c0d81ca29 
 80dbcca2c  c0dc0ca2f  80dfbca32  0ca33ca46  0ca49d1b0  c0e0cd1b9  80e27d1bc  c0e2ad1be 
 80e6ad1c0  0d1cbd1e4  0d1e5d210  c0e81d214  80ebfd216  0d219d264  0d265d273  c0ecad273 
 80ed7d274  0d277ca78  c0eddca78  80eeaca79  c0eebca79  80ef8cc04  c0efacc05  80f11cc08 
 0cc09cce5  0cce6cc0b  0cc0ccc12  c0f20cc14  80f5ccc17  c0f64cc1e  801585f5a  05f5d5f62 
 c015e5f62  801845f64  05f68672d  067336768  0676ad1b0  c019bd1b9  801b6d1bc  c01b9d1be 
 80355d1c0  0d1cbd1e4  0d1e5d210  c036cd214  803aad216  0d219d264  0d265d273  c03b5d273 
 803c2d274  0d275d3fd  c03c7d3fd  803d4d3fe  0d3ffd403  0d403d406  c03d9d406  807aa5f5a 
 05f5d5f62  c07b05f62  807d65f64  05f68672d  067336768  0676ad1b0  c07edd1b9  80008d1bc 
 c000bd1be  803c1d1c0  0d1cbd1e4  0d1e5d210  c03d8d214  80466d216  0d217d21c  c0476d227 
 804b6d229  0d233d261  c04c5d261  804dfd278  0d27ad286  0d286d289  0d292676c  06773696b 
 0696f69d3  c04fd69d4  8054069d6  069da69fc  069fd6a21  06a216a33  c054d6a33  8055a6a35 
 c055c6a36  805996a38  c059a6a38  805b76a3b  06a3c6a4b  c05bc6a4d  805fa6a65  06a656a70 
 06a736a77  c06036a78  8061e6a7a  06a7b6a7f  c06226a7f  80637c9f1  c063ac9f3  8069ac9f6 
 0c9f7c9fa  c069fc9fa  806dfc9fd  c06e3ca00  806fdca03  c06ffca04  80740ca07  0ca08ca11 
 0ca16ca1a  0ca1dca26  c0757ca29  80792ca2c  c0796ca2f  807dcca32  0ca33ca46  0ca49d1b0 
 c07edd1b9  80008d1bc  c000bd1be  8004bd1c0  0d1cbd1e4  0d1e5d210  c0062d214  800a0d216 
 0d219d264  0d265d273  c00abd273  800b8d274  0d277ca78  c00beca78  800cbca79  c00ccca79 
 800d9cc04  c00dbcc05  800f2cc08  0cc09cce5  0cce6cc0b  0cc0ccc12  c0101cc14  8013ecc17 
 c0146cc1e  805d55f5a  05f5d5f62  c05db5f62  806015f64  05f68672d  067336768  0676ad1b0 
 c0618d1b9  80633d1bc  c0636d1be  807d3d1c0  0d1cbd1e4  0d1e5d210  c07ead214  80028d216 
 0d219d264  0d265d273  c0033d273  80040d274  0d275d3fd  c0045d3fd  80052d3fe  0d3ffd403 
 0d403d406  c0057d406  801915f5a  05f5d5f62  c01975f62  801bd5f64  05f68672d  067336768 
 0676ad1b0  c01d4d1b9  801efd1bc  c01f2d1be  805a9d1c0  0d1cbd1e4  0d1e5d210  c05c0d214 
 8064ed216  0d217d21c  c065ed227  8069ed229  0d233d261  c06add261  806c6d278  0d27ad286 
 0d286d289  0d292676c  06773696b  0696f69d3  c06e469d4  8071f69d6  069da69fc  069fd6a21 
 06a216a33  c072c6a33  807396a35  c073b6a36  807836a38  c07846a38  807a16a3b  06a3c6a4b 
 c07a66a4d  807e56a65  06a656a70  06a736a77  c07ee6a78  800096a7a  06a7b6a7f  c000d6a7f 
 80022c9f1  c0025c9f3  8005fc9f6  0c9f7c9fa  c0064c9fa  800a1c9fd  c00a5ca00  800c0ca03 
 c00c2ca04  800ffca07  0ca08ca11  0ca16ca1a  0ca1dca26  c0116ca29  80151ca2c  c0155ca2f 
 80197ca32  0ca33ca46  0ca49d1b0  c01a8d1b9  801c3d1bc  c01c6d1be  80206d1c0  0d1cbd1e4 
 0d1e5d210  c021dd214  80263d216  0d219d264  0d265d273  c026ed273  8027bd274  0d277ca78 
 c0281ca78  8028eca79  c028fca79  8029ccc04  c029ecc05  802b5cc08  0cc09cce5  0cce6cc0b 
 0cc0ccc12  c02c4cc14  80301cc17  c0309cc1e  802565f5a  05f5d5f62  c025c5f62  802825f64 
 05f68672d  067336768  0676ad1b0  c0299d1b9  802b4d1bc  c02b7d1be  80454d1c0  0d1cbd1e4 
 0d1e5d210  c046bd214  804a9d216  0d219d264  0d265d273  c04b4d273  804c1d274  0d275d3fd 
 c04c6d3fd  804d3d3fe  0d3ffd403  0d403d406  c04d8d406  803675f5a  05f5d5f62  c036d5f62 
 803935f64  05f68672d  067336768  0676ad1b0  c03aad1b9  803c5d1bc  c03c8d1be  8077fd1c0 
 0d1cbd1e4  0d1e5d210  c0796d214  80024d216  0d217d21c  c0034d227  80074d229  0d233d261 
 c0083d261  8009dd278  0d27ad286  0d286d289  0d292676c  06773696b  0696f69d3  c00bb69d4 
 800fe69d6  069da69fc  069fd6a21  06a216a33  c010b6a33  801186a35  c011a6a36  801576a38 
 c01586a38  801756a3b  06a3c6a4b  c017a6a4d  801b86a65  06a656a70  06a736a77  c01c16a78 
 801dc6a7a  06a7b6a7f  c01e06a7f  801f5c9f1  c01f8c9f3  80232c9f6  0c9f7c9fa  c0237c9fa 
 80274c9fd  c0278ca00  80292ca03  c0294ca04  802d1ca07  0ca08ca11  0ca16ca1a  0ca1dca26 
 c02e8ca29  80323ca2c  c0327ca2f  80362ca32  0ca33ca46  0ca49d1b0  c0373d1b9  8038ed1bc 
 c0391d1be  803d1d1c0  0d1cbd1e4  0d1e5d210  c03e8d214  80426d216  0d219d264  0d265d273 
 c0431d273  8043ed274  0d277ca78  c0444ca78  80451ca79  c0452ca79  8045fcc04  c0461cc05 
 80478cc08  0cc09cce5  0cce6cc0b  0cc0ccc12  c0487cc14  804c3cc17  c04cbcc1e  806dc5f5a 
 05f5d5f62  c06e25f62  807085f64  05f68672d  067336768  0676ad1b0  c071fd1b9  8073ad1bc 
 c073dd1be  800d8d1c0  0d1cbd1e4  0d1e5d210  c00efd214  8012dd216  0d219d264  0d265d273 
 c0138d273  80145d274  0d275d3fd  c014ad3fd  80157d3fe  0d3ffd403  0d403d406  c015cd406 
 805115f5a  05f5d5f62  c05175f62  8053d5f64  05f68672d  067336768  0676ad1b0  c0554d1b9 
 8056fd1bc  c0572d1be  80129d1c0  0d1cbd1e4  0d1e5d210  c0140d214  801cdd216  0d217d21c 
 c01ddd227  8021dd229  0d233d261  c022cd261  80246d278  0d27ad286  0d286d289  0d292676c 
 06773696b  0696f69d3  c026469d4  802a769d6  069da69fc  069fd6a21  06a216a33  c02b46a33 
 802c16a35  c02c36a36  803006a38  c03016a38  8031e6a3b  06a3c6a4b  c03236a4d  803616a65 
 06a656a70  06a736a77  c036a6a78  803856a7a  06a7b6a7f  c03896a7f  8039ec9f1  c03a1c9f3 
 803dbc9f6  0c9f7c9fa  c03e0c9fa  8041dc9fd  c0421ca00  8043cca03  c043eca04  8047bca07 
 0ca08ca11  0ca16ca1a  0ca1dca26  c0492ca29  804cdca2c  c04d1ca2f  8050cca32  0ca33ca46 
 0ca49d1b0  c051dd1b9  80538d1bc  c053bd1be  8057cd1c0  0d1cbd1e4  0d1e5d210  c0593d214 
 805d2d216  0d219d264  0d265d273  c05ddd273  805ead274  0d277ca78  c05f0ca78  805fdca79 
 c05feca79  8060bcc04  c060dcc05  80624cc08  0cc09cce5  0cce6cc0b  0cc0ccc12  c0633cc14 
 8066fcc17  c0677cc1e  8035b5f5a  05f5d5f62  c03615f62  803875f64  05f68672d  067336768 
 0676ad1b0  c039ed1b9  803b9d1bc  c03bcd1be  80559d1c0  0d1cbd1e4  0d1e5d210  c0570d214 
 805aed216  0d219d264  0d265d273  c05b9d273  805c6d274  0d275d3fd  c05cbd3fd  805d8d3fe 
 0d3ffd403  0d403d406  c05ddd406  806bb5f5a  05f5d5f62  c06c15f62  806e75f64  05f68672d 
 067336768  0676ad1b0  c06fed1b9  80719d1bc  c071cd1be  802d5d1c0  0d1cbd1e4  0d1e5d210 
 c02ecd214  80379d216  0d217d21c  c0389d227  803c9d229  0d233d261  c03d8d261  803f1d278 
 0d27ad286  0d286d289  0d292676c  06773696b  0696f69d3  c040f69d4  8044a69d6  069da69fc 
 069fd6a21  06a216a33  c04576a33  804646a35  c04666a36  804ae6a38  c04af6a38  804cc6a3b 
 06a3c6a4b  c04d16a4d  805106a65  06a656a70  06a736a77  c05196a78  805346a7a  06a7b6a7f 
 c05386a7f  8054dc9f1  c0550c9f3  8058ac9f6  0c9f7c9fa  c058fc9fa  805ccc9fd  c05d0ca00 
 805ebca03  c05edca04  8062aca07  0ca08ca11  0ca16ca1a  0ca1dca26  c0641ca29  8067cca2c 
 c0680ca2f  806bbca32  0ca33ca46  0ca49d1b0  c06ccd1b9  806e7d1bc  c06ead1be  8072bd1c0 
 0d1cbd1e4  0d1e5d210  c0742d214  80781d216  0d219d264  0d265d273  c078cd273  80799d274 
 0d277ca78  c079fca78  807acca79  c07adca79  807bacc04  c07bccc05  807d3cc08  0cc09cce5 
 0cce6cc0b  0cc0ccc12  c07e2cc14  8001ecc17  c0026cc1e  807da5f5a  05f5d5f62  c07e05f62 
 800065f64  05f68672d  067336768  0676ad1b0  c001dd1b9  80038d1bc  c003bd1be  801d7d1c0 
 0d1cbd1e4  0d1e5d210  c01eed214  8022cd216  0d219d264  0d265d273  c0237d273  80244d274 
 0d275d3fd  c0249d3fd  80256d3fe  0d3ffd403  0d403d406  c025bd406  8006c5f5a  05f5d5f62 
 c00725f62  800985f64  05f68672d  067336768  0676ad1b0  c00afd1b9  800cad1bc  c00cdd1be 
 80483d1c0  0d1cbd1e4  0d1e5d210  c049ad214  80528d216  0d217d21c  c0538d227  80578d229 
 0d233d261  c0587d261  805a0d278  0d27ad286  0d286d289  0d292676c  06773696b  0696f69d3 
 c05be69d4  805f969d6  069da69fc  069fd6a21  06a216a33  c06066a33  806136a35  c06156a36 
 8065d6a38  c065e6a38  8067b6a3b  06a3c6a4b  c06806a4d  806bf6a65  06a656a70  06a736a77 
 c06c86a78  806e36a7a  06a7b6a7f  c06e76a7f  806fcc9f1  c06ffc9f3  80739c9f6  0c9f7c9fa 
 c073ec9fa  8077bc9fd  c077fca00  80799ca03  c079bca04  807d8ca07  0ca08ca11  0ca16ca1a 
 0ca1dca26  c07efca29  8002aca2c  c002eca2f  80069ca32  0ca33ca46  0ca49d1b0  c007ad1b9 
 80095d1bc  c0098d1be  800d8d1c0  0d1cbd1e4  0d1e5d210  c00efd214  8012dd216  0d219d264 
 0d265d273  c0138d273  80145d274  0d277ca78  c014bca78  80158ca79  c0159ca79  80166cc04 
 c0168cc05  8017fcc08  0cc09cce5  0cce6cc0b  0cc0ccc12  c018ecc14  801cacc17  c01d2cc1e 
 804595f5a  05f5d5f62  c045f5f62  804855f64  05f68672d  067336768  0676ad1b0  c049cd1b9 
 804b7d1bc  c04bad1be  80655d1c0  0d1cbd1e4  0d1e5d210  c066cd214  806aad216  0d219d264 
 0d265d273  c06b5d273  806c2d274  0d275d3fd  c06c7d3fd  806d4d3fe  0d3ffd403  0d403d406 
 c06d9d406  8021d5f5a  05f5d5f62  c02235f62  802495f64  05f68672d  067336768  0676ad1b0 
 c0260d1b9  8027bd1bc  c027ed1be  80641d1c0  0d1cbd1e4  0d1e5d210  c0658d214  806e6d216 
 0d217d21c  c06f6d227  80736d229  0d233d261  c0745d261  8075ed278  0d27ad286  0d286d289 
 0d292676c  06773696b  0696f69d3  c077c69d4  807b769d6  069da69fc  069fd6a21  06a216a33 
 c07c46a33  807d16a35  c07d36a36  8001b6a38  c001c6a38  800396a3b  06a3c6a4b  c003e6a4d 
 8007d6a65  06a656a70  06a736a77  c00866a78  800a16a7a  06a7b6a7f  c00a56a7f  800bac9f1 
 c00bdc9f3  800f7c9f6  0c9f7c9fa  c00fcc9fa  80139c9fd  c013dca00  80158ca03  c015aca04 
 80197ca07  0ca08ca11  0ca16ca1a  0ca1dca26  c01aeca29  801e9ca2c  c01edca2f  80228ca32 
 0ca33ca46  0ca49d1b0  c0239d1b9  80254d1bc  c0257d1be  80298d1c0  0d1cbd1e4  0d1e5d210 
 c02afd214  802eed216  0d219d264  0d265d273  c02f9d273  80306d274  0d277ca78  c030cca78 
 80319ca79  c031aca79  80327cc04  c0329cc05  80340cc08  0cc09cce5  0cce6cc0b  0cc0ccc12 
 c034fcc14  8038bcc17  c0393cc1e  800d85f5a  05f5d5f62  c00de5f62  801045f64  05f68672d 
 067336768  0676ad1b0  c011bd1b9  80136d1bc  c0139d1be  802f4d1c0  0d1cbd1e4  0d1e5d210 
 c030bd214  80349d216  0d219d264  0d265d273  c0354d273  80361d274  0d275d3fd  c0366d3fd 
 80373d3fe  0d3ffd403  0d403d406  c0378d406  803d75f5a  05f5d5f62  c03dd5f62  804035f64 
 05f68672d  067336768  0676ad1b0  c041ad1b9  80435d1bc  c0438d1be  807f6d1c0  0d1cbd1e4 
 0d1e5d210  c000dd214  800a0d216  0d217d21c  c00b0d227  800f0d229  0d233d261  c00ffd261 
 80118d278  0d27ad286  0d286d289  0d292676c  06773696b  0696f69d3  c013669d4  8017269d6 
 069da69fc  069fd6a21  06a216a33  c017f6a33  8018c6a35  c018e6a36  801e36a38  c01e46a38 
 802006a3b  06a3c6a4b  c02056a4d  802446a65  06a656a70  06a736a77  c024d6a78  802686a7a 
 06a7b6a7f  c026c6a7f  80281c9f1  c0284c9f3  802bec9f6  0c9f7c9fa  c02c3c9fa  80300c9fd 
 c0304ca00  8031fca03  c0321ca04  8035eca07  0ca08ca11  0ca16ca1a  0ca1dca26  c0375ca29 
 803b0ca2c  c03b4ca2f  803efca32  0ca33ca46  0ca49d1b0  c0400d1b9  8041bd1bc  c041ed1be 
 8045fd1c0  0d1cbd1e4  0d1e5d210  c0476d214  804b5d216  0d219d264  0d265d273  c04c0d273 
 804cdd274  0d277ca78  c04d3ca78  804e0ca79  c04e1ca79  804eecc04  c04f0cc05  80507cc08 
 0cc09cce5  0cce6cc0b  0cc0ccc12  c0516cc14  80552cc17  c055acc1e  805735f5a  05f5d5f62 
 c05795f62  8059f5f64  05f68672d  067336768  0676ad1b0  c05b6d1b9  805d1d1bc  c05d4d1be 
 8076fd1c0  0d1cbd1e4  0d1e5d210  c0786d214  807c4d216  0d219d264  0d265d273  c07cfd273 
 807dcd274  0d275d3fd  c07e1d3fd  807eed3fe  0d3ffd403  0d403d406  c07f3d406  805a25f5a 
 05f5d5f62  c05a85f62  805ce5f64  05f68672d  067336768  0676ad1b0  c05e5d1b9  80600d1bc 
 c0603d1be  801bad1c0  0d1cbd1e4  0d1e5d210  c01d1d214  8025fd216  0d217d21c  c026fd227 
 802d2d229  0d233d261  c02e1d261  802fad278  0d27ad286  0d286d289  0d292676c  06773696b 
 0696f69d3  c031869d4  8035469d6  069da69fc  069fd6a21  06a216a33  c03616a33  8036e6a35 
 c03706a36  803ad6a38  c03ae6a38  803cb6a3b  06a3c6a4b  c03d06a4d  8040e6a65  06a656a70 
 06a736a77  c04176a78  804326a7a  06a7b6a7f  c04366a7f  8044bc9f1  c044ec9f3  80488c9f6 
 0c9f7c9fa  c048dc9fa  804cac9fd  c04ceca00  804e8ca03  c04eaca04  80527ca07  0ca08ca11 
 0ca16ca1a  0ca1dca26  c053eca29  80579ca2c  c057dca2f  805b8ca32  0ca33ca46  0ca49d1b0 
 c05c9d1b9  805e4d1bc  c05e7d1be  80627d1c0  0d1cbd1e4  0d1e5d210  c063ed214  8067cd216 
 0d219d264  0d265d273  c0687d273  80694d274  0d277ca78  c069aca78  806a7ca79  c06a8ca79 
 806b5cc04  c06b7cc05  806cecc08  0cc09cce5  0cce6cc0b  0cc0ccc12  c06ddcc14  80719cc17 
 c0721cc1e  801f25f5a  05f5d5f62  c01f85f62  8021e5f64  05f68672d  067336768  0676ad1b0 
 c0235d1b9  80250d1bc  c0253d1be  803f0d1c0  0d1cbd1e4  0d1e5d210  c0407d214  80445d216 
 0d219d264  0d265d273  c0450d273  8045dd274  0d275d3fd  c0462d3fd  8046fd3fe  0d3ffd403 
 0d403d406  c0474d406  8076a5f5a  05f5d5f62  c07705f62  807965f64  05f68672d  067336768 
 0676ad1b0  c07add1b9  807c8d1bc  c07cbd1be  80381d1c0  0d1cbd1e4  0d1e5d210  c0398d214 
 80426d216  0d217d21c  c0436d227  80476d229  0d233d261  c0485d261  8049fd278  0d27ad286 
 0d286d289  0d292676c  06773696b  0696f69d3  c04bd69d4  8050069d6  069da69fc  069fd6a21 
 06a216a33  c050d6a33  8051a6a35  c051c6a36  805596a38  c055a6a38  805776a3b  06a3c6a4b 
 c057c6a4d  805e96a65  06a656a70  06a736a77  c05f26a78  8060d6a7a  06a7b6a7f  c06116a7f 
 80626c9f1  c0629c9f3  80664c9f6  0c9f7c9fa  c0669c9fa  806a6c9fd  c06aaca00  806c4ca03 
 c06c6ca04  80703ca07  0ca08ca11  0ca16ca1a  0ca1dca26  c071aca29  80755ca2c  c0759ca2f 
 80794ca32  0ca33ca46  0ca49d1b0  c07a5d1b9  807c0d1bc  c07c3d1be  80003d1c0  0d1cbd1e4 
 0d1e5d210  c001ad214  80058d216  0d219d264  0d265d273  c0063d273  80070d274  0d277ca78 
 c0076ca78  80083ca79  c0084ca79  80091cc04  c0093cc05  800aacc08  0cc09cce5  0cce6cc0b 
 0cc0ccc12  c00b9cc14  800f5cc17  c00fdcc1e  806715f5a  05f5d5f62  c06775f62  8069d5f64 
 05f68672d  067336768  0676ad1b0  c06b4d1b9  806cfd1bc  c06d2d1be  8006ed1c0  0d1cbd1e4 
 0d1e5d210  c0085d214  800c3d216  0d219d264  0d265d273  c00ced273  800dbd274  0d275d3fd 
 c00e0d3fd  800edd3fe  0d3ffd403  0d403d406  c00f2d406  801455f5a  05f5d5f62  c014b5f62 
 801715f64  05f68672d  067336768  0676ad1b0  c0188d1b9  801a3d1bc  c01a6d1be  8055ed1c0 
 0d1cbd1e4  0d1e5d210  c0575d214  80601d216  0d217d21c  c0611d227  80651d229  0d233d261 
 c0660d261  80679d278  0d27ad286  0d286d289  0d292676c  06773696b  0696f69d3  c069769d4 
 806d369d6  069da69fc  069fd6a21  06a216a33  c06e06a33  806ed6a35  c06ef6a36  807366a38 
 c07376a38  807546a3b  06a3c6a4b  c07596a4d  807976a65  06a656a70  06a736a77  c07a06a78 
 807bb6a7a  06a7b6a7f  c07bf6a7f  807d4c9f1  c07d7c9f3  80011c9f6  0c9f7c9fa  c0016c9fa 
 80052c9fd  c0056ca00  80070ca03  c0072ca04  800dcca07  0ca08ca11  0ca16ca1a  0ca1dca26 
 c00f3ca29  8012eca2c  c0132ca2f  8016dca32  0ca33ca46  0ca49d1b0  c017ed1b9  80199d1bc 
 c019cd1be  801dcd1c0  0d1cbd1e4  0d1e5d210  c01f3d214  80231d216  0d219d264  0d265d273 
 c023cd273  80249d274  0d277ca78  c024fca78  8025cca79  c025dca79  8026acc04  c026ccc05 
 80283cc08  0cc09cce5  0cce6cc0b  0cc0ccc12  c0292cc14  802cecc17  c02d6cc1e  802f05f5a 
 05f5d5f62  c02f65f62  8031c5f64  05f68672d  067336768  0676ad1b0  c0333d1b9  8034ed1bc 
 c0351d1be  804ecd1c0  0d1cbd1e4  0d1e5d210  c0503d214  80541d216  0d219d264  0d265d273 
 c054cd273  80559d274  0d275d3fd  c055ed3fd  8056bd3fe  0d3ffd403  0d403d406  c0570d406 
 803045f5a  05f5d5f62  c030a5f62  803305f64  05f68672d  067336768  0676ad1b0  c0347d1b9 
 80362d1bc  c0365d1be  8071bd1c0  0d1cbd1e4  0d1e5d210  c0732d214  807c0d216  0d217d21c 
 c07d0d227  80010d229  0d233d261  c001fd261  80038d278  0d27ad286  0d286d289  0d292676c 
 06773696b  0696f69d3  c005669d4  8009169d6  069da69fc  069fd6a21  06a216a33  c009e6a33 
 800ab6a35  c00ad6a36  800f56a38  c00f66a38  801136a3b  06a3c6a4b  c01186a4d  801576a65 
 06a656a70  06a736a77  c01606a78  8017b6a7a  06a7b6a7f  c017f6a7f  80194c9f1  c0197c9f3 
 801d1c9f6  0c9f7c9fa  c01d6c9fa  80213c9fd  c0217ca00  80232ca03  c0234ca04  80271ca07 
 0ca08ca11  0ca16ca1a  0ca1dca26  c0288ca29  802c3ca2c  c02c7ca2f  80302ca32  0ca33ca46 
 0ca49d1b0  c0313d1b9  8032ed1bc  c0331d1be  80372d1c0  0d1cbd1e4  0d1e5d210  c0389d214 
 803e3d216  0d219d264  0d265d273  c03eed273  803fbd274  0d277ca78  c0401ca78  8040eca79 
 c040fca79  8041ccc04  c041ecc05  80435cc08  0cc09cce5  0cce6cc0b  0cc0ccc12  c0444cc14 
 80480cc17  c0488cc1e  8076f5f5a  05f5d5f62  c07755f62  8079b5f64  05f68672d  067336768 
 0676ad1b0  c07b2d1b9  807cdd1bc  c07d0d1be  8016dd1c0  0d1cbd1e4  0d1e5d210  c0184d214 
 801c2d216  0d219d264  0d265d273  c01cdd273  801dad274  0d275d3fd  c01dfd3fd  801ecd3fe 
 0d3ffd403  0d403d406  c01f1d406  804b55f5a  05f5d5f62  c04bb5f62  804e15f64  05f68672d 
 067336768  0676ad1b0  c04f8d1b9  80513d1bc  c0516d1be  800cdd1c0  0d1cbd1e4  0d1e5d210 
 c00e4d214  80172d216  0d217d21c  c0182d227  801c2d229  0d233d261  c01d1d261  801ebd278 
 0d27ad286  0d286d289  0d292676c  06773696b  0696f69d3  c020969d4  8024c69d6  069da69fc 
 069fd6a21  06a216a33  c02596a33  802666a35  c02686a36  802a56a38  c02a66a38  802c36a3b 
 06a3c6a4b  c02c86a4d  803066a65  06a656a70  06a736a77  c030f6a78  8032a6a7a  06a7b6a7f 
 c032e6a7f  80343c9f1  c0346c9f3  80380c9f6  0c9f7c9fa  c0385c9fa  803c2c9fd  c03c6ca00 
 803e0ca03  c03e2ca04  8041fca07  0ca08ca11  0ca16ca1a  0ca1dca26  c0436ca29  80471ca2c 
 c0475ca2f  804b0ca32  0ca33ca46  0ca49d1b0  c04c1d1b9  804dcd1bc  c04dfd1be  8051fd1c0 
 0d1cbd1e4  0d1e5d210  c0536d214  80574d216  0d219d264  0d265d273  c057fd273  8058cd274 
 0d277ca78  c0592ca78  8059fca79  c05a0ca79  805adcc04  c05afcc05  805c6cc08  0cc09cce5 
 0cce6cc0b  0cc0ccc12  c05d5cc14  80611cc17  c0619cc1e  803ee5f5a  05f5d5f62  c03f45f62 
 8041a5f64  05f68672d  067336768  0676ad1b0  c0431d1b9  8044cd1bc  c044fd1be  805ebd1c0 
 0d1cbd1e4  0d1e5d210  c0602d214  80640d216  0d219d264  0d265d273  c064bd273  80658d274 
 0d275d3fd  c065dd3fd  8066ad3fe  0d3ffd403  0d403d406  c066fd406  8065f5f5a  05f5d5f62 
 c06655f62  8068b5f64  05f68672d  067336768  0676ad1b0  c06a2d1b9  806bdd1bc  c06c0d1be 
 80276d1c0  0d1cbd1e4  0d1e5d210  c028dd214  8031bd216  0d217d21c  c032bd227  8036bd229 
 0d233d261  c037ad261  80393d278  0d27ad286  0d286d289  0d292676c  06773696b  0696f69d3 
 c03b169d4  803ec69d6  069da69fc  069fd6a21  06a216a33  c03f96a33  804066a35  c04086a36 
 804506a38  c04516a38  8046e6a3b  06a3c6a4b  c04736a4d  804b26a65  06a656a70  06a736a77 
 c04bb6a78  804d66a7a  06a7b6a7f  c04da6a7f  804efc9f1  c04f2c9f3  8052cc9f6  0c9f7c9fa 
 c0531c9fa  8056ec9fd  c0572ca00  8058dca03  c058fca04  805ccca07  0ca08ca11  0ca16ca1a 
 0ca1dca26  c05e3ca29  8061eca2c  c0622ca2f  8065dca32  0ca33ca46  0ca49d1b0  c066ed1b9 
 80689d1bc  c068cd1be  806cdd1c0  0d1cbd1e4  0d1e5d210  c06e4d214  80723d216  0d219d264 
 0d265d273  c072ed273  8073bd274  0d277ca78  c0741ca78  8074eca79  c074fca79  8075ccc04 
 c075ecc05  80775cc08  0cc09cce5  0cce6cc0b  0cc0ccc12  c0784cc14  807c0cc17  c07c8cc1e 
</WF>
<WF number="3" dtcr1="1e000000" dtcr2="00000000" dtcr3="00000000" dtcr4="0008c0ff" codeversion="00000774">
 c02255f62  8024b5f64  05f68672d  067336768  0676ad1b0  c0262d1b9  8027dd1bc  c0280d1be 
 804cbd1c0  0d1cbd1e4  0d1e5d210  c04e2d214  80520d216  0d219d264  0d265d273  c052bd273 
 80538d274  0d275d3fd  c053dd3fd  8054ad3fe  0d3ffd403  0d403d406  c054fd406  8011e5f5a 
 05f5d5f62  c01245f62  8014a5f64  05f68672d  067336768  0676ad1b0  c0161d1b9  8017cd1bc 
 c017fd1be  8073fd1c0  0d1cbd1e4  0d1e5d210  c0756d214  807e5d216  0d217d21c  c07f5d227 
 80035d229  0d233d261  c0044d261  8005dd278  0d27ad286  0d286d289  0d292676c  06773696b 
 0696f69d3  c007b69d4  800b669d6  069da69fc  069fd6a21  06a216a33  c00c36a33  800d06a35 
 c00d26a36  8010f6a38  c01106a38  8012c6a3b  06a3c6a4b  c01316a4d  801706a65  06a656a70 
 06a736a77  c01796a78  801946a7a  06a7b6a7f  c01986a7f  801adc9f1  c01b0c9f3  801eac9f6 
 c01eec9f9  8069e5f5a  05f5d5f62  c06a45f62  806ca5f64  05f68672d  067336768  0676ad1b0 
 c06e1d1b9  806fcd1bc  c06ffd1be  80149d1c0  0d1cbd1e4  0d1e5d210  c0160d214  8019ed216 
 0d219d264  0d265d273  c01a9d273  801b6d274  0d275d3fd  c01bbd3fd  801c8d3fe  0d3ffd403 
 0d403d406  c01cdd406  802e95f5a  05f5d5f62  c02ef5f62  803155f64  05f68672d  067336768 
 0676ad1b0  c032cd1b9  80347d1bc  c034ad1be  800e3d1c0  0d1cbd1e4  0d1e5d210  c00fad214 
 80188d216  0d217d21c  c0198d227  801d8d229  0d233d261  c01e7d261  80200d278  0d27ad286 
 0d286d289  0d292676c  06773696b  0696f69d3  c021e69d4  8025969d6  069da69fc  069fd6a21 
 06a216a33  c02666a33  802736a35  c02756a36  802b26a38  c02b36a38  802cf6a3b  06a3c6a4b 
 c02d46a4d  803136a65  06a656a70  06a736a77  c031c6a78  803376a7a  06a7b6a7f  c033b6a7f 
 80350c9f1  c0353c9f3  8038dc9f6  c0391c9f9  8031f5f5a  05f5d5f62  c03255f62  8034b5f64 
 05f68672d  067336768  0676ad1b0  c0362d1b9  8037dd1bc  c0380d1be  805cad1c0  0d1cbd1e4 
 0d1e5d210  c05e1d214  8061fd216  0d219d264  0d265d273  c062ad273  80637d274  0d275d3fd 
 c063cd3fd  80649d3fe  0d3ffd403  0d403d406  c064ed406  804895f5a  05f5d5f62  c048f5f62 
 804b55f64  05f68672d  067336768  0676ad1b0  c04ccd1b9  804e7d1bc  c04ead1be  802aad1c0 
 0d1cbd1e4  0d1e5d210  c02c1d214  8034fd216  0d217d21c  c035fd227  8039fd229  0d233d261 
 c03aed261  803c7d278  0d27ad286  0d286d289  0d292676c  06773696b  0696f69d3  c03e569d4 
 8042069d6  069da69fc  069fd6a21  06a216a33  c042d6a33  8043a6a35  c043c6a36  804796a38 
 c047a6a38  804966a3b  06a3c6a4b  c049b6a4d  804da6a65  06a656a70  06a736a77  c04e36a78 
 804fe6a7a  06a7b6a7f  c05026a7f  80517c9f1  c051ac9f3  80554c9f6  c0558c9f9  8079e5f5a 
 05f5d5f62  c07a45f62  807ca5f64  05f68672d  067336768  0676ad1b0  c07e1d1b9  807fcd1bc 
 c07ffd1be  80248d1c0  0d1cbd1e4  0d1e5d210  c025fd214  8029dd216  0d219d264  0d265d273 
 c02a8d273  802b5d274  0d275d3fd  c02bad3fd  802c7d3fe  0d3ffd403  0d403d406  c02ccd406 
 806545f5a  05f5d5f62  c065a5f62  806805f64  05f68672d  067336768  0676ad1b0  c0697d1b9 
 806b2d1bc  c06b5d1be  80487d1c0  0d1cbd1e4  0d1e5d210  c049ed214  8052bd216  0d217d21c 
 c053bd227  8057bd229  0d233d261  c058ad261  805a3d278  0d27ad286  0d286d289  0d292676c 
 06773696b  0696f69d3  c05c169d4  805fc69d6  069da69fc  069fd6a21  06a216a33  c06096a33 
 806166a35  c06186a36  806556a38  c06566a38  806726a3b  06a3c6a4b  c06776a4d  806b66a65 
 06a656a70  06a736a77  c06bf6a78  806da6a7a  06a7b6a7f  c06de6a7f  806f3c9f1  c06f6c9f3 
 80730c9f6  c0734c9f9  8041d5f5a  05f5d5f62  c04235f62  804495f64  05f68672d  067336768 
 0676ad1b0  c0460d1b9  8047bd1bc  c047ed1be  806c9d1c0  0d1cbd1e4  0d1e5d210  c06e0d214 
 8071ed216  0d219d264  0d265d273  c0729d273  80736d274  0d275d3fd  c073bd3fd  80748d3fe 
 0d3ffd403  0d403d406  c074dd406  800315f5a  05f5d5f62  c00375f62  8005d5f64  05f68672d 
 067336768  0676ad1b0  c0074d1b9  8008fd1bc  c0092d1be  80637d1c0  0d1cbd1e4  0d1e5d210 
 c064ed214  806ddd216  0d217d21c  c06edd227  8073ed229  0d233d261  c074dd261  80766d278 
 0d27ad286  0d286d289  0d292676c  06773696b  0696f69d3  c078469d4  807c069d6  069da69fc 
 069fd6a21  06a216a33  c07cd6a33  807da6a35  c07dc6a36  800196a38  c001a6a38  800366a3b 
 06a3c6a4b  c003b6a4d  8007a6a65  06a656a70  06a736a77  c00836a78  8009e6a7a  06a7b6a7f 
 c00a26a7f  800b7c9f1  c00bac9f3  800f7c9f6  c00fbc9f9  8009c5f5a  05f5d5f62  c00a25f62 
 800c85f64  05f68672d  067336768  0676ad1b0  c00dfd1b9  800fad1bc  c00fdd1be  8036bd1c0 
 0d1cbd1e4  0d1e5d210  c0382d214  803c0d216  0d219d264  0d265d273  c03cbd273  803d8d274 
 0d275d3fd  c03ddd3fd  803ead3fe  0d3ffd403  0d403d406  c03efd406  801f55f5a  05f5d5f62 
 c01fb5f62  802215f64  05f68672d  067336768  0676ad1b0  c0238d1b9  80253d1bc  c0256d1be 
 807ffd1c0  0d1cbd1e4  0d1e5d210  c0016d214  800a4d216  0d217d21c  c00b4d227  800f4d229 
 0d233d261  c0103d261  8011cd278  0d27ad286  0d286d289  0d292676c  06773696b  0696f69d3 
 c013a69d4  8017569d6  069da69fc  069fd6a21  06a216a33  c01826a33  8018f6a35  c01916a36 
 801ce6a38  c01cf6a38  801eb6a3b  06a3c6a4b  c01f06a4d  802436a65  06a656a70  06a736a77 
 c024c6a78  802676a7a  06a7b6a7f  c026b6a7f  80280c9f1  c0283c9f3  802bec9f6  c02c2c9f9 
 805405f5a  05f5d5f62  c05465f62  8056c5f64  05f68672d  067336768  0676ad1b0  c0583d1b9 
 8059ed1bc  c05a1d1be  807ecd1c0  0d1cbd1e4  0d1e5d210  c0003d214  80041d216  0d219d264 
 0d265d273  c004cd273  80059d274  0d275d3fd  c005ed3fd  8006bd3fe  0d3ffd403  0d403d406 
 c0070d406  803bd5f5a  05f5d5f62  c03c35f62  803e95f64  05f68672d  067336768  0676ad1b0 
 c0400d1b9  8041bd1bc  c041ed1be  801c2d1c0  0d1cbd1e4  0d1e5d210  c01d9d214  80268d216 
 0d217d21c  c0278d227  802b8d229  0d233d261  c02c7d261  802e0d278  0d27ad286  0d286d289 
 0d292676c  06773696b  0696f69d3  c02fe69d4  8033969d6  069da69fc  069fd6a21  06a216a33 
 c03466a33  803536a35  c03556a36  803926a38  c03936a38  803af6a3b  06a3c6a4b  c03b46a4d 
 803f36a65  06a656a70  06a736a77  c03fc6a78  804176a7a  06a7b6a7f  c041b6a7f  80430c9f1 
 c0433c9f3  8046dc9f6  c0471c9f9  801bd5f5a  05f5d5f62  c01c35f62  801e95f64  05f68672d 
 067336768  0676ad1b0  c0200d1b9  8021bd1bc  c021ed1be  80467d1c0  0d1cbd1e4  0d1e5d210 
 c047ed214  804bcd216  0d219d264  0d265d273  c04c7d273  804d4d274  0d275d3fd  c04d9d3fd 
 804e6d3fe  0d3ffd403  0d403d406  c04ebd406  805695f5a  05f5d5f62  c056f5f62  805955f64 
 05f68672d  067336768  0676ad1b0  c05acd1b9  805c7d1bc  c05cad1be  8036ed1c0  0d1cbd1e4 
 0d1e5d210  c0385d214  80414d216  0d217d21c  c0424d227  80464d229  0d233d261  c0473d261 
 8048cd278  0d27ad286  0d286d289  0d292676c  06773696b  0696f69d3  c04aa69d4  804e569d6 
 069da69fc  069fd6a21  06a216a33  c04f26a33  804ff6a35  c05016a36  8053e6a38  c053f6a38 
 8055b6a3b  06a3c6a4b  c05606a4d  8059f6a65  06a656a70  06a736a77  c05a86a78  805c36a7a 
 06a7b6a7f  c05c76a7f  805dcc9f1  c05dfc9f3  80619c9f6  c061dc9f9  8063e5f5a  05f5d5f62 
 c06445f62  8066a5f64  05f68672d  067336768  0676ad1b0  c0681d1b9  8069cd1bc  c069fd1be 
 800e8d1c0  0d1cbd1e4  0d1e5d210  c00ffd214  8013dd216  0d219d264  0d265d273  c0148d273 
 80155d274  0d275d3fd  c015ad3fd  80167d3fe  0d3ffd403  0d403d406  c016cd406  807185f5a 
 05f5d5f62  c071e5f62  807445f64  05f68672d  067336768  0676ad1b0  c075bd1b9  80776d1bc 
 c0779d1be  8051bd1c0  0d1cbd1e4  0d1e5d210  c0532d214  805c0d216  0d217d21c  c05d0d227 
 80610d229  0d233d261  c061fd261  80638d278  0d27ad286  0d286d289  0d292676c  06773696b 
 0696f69d3  c065669d4  8069169d6  069da69fc  069fd6a21  06a216a33  c069e6a33  806ab6a35 
 c06ad6a36  806ea6a38  c06eb6a38  807076a3b  06a3c6a4b  c070c6a4d  8074b6a65  06a656a70 
 06a736a77  c07546a78  8076f6a7a  06a7b6a7f  c07736a7f  80788c9f1  c078bc9f3  807c5c9f6 
 c07c9c9f9  802bb5f5a  05f5d5f62  c02c15f62  802e75f64  05f68672d  067336768  0676ad1b0 
 c02fed1b9  80319d1bc  c031cd1be  80566d1c0  0d1cbd1e4  0d1e5d210  c057dd214  805bbd216 
 0d219d264  0d265d273  c05c6d273  805d3d274  0d275d3fd  c05d8d3fd  805e5d3fe  0d3ffd403 
 0d403d406  c05ead406  800c45f5a  05f5d5f62  c00ca5f62  800f05f64  05f68672d  067336768 
 0676ad1b0  c0107d1b9  80122d1bc  c0125d1be  806e2d1c0  0d1cbd1e4  0d1e5d210  c06f9d214 
 80787d216  0d217d21c  c0797d227  807d7d229  0d233d261  c07e6d261  807ffd278  0d27ad286 
 0d286d289  0d292676c  06773696b  0696f69d3  c001d69d4  8005869d6  069da69fc  069fd6a21 
 06a216a33  c00656a33  800726a35  c00746a36  800b16a38  c00b26a38  800ce6a3b  06a3c6a4b 
 c00d36a4d  801126a65  06a656a70  06a736a77  c011b6a78  801366a7a  06a7b6a7f  c013a6a7f 
 8014fc9f1  c0152c9f3  8018cc9f6  c0190c9f9  8073c5f5a  05f5d5f62  c07425f62  807685f64 
 05f68672d  067336768  0676ad1b0  c077fd1b9  8079ad1bc  c079dd1be  801e7d1c0  0d1cbd1e4 
 0d1e5d210  c01fed214  8023cd216  0d219d264  0d265d273  c0247d273  80254d274  0d275d3fd 
 c0259d3fd  80266d3fe  0d3ffd403  0d403d406  c026bd406  802885f5a  05f5d5f62  c028e5f62 
 802b45f64  05f68672d  067336768  0676ad1b0  c02cbd1b9  802e6d1bc  c02e9d1be  80085d1c0 
 0d1cbd1e4  0d1e5d210  c009cd214  8012ad216  0d217d21c  c013ad227  8017ad229  0d233d261 
 c0189d261  801a2d278  0d27ad286  0d286d289  0d292676c  06773696b  0696f69d3  c01c069d4 
 801fb69d6  069da69fc  069fd6a21  06a216a33  c02086a33  802156a35  c02176a36  802546a38 
 c02556a38  802716a3b  06a3c6a4b  c02766a4d  802b56a65  06a656a70  06a736a77  c02be6a78 
 802d96a7a  06a7b6a7f  c02dd6a7f  802f2c9f1  c02f5c9f3  8032fc9f6  c0333c9f9  803b05f5a 
 05f5d5f62  c03b65f62  803dc5f64  05f68672d  067336768  0676ad1b0  c03f3d1b9  8040ed1bc 
 c0411d1be  805b7d1c0  0d1cbd1e4  0d1e5d210  c05ced214  8060cd216  0d219d264  0d265d273 
 c0617d273  80624d274  0d275d3fd  c0629d3fd  80636d3fe  0d3ffd403  0d403d406  c063bd406 
 8042d5f5a  05f5d5f62  c04335f62  804595f64  05f68672d  067336768  0676ad1b0  c0470d1b9 
 8048bd1bc  c048ed1be  808415f5a  05f5d5f62  c08475f62  8086d5f64  05f68672d  067336768 
 0676ad1b0  c0884d1b9  8089fd1bc  c08a2d1be  80244d1c0  0d1cbd1e4  0d1e5d210  c025bd214 
 802e8d216  0d217d21c  c02f8d227  80b01d1c0  0d1cbd1e4  0d1e5d210  c0b18d214  80338d229 
 0d233d261  c0347d261  80b5fd216  90360d278  0d219d264  1d27ad286  0d265d273  1d286d289 
 c0b6ad273  1d292676c  80b77d274  16773696b  0d275d3fd  c0b7cd3fd  1696f69d3  d037f69d4 
 80b89d3fe  0d3ffd403  0d403d406  c0b8ed406  803ba69d6  069da69fc  069fd6a21  06a216a33 
 c03c76a33  803d46a35  c03d66a36  804126a38  c04136a38  8042f6a3b  06a3c6a4b  c04346a4d 
 804736a65  06a656a70  06a736a77  c047c6a78  804976a7a  06a7b6a7f  c049b6a7f  804b0c9f1 
 c04b3c9f3  804edc9f6  c04f1c9f9  804e05f5a  05f5d5f62  c04e65f62  8050c5f64  05f68672d 
 067336768  0676ad1b0  c0523d1b9  8053ed1bc  c0541d1be  80deb5f5a  05f5d5f62  c0df15f62 
 80e175f64  05f68672d  067336768  0676ad1b0  c0e2ed1b9  80e49d1bc  c0e4cd1be  8078ed1c0 
 0d1cbd1e4  0d1e5d210  c07a5d214  807e3d216  0d219d264  0d265d273  c07eed273  807fbd274 
 0d275d3fd  c0000d3fd  8000dd3fe  0d3ffd403  0d403d406  c0012d406  80c0ed1c0  0d1cbd1e4 
 0d1e5d210  c0c25d214  80cb3d216  0d217d21c  c0cc3d227  80d03d229  0d233d261  c0d12d261 
 80d2bd278  0d27ad286  0d286d289  0d292676c  06773696b  0696f69d3  c0d4969d4  80d8469d6 
 069da69fc  069fd6a21  06a216a33  c0d916a33  80d9e6a35  c0da06a36  80ddc6a38  c0ddd6a38 
 80df96a3b  06a3c6a4b  c0dfe6a4d  80e3d6a65  06a656a70  06a736a77  c0e466a78  80e616a7a 
 06a7b6a7f  c0e656a7f  80e7ac9f1  c0e7dc9f3  80eb7c9f6  c0ebbc9f9  801615f5a  05f5d5f62 
 c01675f62  8018d5f64  05f68672d  067336768  0676ad1b0  c01a4d1b9  801bfd1bc  c01c2d1be 
 8040cd1c0  0d1cbd1e4  0d1e5d210  c0423d214  80461d216  0d219d264  0d265d273  c046cd273 
 80479d274  0d275d3fd  c047ed3fd  8048bd3fe  0d3ffd403  0d403d406  c0490d406  807b35f5a 
 05f5d5f62  c07b95f62  807df5f64  05f68672d  067336768  0676ad1b0  c07f6d1b9  80011d1bc 
 c0014d1be  805b6d1c0  0d1cbd1e4  0d1e5d210  c05cdd214  80698d216  0d217d21c  c06a8d227 
 806e9d229  0d233d261  c06f8d261  80711d278  0d27ad286  0d286d289  0d292676c  06773696b 
 0696f69d3  c072f69d4  8076b69d6  069da69fc  069fd6a21  06a216a33  c07786a33  807856a35 
 c07876a36  807c46a38  c07c56a38  807e16a3b  06a3c6a4b  c07e66a4d  800256a65  06a656a70 
 06a736a77  c002e6a78  800496a7a  06a7b6a7f  c004d6a7f  80062c9f1  c0065c9f3  800a2c9f6 
 c00a6c9f9  805de5f5a  05f5d5f62  c05e45f62  8060a5f64  05f68672d  067336768  0676ad1b0 
 c0621d1b9  8063cd1bc  c063fd1be  8008ad1c0  0d1cbd1e4  0d1e5d210  c00a1d214  800dfd216 
 0d219d264  0d265d273  c00ead273  800f7d274  0d275d3fd  c00fcd3fd  80109d3fe  0d3ffd403 
 0d403d406  c010ed406  8019a5f5a  05f5d5f62  c01a05f62  801c65f64  05f68672d  067336768 
 0676ad1b0  c01ddd1b9  801f8d1bc  c01fbd1be  807a0d1c0  0d1cbd1e4  0d1e5d210  c07b7d214 
 80046d216  0d217d21c  c0056d227  80096d229  0d233d261  c00a5d261  800bed278  0d27ad286 
 0d286d289  0d292676c  06773696b  0696f69d3  c00dc69d4  8011769d6  069da69fc  069fd6a21 
 06a216a33  c01246a33  801316a35  c01336a36  801946a38  c01956a38  801b16a3b  06a3c6a4b 
 c01b66a4d  801f56a65  06a656a70  06a736a77  c01fe6a78  802196a7a  06a7b6a7f  c021d6a7f 
 80232c9f1  c0235c9f3  8026fc9f6  c0273c9f9  8025f5f5a  05f5d5f62  c02655f62  8028b5f64 
 05f68672d  067336768  0676ad1b0  c02a2d1b9  802bdd1bc  c02c0d1be  8050bd1c0  0d1cbd1e4 
 0d1e5d210  c0522d214  80566d216  0d219d264  0d265d273  c0571d273  8057ed274  0d275d3fd 
 c0583d3fd  80590d3fe  0d3ffd403  0d403d406  c0595d406  803705f5a  05f5d5f62  c03765f62 
 8039c5f64  05f68672d  067336768  0676ad1b0  c03b3d1b9  803ced1bc  c03d1d1be  80174d1c0 
 0d1cbd1e4  0d1e5d210  c018bd214  80219d216  0d217d21c  c0229d227  80269d229  0d233d261 
 c0278d261  80292d278  0d27ad286  0d286d289  0d292676c  06773696b  0696f69d3  c02b069d4 
 802eb69d6  069da69fc  069fd6a21  06a216a33  c02f86a33  803056a35  c03076a36  803436a38 
 c03446a38  803606a3b  06a3c6a4b  c03656a4d  803a46a65  06a656a70  06a736a77  c03ad6a78 
 803c86a7a  06a7b6a7f  c03cc6a7f  803e1c9f1  c03e4c9f3  8041ec9f6  c0422c9f9  806e55f5a 
 05f5d5f62  c06eb5f62  807115f64  05f68672d  067336768  0676ad1b0  c0728d1b9  80743d1bc 
 c0746d1be  8018fd1c0  0d1cbd1e4  0d1e5d210  c01a6d214  801e4d216  0d219d264  0d265d273 
 c01efd273  801fcd274  0d275d3fd  c0201d3fd  8020ed3fe  0d3ffd403  0d403d406  c0213d406 
 8051a5f5a  05f5d5f62  c05205f62  805465f64  05f68672d  067336768  0676ad1b0  c055dd1b9 
 80578d1bc  c057bd1be  8031dd1c0  0d1cbd1e4  0d1e5d210  c0334d214  803c2d216  0d217d21c 
 c03d2d227  80412d229  0d233d261  c0421d261  8043ad278  0d27ad286  0d286d289  0d292676c 
 06773696b  0696f69d3  c045869d4  8049369d6  069da69fc  069fd6a21  06a216a33  c04a06a33 
 804ad6a35  c04af6a36  804ec6a38  c04ed6a38  805096a3b  06a3c6a4b  c050e6a4d  8054d6a65 
 06a656a70  06a736a77  c05566a78  805716a7a  06a7b6a7f  c05756a7f  8058ac9f1  c058dc9f3 
 805c7c9f6  c05cbc9f9  803645f5a  05f5d5f62  c036a5f62  803905f64  05f68672d  067336768 
 0676ad1b0  c03a7d1b9  803c2d1bc  c03c5d1be  80610d1c0  0d1cbd1e4  0d1e5d210  c0627d214 
 80665d216  0d219d264  0d265d273  c0670d273  8067dd274  0d275d3fd  c0682d3fd  8068fd3fe 
 0d3ffd403  0d403d406  c0694d406  806c45f5a  05f5d5f62  c06ca5f62  806f05f64  05f68672d 
 067336768  0676ad1b0  c0707d1b9  80722d1bc  c0725d1be  804cbd1c0  0d1cbd1e4  0d1e5d210 
 c04e2d214  80571d216  0d217d21c  c0581d227  805c1d229  0d233d261  c05d0d261  805e9d278 
 0d27ad286  0d286d289  0d292676c  06773696b  0696f69d3  c060769d4  8064269d6  069da69fc 
 069fd6a21  06a216a33  c064f6a33  8065c6a35  c065e6a36  8069b6a38  c069c6a38  806b86a3b 
 06a3c6a4b  c06bd6a4d  806fc6a65  06a656a70  06a736a77  c07056a78  807206a7a  06a7b6a7f 
 c07246a7f  80739c9f1  c073cc9f3  80776c9f6  c077ac9f9  807e35f5a  05f5d5f62  c07e95f62 
 8000f5f64  05f68672d  067336768  0676ad1b0  c0026d1b9  80041d1bc  c0044d1be  8028ed1c0 
 0d1cbd1e4  0d1e5d210  c02a5d214  802e3d216  0d219d264  0d265d273  c02eed273  802fbd274 
 0d275d3fd  c0300d3fd  8030dd3fe  0d3ffd403  0d403d406  c0312d406  800755f5a  05f5d5f62 
 c007b5f62  800a15f64  05f68672d  067336768  0676ad1b0  c00b8d1b9  800d3d1bc  c00d6d1be 
 8067ad1c0  0d1cbd1e4  0d1e5d210  c0691d214  80720d216  0d217d21c  c0730d227  80770d229 
 0d233d261  c077fd261  80799d278  0d27ad286  0d286d289  0d292676c  06773696b  0696f69d3 
 c07b769d4  807f269d6  069da69fc  069fd6a21  06a216a33  c07ff6a33  8000c6a35  c000e6a36 
 8004a6a38  c004b6a38  800676a3b  06a3c6a4b  c006c6a4d  800ab6a65  06a656a70  06a736a77 
 c00b46a78  800cf6a7a  06a7b6a7f  c00d36a7f  800e8c9f1  c00ebc9f3  80125c9f6  c0129c9f9 
 804625f5a  05f5d5f62  c04685f62  8048e5f64  05f68672d  067336768  0676ad1b0  c04a5d1b9 
 804c0d1bc  c04c3d1be  8070cd1c0  0d1cbd1e4  0d1e5d210  c0723d214  80761d216  0d219d264 
 0d265d273  c076cd273  80779d274  0d275d3fd  c077ed3fd  8078bd3fe  0d3ffd403  0d403d406 
 c0790d406  802265f5a  05f5d5f62  c022c5f62  802525f64  05f68672d  067336768  0676ad1b0 
 c0269d1b9  80284d1bc  c0287d1be  80038d1c0  0d1cbd1e4  0d1e5d210  c004fd214  800ded216 
 0d217d21c  c00eed227  8012ed229  0d233d261  c013dd261  80156d278  0d27ad286  0d286d289 
 0d292676c  06773696b  0696f69d3  c017469d4  801af69d6  069da69fc  069fd6a21  06a216a33 
 c01bc6a33  801c96a35  c01cb6a36  802086a38  c02096a38  802256a3b  06a3c6a4b  c022a6a4d 
 802696a65  06a656a70  06a736a77  c02726a78  8028d6a7a  06a7b6a7f  c02916a7f  802a6c9f1 
 c02a9c9f3  802e3c9f6  c02e7c9f9  800e15f5a  05f5d5f62  c00e75f62  8010d5f64  05f68672d 
 067336768  0676ad1b0  c0124d1b9  8013fd1bc  c0142d1be  803abd1c0  0d1cbd1e4  0d1e5d210 
 c03c2d214  80400d216  0d219d264  0d265d273  c040bd273  80418d274  0d275d3fd  c041dd3fd 
 8042ad3fe  0d3ffd403  0d403d406  c042fd406  803e05f5a  05f5d5f62  c03e65f62  8040c5f64 
 05f68672d  067336768  0676ad1b0  c0423d1b9  8043ed1bc  c0441d1be  80201d1c0  0d1cbd1e4 
 0d1e5d210  c0218d214  802a5d216  0d217d21c  c02b5d227  802f5d229  0d233d261  c0304d261 
 8031dd278  0d27ad286  0d286d289  0d292676c  06773696b  0696f69d3  c033b69d4  8037669d6 
 069da69fc  069fd6a21  06a216a33  c03836a33  803906a35  c03926a36  803cf6a38  c03d06a38 
 803ec6a3b  06a3c6a4b  c03f16a4d  804306a65  06a656a70  06a736a77  c04396a78  804546a7a 
 06a7b6a7f  c04586a7f  8046dc9f1  c0470c9f3  804aac9f6  c04aec9f9  8057c5f5a  05f5d5f62 
 c05825f62  805a85f64  05f68672d  067336768  0676ad1b0  c05bfd1b9  805dad1bc  c05ddd1be 
 80026d1c0  0d1cbd1e4  0d1e5d210  c003dd214  8007bd216  0d219d264  0d265d273  c0086d273 
 80093d274  0d275d3fd  c0098d3fd  800a5d3fe  0d3ffd403  0d403d406  c00aad406  805ab5f5a 
 05f5d5f62  c05b15f62  805d75f64  05f68672d  067336768  0676ad1b0  c05eed1b9  80609d1bc 
 c060cd1be  803cad1c0  0d1cbd1e4  0d1e5d210  c03e1d214  8046fd216  0d217d21c  c047fd227 
 804bfd229  0d233d261  c04ced261  804e8d278  0d27ad286  0d286d289  0d292676c  06773696b 
 0696f69d3  c050669d4  8054169d6  069da69fc  069fd6a21  06a216a33  c054e6a33  8055b6a35 
 c055d6a36  805996a38  c059a6a38  805b66a3b  06a3c6a4b  c05bb6a4d  805fa6a65  06a656a70 
 06a736a77  c06036a78  8061e6a7a  06a7b6a7f  c06226a7f  80637c9f1  c063ac9f3  80674c9f6 
 c0678c9f9  801fb5f5a  05f5d5f62  c02015f62  802275f64  05f68672d  067336768  0676ad1b0 
 c023ed1b9  80259d1bc  c025cd1be  804a7d1c0  0d1cbd1e4  0d1e5d210  c04bed214  804fcd216 
 0d219d264  0d265d273  c0507d273  80514d274  0d275d3fd  c0519d3fd  80526d3fe  0d3ffd403 
 0d403d406  c052bd406  807735f5a  05f5d5f62  c07795f62  8079f5f64  05f68672d  067336768 
 0676ad1b0  c07b6d1b9  807d1d1bc  c07d4d1be  80576d1c0  0d1cbd1e4  0d1e5d210  c058dd214 
 8064ad216  0d217d21c  c065ad227  8069ad229  0d233d261  c06a9d261  806c2d278  0d27ad286 
 0d286d289  0d292676c  06773696b  0696f69d3  c06e069d4  8071c69d6  069da69fc  069fd6a21 
 06a216a33  c07296a33  807366a35  c07386a36  807756a38  c07766a38  807926a3b  06a3c6a4b 
 c07976a4d  807d66a65  06a656a70  06a736a77  c07df6a78  807fa6a7a  06a7b6a7f  c07fe6a7f 
 80013c9f1  c0016c9f3  80050c9f6  c0054c9f9  8067a5f5a  05f5d5f62  c06805f62  806a65f64 
 05f68672d  067336768  0676ad1b0  c06bdd1b9  806d8d1bc  c06dbd1be  80125d1c0  0d1cbd1e4 
 0d1e5d210  c013cd214  8017ad216  0d219d264  0d265d273  c0185d273  80192d274  0d275d3fd 
 c0197d3fd  801a4d3fe  0d3ffd403  0d403d406  c01a9d406  8014e5f5a  05f5d5f62  c01545f62 
 8017a5f64  05f68672d  067336768  0676ad1b0  c0191d1b9  801acd1bc  c01afd1be  80753d1c0 
 0d1cbd1e4  0d1e5d210  c076ad214  807f8d216  0d217d21c  c0008d227  80049d229  0d233d261 
 c0058d261  80071d278  0d27ad286  0d286d289  0d292676c  06773696b  0696f69d3  c008f69d4 
 800de69d6  069da69fc  069fd6a21  06a216a33  c00eb6a33  800f86a35  c00fa6a36  801366a38 
 c01376a38  801536a3b  06a3c6a4b  c01586a4d  801976a65  06a656a70  06a736a77  c01a06a78 
 801bb6a7a  06a7b6a7f  c01bf6a7f  801d4c9f1  c01d7c9f3  80211c9f6  c0215c9f9  802f95f5a 
 05f5d5f62  c02ff5f62  803255f64  05f68672d  067336768  0676ad1b0  c033cd1b9  80357d1bc 
 c035ad1be  805a3d1c0  0d1cbd1e4  0d1e5d210  c05bad214  805f8d216  0d219d264  0d265d273 
 c0603d273  80610d274  0d275d3fd  c0615d3fd  80622d3fe  0d3ffd403  0d403d406  c0627d406 
 8030d5f5a  05f5d5f62  c03135f62  803395f64  05f68672d  067336768  0676ad1b0  c0350d1b9 
 8036bd1bc  c036ed1be  80112d1c0  0d1cbd1e4  0d1e5d210  c0129d214  801b8d216  0d217d21c 
 c01c8d227  80208d229  0d233d261  c0217d261  80230d278  0d27ad286  0d286d289  0d292676c 
 06773696b  0696f69d3  c024e69d4  8028969d6  069da69fc  069fd6a21  06a216a33  c02966a33 
 802a36a35  c02a56a36  802e26a38  c02e36a38  802ff6a3b  06a3c6a4b  c03046a4d  803436a65 
 06a656a70  06a736a77  c034c6a78  803676a7a  06a7b6a7f  c036b6a7f  80380c9f1  c0383c9f3 
 803dcc9f6  c03e0c9f9  807785f5a  05f5d5f62  c077e5f62  807a45f64  05f68672d  067336768 
 0676ad1b0  c07bbd1b9  807d6d1bc  c07d9d1be  80224d1c0  0d1cbd1e4  0d1e5d210  c023bd214 
 80279d216  0d219d264  0d265d273  c0284d273  80291d274  0d275d3fd  c0296d3fd  802a3d3fe 
 0d3ffd403  0d403d406  c02a8d406  804be5f5a  05f5d5f62  c04c45f62  804ea5f64  05f68672d 
 067336768  0676ad1b0  c0501d1b9  8051cd1bc  c051fd1be  802c2d1c0  0d1cbd1e4  0d1e5d210 
 c02d9d214  80367d216  0d217d21c  c0377d227  803b7d229  0d233d261  c03c6d261  803e0d278 
 0d27ad286  0d286d289  0d292676c  06773696b  0696f69d3  c03fe69d4  8043969d6  069da69fc 
 069fd6a21  06a216a33  c04466a33  804536a35  c04556a36  804916a38  c04926a38  804ae6a3b 
 06a3c6a4b  c04b36a4d  804f26a65  06a656a70  06a736a77  c04fb6a78  805166a7a  06a7b6a7f 
 c051a6a7f  8052fc9f1  c0532c9f3  8056cc9f6  c0570c9f9  803f75f5a  05f5d5f62  c03fd5f62 
 804235f64  05f68672d  067336768  0676ad1b0  c043ad1b9  80455d1bc  c0458d1be  806a2d1c0 
 0d1cbd1e4  0d1e5d210  c06b9d214  806f7d216  0d219d264  0d265d273  c0702d273  8070fd274 
 0d275d3fd  c0714d3fd  80721d3fe  0d3ffd403  0d403d406  c0726d406  806685f5a  05f5d5f62 
 c066e5f62  806945f64  05f68672d  067336768  0676ad1b0  c06abd1b9  806c6d1bc  c06c9d1be 
 8046dd1c0  0d1cbd1e4  0d1e5d210  c0484d214  80513d216  0d217d21c  c0523d227  80563d229 
 0d233d261  c0572d261  8058bd278  0d27ad286  0d286d289  0d292676c  06773696b  0696f69d3 
 c05a969d4  805e469d6  069da69fc  069fd6a21  06a216a33  c05f16a33  805fe6a35  c06006a36 
 8063d6a38  c063e6a38  8065a6a3b  06a3c6a4b  c065f6a4d  8069e6a65  06a656a70  06a736a77 
 c06a76a78  806c26a7a  06a7b6a7f  c06c66a7f  806dbc9f1  c06dec9f3  80718c9f6  c071cc9f9 
</WF>
</TDUMP>
